#-----------------------------------------------------------
# Vivado v2015.4 (64-bit)
# SW Build 1412921 on Wed Nov 18 09:43:45 MST 2015
# IP Build 1412160 on Tue Nov 17 13:47:24 MST 2015
# Start of session at: Mon Apr 10 07:52:18 2017
# Process ID: 1688
# Current directory: C:/axis_tut/project_1
# Command line: vivado.exe -gui_launcher_event rodinguilauncherevent5236 C:\axis_tut\project_1\project_1.xpr
# Log file: C:/axis_tut/project_1/vivado.log
# Journal file: C:/axis_tut/project_1\vivado.jou
#-----------------------------------------------------------
start_gui
open_project C:/axis_tut/project_1/project_1.xpr
Scanning sources...
Finished scanning sources
WARNING: [filemgmt 56-3] IP Repository Path: Could not find the directory 'C:/axis_tut/ip_repo/inverse_color_1.0'.
INFO: [IP_Flow 19-234] Refreshing IP repositories
WARNING: [IP_Flow 19-2248] Failed to load user IP repository 'c:/axis_tut/ip_repo/inverse_color_1.0'; Can't find the specified path.
If this directory should no longer be in your list of user repositories, go to the IP Settings dialog and remove it.
INFO: [IP_Flow 19-2313] Loaded Vivado IP repository 'C:/Xilinx/Vivado/2015.4/data/ip'.
open_project: Time (s): cpu = 00:00:17 ; elapsed = 00:00:09 . Memory (MB): peak = 792.082 ; gain = 218.012
create_peripheral xilinx.com user inverse_color 1.0 -dir C:/axis_tut/ip_repo
add_peripheral_interface S00_AXIS -interface_mode slave -axi_type stream [ipx::find_open_core xilinx.com:user:inverse_color:1.0]
add_peripheral_interface M00_AXIS -interface_mode master -axi_type stream [ipx::find_open_core xilinx.com:user:inverse_color:1.0]
generate_peripheral [ipx::find_open_core xilinx.com:user:inverse_color:1.0]
write_peripheral [ipx::find_open_core xilinx.com:user:inverse_color:1.0]
set_property  ip_repo_paths  {C:/axis_tut/ip_repo/inverse_color_1.0 C:/axis_tut/ip_repo/inverse_color_1.0} [current_project]
update_ip_catalog -rebuild
INFO: [IP_Flow 19-234] Refreshing IP repositories
INFO: [IP_Flow 19-1700] Loaded user IP repository 'c:/axis_tut/ip_repo/inverse_color_1.0'.
WARNING: [IP_Flow 19-2207] Repository 'c:/axis_tut/ip_repo/inverse_color_1.0' already exists; ignoring attempt to add it again.
INFO: [IP_Flow 19-1700] Loaded user IP repository 'c:/axis_tut/ip_repo/inverse_color_1.0'.
ipx::edit_ip_in_project -upgrade true -name edit_inverse_color_v1_0 -directory C:/axis_tut/ip_repo c:/axis_tut/ip_repo/inverse_color_1.0/component.xml
INFO: [IP_Flow 19-234] Refreshing IP repositories
INFO: [IP_Flow 19-1704] No user IP repositories specified
INFO: [IP_Flow 19-2313] Loaded Vivado IP repository 'C:/Xilinx/Vivado/2015.4/data/ip'.
INFO: [IP_Flow 19-234] Refreshing IP repositories
INFO: [IP_Flow 19-1700] Loaded user IP repository 'c:/axis_tut/ip_repo/inverse_color_1.0'.
WARNING: [IP_Flow 19-2207] Repository 'c:/axis_tut/ip_repo/inverse_color_1.0' already exists; ignoring attempt to add it again.
INFO: [IP_Flow 19-1700] Loaded user IP repository 'c:/axis_tut/ip_repo/inverse_color_1.0'.
INFO: [IP_Flow 19-795] Syncing license key meta-data
INFO: [IP_Flow 19-793] Syncing display name meta-data
INFO: [IP_Flow 19-798] Syncing taxonomy meta-data
ipx::edit_ip_in_project: Time (s): cpu = 00:00:13 ; elapsed = 00:00:06 . Memory (MB): peak = 801.133 ; gain = 4.742
update_compile_order -fileset sim_1
remove_files {c:/axis_tut/ip_repo/inverse_color_1.0/hdl/inverse_color_v1_0_S00_AXIS.vhd c:/axis_tut/ip_repo/inverse_color_1.0/hdl/inverse_color_v1_0_M00_AXIS.vhd}
file mkdir C:/axis_tut/ip_repo/edit_inverse_color_v1_0.srcs/sources_1/new
close [ open c:/axis_tut/ip_repo/edit_inverse_color_v1_0.srcs/sources_1/new/inverse_color.vhd w ]
add_files c:/axis_tut/ip_repo/edit_inverse_color_v1_0.srcs/sources_1/new/inverse_color.vhd
update_compile_order -fileset sources_1
set_property core_revision 2 [ipx::current_core]
ipx::create_xgui_files [ipx::current_core]
ipx::update_checksums [ipx::current_core]
ipx::save_core [ipx::current_core]
close_project -delete
****** Webtalk v2015.4 (64-bit)
  **** SW Build 1412921 on Wed Nov 18 09:43:45 MST 2015
  **** IP Build 1412160 on Tue Nov 17 13:47:24 MST 2015
    ** Copyright 1986-2015 Xilinx, Inc. All Rights Reserved.

source c:/axis_tut/ip_repo/edit_inverse_color_v1_0.hw/webtalk/labtool_webtalk.tcl -notrace
INFO: [Common 17-206] Exiting Webtalk at Mon Apr 10 07:54:29 2017...
update_ip_catalog -rebuild -repo_path c:/axis_tut/ip_repo/inverse_color_1.0
INFO: [IP_Flow 19-725] Reloaded user IP repository 'c:/axis_tut/ip_repo/inverse_color_1.0'
exit
INFO: [Common 17-206] Exiting Vivado at Mon Apr 10 07:54:35 2017...
