#
# A fatal error has been detected by the Java Runtime Environment:
#
#  EXCEPTION_UNCAUGHT_CXX_EXCEPTION (0xe06d7363) at pc=0x00007ffe326e7788, pid=1496, tid=5248
#
# JRE version: Java(TM) SE Runtime Environment (8.0_45-b15) (build 1.8.0_45-b15)
# Java VM: Java HotSpot(TM) 64-Bit Server VM (25.45-b02 mixed mode windows-amd64 compressed oops)
# Problematic frame:
# C  [KERNELBASE.dll+0x17788]
#
# Failed to write core dump. Minidumps are not enabled by default on client versions of Windows
#
# If you would like to submit a bug report, please visit:
#   http://bugreport.java.com/bugreport/crash.jsp
#

---------------  T H R E A D  ---------------

Current thread (0x0000000013bd7000):  VMThread [stack: 0x0000000014c70000,0x0000000014d70000] [id=5248]

siginfo: ExceptionCode=0xe06d7363, ExceptionInformation=0x0000000019930520 0x0000000014d6f448 0x00007ffe096b2cb8 0x00007ffe09600000 

Registers:
RAX=0x004c0044002e006c, RBX=0x00007ffe096b2cb8, RCX=0x000000000000004c, RDX=0x0000000000000000
RSP=0x0000000014d6f290, RBP=0x0000000014d6f3d0, RSI=0x00000000ffffffff, RDI=0x000000001a8f6ab0
R8 =0x0000000000000000, R9 =0x0000000000000000, R10=0x0000000000000000, R11=0x0000000000000000
R12=0x0000000000000001, R13=0x0000000000000008, R14=0x0000000000000000, R15=0xffffffffffffffff
RIP=0x00007ffe326e7788, EFLAGS=0x0000000000000202

Top of Stack: (sp=0x0000000014d6f290)
0x0000000014d6f290:   0000000000000000 00007ffe096b2cb8
0x0000000014d6f2a0:   00000000ffffffff 000000001a8f6ab0
0x0000000014d6f2b0:   00000001e06d7363 0000000000000000
0x0000000014d6f2c0:   00007ffe326e7788 0000000000000004
0x0000000014d6f2d0:   0000000019930520 0000000014d6f448
0x0000000014d6f2e0:   00007ffe096b2cb8 00007ffe09600000
0x0000000014d6f2f0:   0000000000000008 0000000000000001
0x0000000014d6f300:   000000001a8f6ab0 00000000ffffffff
0x0000000014d6f310:   0000000014d6f3d0 00007ffe3611c26f
0x0000000014d6f320:   0000000014d6f3e0 0000000000000000
0x0000000014d6f330:   0000a9b10811245d 0000000000000001
0x0000000014d6f340:   00007ffe096c9000 00007ffe09600000
0x0000000014d6f350:   00006861a49eb793 000000000000003f
0x0000000014d6f360:   00007ffe096b2cb8 00007ffe0965e92c
0x0000000014d6f370:   000000000000001f 0000000000000008
0x0000000014d6f380:   0000000000000001 000000001a8f6ab0 

Instructions: (pc=0x00007ffe326e7788)
0x00007ffe326e7768:   49 8b d1 44 0f 47 c0 44 89 44 24 38 49 c1 e0 03
0x00007ffe326e7778:   e8 07 55 06 00 48 8d 4c 24 20 ff 15 e0 08 13 00
0x00007ffe326e7788:   48 8b 8c 24 c0 00 00 00 48 33 cc e8 98 1a 06 00
0x00007ffe326e7798:   48 81 c4 d8 00 00 00 c3 83 64 24 38 00 eb d6 cc 


Register to memory mapping:

RAX=0x004c0044002e006c is an unknown value
RBX=0x00007ffe096b2cb8 is an unknown value
RCX=0x000000000000004c is an unknown value
RDX=0x0000000000000000 is an unknown value
RSP=0x0000000014d6f290 is an unknown value
RBP=0x0000000014d6f3d0 is an unknown value
RSI=0x00000000ffffffff is an unknown value
RDI=0x000000001a8f6ab0 is an unknown value
R8 =0x0000000000000000 is an unknown value
R9 =0x0000000000000000 is an unknown value
R10=0x0000000000000000 is an unknown value
R11=0x0000000000000000 is an unknown value
R12=0x0000000000000001 is an unknown value
R13=0x0000000000000008 is an unknown value
R14=0x0000000000000000 is an unknown value
R15=0xffffffffffffffff is an unknown value


Stack: [0x0000000014c70000,0x0000000014d70000],  sp=0x0000000014d6f290,  free space=1020k
Native frames: (J=compiled Java code, j=interpreted, Vv=VM code, C=native code)
C  [KERNELBASE.dll+0x17788]
C  [MSVCR110.dll+0x5e92c]
C  [MSVCR110.dll+0x1315c]
C  [MSVCR110.dll+0x136a9]
C  [MSVCR110.dll+0x13e9c]
C  [MSVCR110.dll+0x239e]
C  [MSVCR110.dll+0xaf9e]
C  [MSVCP110.dll+0x397b9]
C  [librdi_common.dll+0x14283e]
C  [librdi_common.dll+0x141449]
C  0x00007ffe204c2400
C  0x00007ffe204c2682
C  [ntdll.dll+0x2a35f]
C  [ntdll.dll+0x806b]
C  [ntdll.dll+0x7d94]
C  [KERNEL32.DLL+0x1ce6a]
C  [MSVCR100.dll+0x20ccd]
V  [jvm.dll+0x20f135]
V  [jvm.dll+0x247ef7]
V  [jvm.dll+0x247196]
V  [jvm.dll+0x247631]
V  [jvm.dll+0x24784e]
V  [jvm.dll+0x29853a]
C  [MSVCR100.dll+0x21d9f]
C  [MSVCR100.dll+0x21e3b]
C  [KERNEL32.DLL+0x8364]
C  [ntdll.dll+0x670d1]

VM_Operation (0x000000000014f500): Exit, mode: safepoint, requested by thread 0x00000000004be000


---------------  P R O C E S S  ---------------

Java Threads: ( => current thread )
  0x0000000019dd4800 JavaThread "pool-2-thread-2" [_thread_blocked, id=4752, stack(0x000000002acf0000,0x000000002adf0000)]
  0x0000000019dd3000 JavaThread "pool-2-thread-1" [_thread_blocked, id=3796, stack(0x0000000029bf0000,0x0000000029cf0000)]
  0x0000000020867000 JavaThread "Thread-18" daemon [_thread_blocked, id=7996, stack(0x00000000279f0000,0x0000000027af0000)]
  0x0000000020861000 JavaThread "TCF Locator DNS Lookup" daemon [_thread_blocked, id=1308, stack(0x00000000236e0000,0x00000000237e0000)]
  0x0000000020860000 JavaThread "TCF Locator Timer" daemon [_thread_blocked, id=964, stack(0x00000000235e0000,0x00000000236e0000)]
  0x000000002085c800 JavaThread "TCF Locator Receiver" daemon [_thread_in_native, id=7388, stack(0x00000000234e0000,0x00000000235e0000)]
  0x00000000176dd000 JavaThread "TCF Timer Dispatcher" daemon [_thread_blocked, id=7720, stack(0x00000000232e0000,0x00000000233e0000)]
  0x000000001626d800 JavaThread "EMF Reference Cleaner" daemon [_thread_blocked, id=4376, stack(0x0000000018a40000,0x0000000018b40000)]
  0x00000000154a2800 JavaThread "Service Thread" daemon [_thread_blocked, id=6088, stack(0x0000000015870000,0x0000000015970000)]
  0x0000000013c16800 JavaThread "C1 CompilerThread2" daemon [_thread_blocked, id=8248, stack(0x0000000015370000,0x0000000015470000)]
  0x0000000013c12800 JavaThread "C2 CompilerThread1" daemon [_thread_blocked, id=7812, stack(0x0000000015270000,0x0000000015370000)]
  0x0000000013c10000 JavaThread "C2 CompilerThread0" daemon [_thread_blocked, id=4552, stack(0x0000000015170000,0x0000000015270000)]
  0x0000000013c0c800 JavaThread "Attach Listener" daemon [_thread_blocked, id=8, stack(0x0000000015070000,0x0000000015170000)]
  0x0000000013c0b800 JavaThread "Signal Dispatcher" daemon [_thread_blocked, id=8544, stack(0x0000000014f70000,0x0000000015070000)]
  0x00000000027e7000 JavaThread "Finalizer" daemon [_thread_blocked, id=1456, stack(0x0000000014e70000,0x0000000014f70000)]
  0x00000000027de800 JavaThread "Reference Handler" daemon [_thread_blocked, id=2784, stack(0x0000000014d70000,0x0000000014e70000)]
  0x00000000004be000 JavaThread "main" [_thread_blocked, id=8000, stack(0x0000000000050000,0x0000000000150000)]

Other Threads:
=>0x0000000013bd7000 VMThread [stack: 0x0000000014c70000,0x0000000014d70000] [id=5248]

VM state:at safepoint (shutting down)

VM Mutex/Monitor currently owned by a thread:  ([mutex/lock_event])
[0x00000000004bd840] Threads_lock - owner thread: 0x0000000013bd7000

Heap:
 PSYoungGen      total 173056K, used 65103K [0x00000000f5580000, 0x0000000100000000, 0x0000000100000000)
  eden space 172544K, 37% used [0x00000000f5580000,0x00000000f9493ef0,0x00000000ffe00000)
  from space 512K, 100% used [0x00000000fff80000,0x0000000100000000,0x0000000100000000)
  to   space 1024K, 0% used [0x00000000ffe00000,0x00000000ffe00000,0x00000000fff00000)
 ParOldGen       total 88576K, used 37054K [0x00000000e0000000, 0x00000000e5680000, 0x00000000f5580000)
  object space 88576K, 41% used [0x00000000e0000000,0x00000000e242fb18,0x00000000e5680000)
 Metaspace       used 79709K, capacity 86406K, committed 86656K, reserved 1124352K
  class space    used 9845K, capacity 12022K, committed 12160K, reserved 1048576K

Card table byte_map: [0x0000000011bb0000,0x0000000011cc0000] byte_map_base: 0x00000000114b0000

Marking Bits: (ParMarkBitMap*) 0x000000006c694040
 Begin Bits: [0x0000000012170000, 0x0000000012970000)
 End Bits:   [0x0000000012970000, 0x0000000013170000)

Polling page: 0x00000000004a0000

CodeCache: size=245760Kb used=30239Kb max_used=30262Kb free=215520Kb
 bounds [0x00000000027f0000, 0x00000000045c0000, 0x00000000117f0000]
 total_blobs=9374 nmethods=8529 adapters=753
 compilation: enabled

Compilation events (10 events):
Event: 28157.436 Thread 0x0000000013c12800 10713       4       java.io.File::exists (43 bytes)
Event: 28157.442 Thread 0x0000000013c12800 nmethod 10713 0x0000000004307610 code [0x0000000004307760, 0x0000000004307968]
Event: 28157.537 Thread 0x0000000013c16800 10714   !   3       org.eclipse.osgi.internal.baseadaptor.BaseStorage::compact (215 bytes)
Event: 28157.540 Thread 0x0000000013c16800 nmethod 10714 0x00000000045a75d0 code [0x00000000045a7a20, 0x00000000045a9ee8]
Event: 28157.553 Thread 0x0000000013c10000 10715       4       java.io.File::<init> (113 bytes)
Event: 28157.739 Thread 0x0000000013c10000 nmethod 10715 0x00000000045b70d0 code [0x00000000045b7380, 0x00000000045bba80]
Event: 28157.944 Thread 0x0000000013c12800 10716       4       java.io.File::isDirectory (43 bytes)
Event: 28157.948 Thread 0x0000000013c12800 nmethod 10716 0x00000000041a4a10 code [0x00000000041a4b60, 0x00000000041a4d68]
Event: 28157.981 Thread 0x0000000013c16800 10717       3       org.eclipse.osgi.framework.internal.core.AbstractBundle::close (52 bytes)
Event: 28157.982 Thread 0x0000000013c16800 nmethod 10717 0x00000000041a53d0 code [0x00000000041a5600, 0x00000000041a6308]

GC Heap History (10 events):
Event: 28119.132 GC heap before
{Heap before GC invocations=872 (full 107):
 PSYoungGen      total 174080K, used 45147K [0x00000000f5580000, 0x0000000100000000, 0x0000000100000000)
  eden space 173568K, 25% used [0x00000000f5580000,0x00000000f817ed60,0x00000000fff00000)
  from space 512K, 18% used [0x00000000fff80000,0x00000000fff98000,0x0000000100000000)
  to   space 512K, 0% used [0x00000000fff00000,0x00000000fff00000,0x00000000fff80000)
 ParOldGen       total 88576K, used 36831K [0x00000000e0000000, 0x00000000e5680000, 0x00000000f5580000)
  object space 88576K, 41% used [0x00000000e0000000,0x00000000e23f7c40,0x00000000e5680000)
 Metaspace       used 78837K, capacity 85622K, committed 86016K, reserved 1124352K
  class space    used 9749K, capacity 11892K, committed 12032K, reserved 1048576K
Event: 28119.160 GC heap after
Heap after GC invocations=872 (full 107):
 PSYoungGen      total 174080K, used 64K [0x00000000f5580000, 0x0000000100000000, 0x0000000100000000)
  eden space 173568K, 0% used [0x00000000f5580000,0x00000000f5580000,0x00000000fff00000)
  from space 512K, 12% used [0x00000000fff00000,0x00000000fff10000,0x00000000fff80000)
  to   space 512K, 0% used [0x00000000fff80000,0x00000000fff80000,0x0000000100000000)
 ParOldGen       total 88576K, used 36831K [0x00000000e0000000, 0x00000000e5680000, 0x00000000f5580000)
  object space 88576K, 41% used [0x00000000e0000000,0x00000000e23f7c40,0x00000000e5680000)
 Metaspace       used 78837K, capacity 85622K, committed 86016K, reserved 1124352K
  class space    used 9749K, capacity 11892K, committed 12032K, reserved 1048576K
}
Event: 28119.160 GC heap before
{Heap before GC invocations=873 (full 108):
 PSYoungGen      total 174080K, used 64K [0x00000000f5580000, 0x0000000100000000, 0x0000000100000000)
  eden space 173568K, 0% used [0x00000000f5580000,0x00000000f5580000,0x00000000fff00000)
  from space 512K, 12% used [0x00000000fff00000,0x00000000fff10000,0x00000000fff80000)
  to   space 512K, 0% used [0x00000000fff80000,0x00000000fff80000,0x0000000100000000)
 ParOldGen       total 88576K, used 36831K [0x00000000e0000000, 0x00000000e5680000, 0x00000000f5580000)
  object space 88576K, 41% used [0x00000000e0000000,0x00000000e23f7c40,0x00000000e5680000)
 Metaspace       used 78837K, capacity 85622K, committed 86016K, reserved 1124352K
  class space    used 9749K, capacity 11892K, committed 12032K, reserved 1048576K
Event: 28119.986 GC heap after
Heap after GC invocations=873 (full 108):
 PSYoungGen      total 174080K, used 0K [0x00000000f5580000, 0x0000000100000000, 0x0000000100000000)
  eden space 173568K, 0% used [0x00000000f5580000,0x00000000f5580000,0x00000000fff00000)
  from space 512K, 0% used [0x00000000fff00000,0x00000000fff00000,0x00000000fff80000)
  to   space 512K, 0% used [0x00000000fff80000,0x00000000fff80000,0x0000000100000000)
 ParOldGen       total 88576K, used 36824K [0x00000000e0000000, 0x00000000e5680000, 0x00000000f5580000)
  object space 88576K, 41% used [0x00000000e0000000,0x00000000e23f6020,0x00000000e5680000)
 Metaspace       used 78837K, capacity 85622K, committed 86016K, reserved 1124352K
  class space    used 9749K, capacity 11892K, committed 12032K, reserved 1048576K
}
Event: 28133.833 GC heap before
{Heap before GC invocations=874 (full 108):
 PSYoungGen      total 174080K, used 173568K [0x00000000f5580000, 0x0000000100000000, 0x0000000100000000)
  eden space 173568K, 100% used [0x00000000f5580000,0x00000000fff00000,0x00000000fff00000)
  from space 512K, 0% used [0x00000000fff00000,0x00000000fff00000,0x00000000fff80000)
  to   space 512K, 0% used [0x00000000fff80000,0x00000000fff80000,0x0000000100000000)
 ParOldGen       total 88576K, used 36824K [0x00000000e0000000, 0x00000000e5680000, 0x00000000f5580000)
  object space 88576K, 41% used [0x00000000e0000000,0x00000000e23f6020,0x00000000e5680000)
 Metaspace       used 78840K, capacity 85622K, committed 86016K, reserved 1124352K
  class space    used 9749K, capacity 11892K, committed 12032K, reserved 1048576K
Event: 28133.837 GC heap after
Heap after GC invocations=874 (full 108):
 PSYoungGen      total 174080K, used 512K [0x00000000f5580000, 0x0000000100000000, 0x0000000100000000)
  eden space 173568K, 0% used [0x00000000f5580000,0x00000000f5580000,0x00000000fff00000)
  from space 512K, 100% used [0x00000000fff80000,0x0000000100000000,0x0000000100000000)
  to   space 512K, 0% used [0x00000000fff00000,0x00000000fff00000,0x00000000fff80000)
 ParOldGen       total 88576K, used 37046K [0x00000000e0000000, 0x00000000e5680000, 0x00000000f5580000)
  object space 88576K, 41% used [0x00000000e0000000,0x00000000e242db18,0x00000000e5680000)
 Metaspace       used 78840K, capacity 85622K, committed 86016K, reserved 1124352K
  class space    used 9749K, capacity 11892K, committed 12032K, reserved 1048576K
}
Event: 28143.496 GC heap before
{Heap before GC invocations=875 (full 108):
 PSYoungGen      total 174080K, used 174080K [0x00000000f5580000, 0x0000000100000000, 0x0000000100000000)
  eden space 173568K, 100% used [0x00000000f5580000,0x00000000fff00000,0x00000000fff00000)
  from space 512K, 100% used [0x00000000fff80000,0x0000000100000000,0x0000000100000000)
  to   space 512K, 0% used [0x00000000fff00000,0x00000000fff00000,0x00000000fff80000)
 ParOldGen       total 88576K, used 37046K [0x00000000e0000000, 0x00000000e5680000, 0x00000000f5580000)
  object space 88576K, 41% used [0x00000000e0000000,0x00000000e242db18,0x00000000e5680000)
 Metaspace       used 78840K, capacity 85622K, committed 86016K, reserved 1124352K
  class space    used 9749K, capacity 11892K, committed 12032K, reserved 1048576K
Event: 28143.499 GC heap after
Heap after GC invocations=875 (full 108):
 PSYoungGen      total 174080K, used 512K [0x00000000f5580000, 0x0000000100000000, 0x0000000100000000)
  eden space 173568K, 0% used [0x00000000f5580000,0x00000000f5580000,0x00000000fff00000)
  from space 512K, 100% used [0x00000000fff00000,0x00000000fff80000,0x00000000fff80000)
  to   space 512K, 0% used [0x00000000fff80000,0x00000000fff80000,0x0000000100000000)
 ParOldGen       total 88576K, used 37054K [0x00000000e0000000, 0x00000000e5680000, 0x00000000f5580000)
  object space 88576K, 41% used [0x00000000e0000000,0x00000000e242fb18,0x00000000e5680000)
 Metaspace       used 78840K, capacity 85622K, committed 86016K, reserved 1124352K
  class space    used 9749K, capacity 11892K, committed 12032K, reserved 1048576K
}
Event: 28154.023 GC heap before
{Heap before GC invocations=876 (full 108):
 PSYoungGen      total 174080K, used 174080K [0x00000000f5580000, 0x0000000100000000, 0x0000000100000000)
  eden space 173568K, 100% used [0x00000000f5580000,0x00000000fff00000,0x00000000fff00000)
  from space 512K, 100% used [0x00000000fff00000,0x00000000fff80000,0x00000000fff80000)
  to   space 512K, 0% used [0x00000000fff80000,0x00000000fff80000,0x0000000100000000)
 ParOldGen       total 88576K, used 37054K [0x00000000e0000000, 0x00000000e5680000, 0x00000000f5580000)
  object space 88576K, 41% used [0x00000000e0000000,0x00000000e242fb18,0x00000000e5680000)
 Metaspace       used 78851K, capacity 85622K, committed 86016K, reserved 1124352K
  class space    used 9749K, capacity 11892K, committed 12032K, reserved 1048576K
Event: 28154.026 GC heap after
Heap after GC invocations=876 (full 108):
 PSYoungGen      total 173056K, used 512K [0x00000000f5580000, 0x0000000100000000, 0x0000000100000000)
  eden space 172544K, 0% used [0x00000000f5580000,0x00000000f5580000,0x00000000ffe00000)
  from space 512K, 100% used [0x00000000fff80000,0x0000000100000000,0x0000000100000000)
  to   space 1024K, 0% used [0x00000000ffe00000,0x00000000ffe00000,0x00000000fff00000)
 ParOldGen       total 88576K, used 37054K [0x00000000e0000000, 0x00000000e5680000, 0x00000000f5580000)
  object space 88576K, 41% used [0x00000000e0000000,0x00000000e242fb18,0x00000000e5680000)
 Metaspace       used 78851K, capacity 85622K, committed 86016K, reserved 1124352K
  class space    used 9749K, capacity 11892K, committed 12032K, reserved 1048576K
}

Deoptimization events (10 events):
Event: 28156.357 Thread 0x00000000004be000 Uncommon trap: reason=unstable_if action=reinterpret pc=0x0000000003ee1c74 method=org.eclipse.equinox.internal.event.EventHandlerTracker.getHandlers(Ljava/lang/String;)Ljava/util/Set; @ 28
Event: 28156.359 Thread 0x00000000004be000 Uncommon trap: reason=class_check action=maybe_recompile pc=0x000000000450f900 method=org.eclipse.e4.core.internal.contexts.TrackableComputationExt.update(Lorg/eclipse/e4/core/internal/contexts/ContextChangeEvent;)Z @ 62
Event: 28156.359 Thread 0x00000000004be000 Uncommon trap: reason=class_check action=maybe_recompile pc=0x00000000045031fc method=org.eclipse.e4.core.internal.contexts.ContextObjectSupplier$ContextInjectionListener.update(Lorg/eclipse/e4/core/contexts/IEclipseContext;I[Ljava/lang/Object;)Z @ 173
Event: 28156.360 Thread 0x00000000004be000 Uncommon trap: reason=class_check action=maybe_recompile pc=0x000000000450f900 method=org.eclipse.e4.core.internal.contexts.TrackableComputationExt.update(Lorg/eclipse/e4/core/internal/contexts/ContextChangeEvent;)Z @ 62
Event: 28156.360 Thread 0x00000000004be000 Uncommon trap: reason=class_check action=maybe_recompile pc=0x00000000045031fc method=org.eclipse.e4.core.internal.contexts.ContextObjectSupplier$ContextInjectionListener.update(Lorg/eclipse/e4/core/contexts/IEclipseContext;I[Ljava/lang/Object;)Z @ 173
Event: 28156.360 Thread 0x00000000004be000 Uncommon trap: reason=class_check action=maybe_recompile pc=0x000000000450f900 method=org.eclipse.e4.core.internal.contexts.TrackableComputationExt.update(Lorg/eclipse/e4/core/internal/contexts/ContextChangeEvent;)Z @ 62
Event: 28156.360 Thread 0x00000000004be000 Uncommon trap: reason=class_check action=maybe_recompile pc=0x00000000045031fc method=org.eclipse.e4.core.internal.contexts.ContextObjectSupplier$ContextInjectionListener.update(Lorg/eclipse/e4/core/contexts/IEclipseContext;I[Ljava/lang/Object;)Z @ 173
Event: 28156.489 Thread 0x000000001575e800 Uncommon trap: reason=unstable_if action=reinterpret pc=0x0000000003629798 method=org.eclipse.equinox.internal.event.EventHandlerTracker.getHandlers(Ljava/lang/String;)Ljava/util/Set; @ 28
Event: 28157.142 Thread 0x00000000004be000 Uncommon trap: reason=null_check action=make_not_entrant pc=0x00000000030b28f8 method=org.eclipse.core.runtime.internal.adaptor.EclipseLazyStarter.shouldActivateFor(Ljava/lang/String;Lorg/eclipse/osgi/baseadaptor/BaseData;Lorg/eclipse/core/runtime/internal«Y∆~€@
Event: 28157.981 Thread 0x00000000004be000 Uncommon trap: reason=unstable_if action=reinterpret pc=0x0000000003f79100 method=sun.reflect.UnsafeStaticObjectFieldAccessorImpl.set(Ljava/lang/Object;Ljava/lang/Object;)V @ 13

Internal exceptions (10 events):
Event: 28155.773 Thread 0x00000000004be000 Exception <a 'java/io/IOException'> (0x00000000f84ae908) thrown at [C:\re\workspace\8-2-build-windows-amd64-cygwin\jdk8u45\3627\hotspot\src\share\vm\prims\jni.cpp, line 709]
Event: 28155.985 Thread 0x00000000004be000 Implicit null exception at 0x00000000034c81b0 to 0x00000000034c8209
Event: 28156.267 Thread 0x00000000004be000 Implicit null exception at 0x000000000346cf08 to 0x000000000346d1e9
Event: 28156.509 Thread 0x0000000020864000 Exception <a 'java/lang/InterruptedException'> (0x00000000f8d879e0) thrown at [C:\re\workspace\8-2-build-windows-amd64-cygwin\jdk8u45\3627\hotspot\src\share\vm\runtime\objectMonitor.cpp, line 1683]
Event: 28157.142 Thread 0x00000000004be000 Implicit null exception at 0x00000000030b150b to 0x00000000030b28d5
Event: 28157.252 Thread 0x0000000015cdd000 Exception <a 'java/lang/InterruptedException': sleep interrupted> (0x00000000f9157278) thrown at [C:\re\workspace\8-2-build-windows-amd64-cygwin\jdk8u45\3627\hotspot\src\share\vm\prims\jvm.cpp, line 3211]
Event: 28157.255 Thread 0x0000000019dcd000 Exception <a 'java/lang/InterruptedException'> (0x00000000f915d9f0) thrown at [C:\re\workspace\8-2-build-windows-amd64-cygwin\jdk8u45\3627\hotspot\src\share\vm\runtime\objectMonitor.cpp, line 1683]
Event: 28157.255 Thread 0x0000000015d3b000 Exception <a 'java/lang/InterruptedException'> (0x00000000f91a3b88) thrown at [C:\re\workspace\8-2-build-windows-amd64-cygwin\jdk8u45\3627\hotspot\src\share\vm\runtime\objectMonitor.cpp, line 1683]
Event: 28157.981 Thread 0x000000001575e800 Exception <a 'java/lang/InterruptedException'> (0x00000000f90d2fd0) thrown at [C:\re\workspace\8-2-build-windows-amd64-cygwin\jdk8u45\3627\hotspot\src\share\vm\runtime\objectMonitor.cpp, line 1683]
Event: 28157.981 Thread 0x00000000004be000 Implicit null exception at 0x0000000003f78db7 to 0x0000000003f790ed

Events (10 events):
Event: 28157.983 loading class java/util/IdentityHashMap$KeyIterator done
Event: 28157.983 Thread 0x0000000019dd2800 Thread added: 0x0000000019dd2800
Event: 28157.983 Executing VM operation: RevokeBias
Event: 28157.983 Executing VM operation: RevokeBias done
Event: 28157.983 Executing VM operation: RevokeBias
Event: 28157.983 Executing VM operation: RevokeBias done
Event: 28157.984 Executing VM operation: RevokeBias
Event: 28157.984 Executing VM operation: RevokeBias done
Event: 28157.984 Thread 0x0000000019dd2800 Thread exited: 0x0000000019dd2800
Event: 28157.986 Executing VM operation: Exit


Dynamic libraries:
0x0000000000400000 - 0x000000000044f000 	C:\Xilinx\SDK\2015.4\eclipse\win64.o\eclipse.exe
0x00007ffe360d0000 - 0x00007ffe362a1000 	C:\WINDOWS\SYSTEM32\ntdll.dll
0x00007ffe33990000 - 0x00007ffe33a3b000 	C:\WINDOWS\System32\KERNEL32.DLL
0x00007ffe326d0000 - 0x00007ffe328ed000 	C:\WINDOWS\System32\KERNELBASE.dll
0x00007ffe348e0000 - 0x00007ffe34a45000 	C:\WINDOWS\System32\USER32.dll
0x00007ffe32b10000 - 0x00007ffe32b2e000 	C:\WINDOWS\System32\win32u.dll
0x00007ffe33be0000 - 0x00007ffe33c14000 	C:\WINDOWS\System32\GDI32.dll
0x00007ffe32b30000 - 0x00007ffe32cb2000 	C:\WINDOWS\System32\gdi32full.dll
0x00007ffe34270000 - 0x00007ffe3430e000 	C:\WINDOWS\System32\msvcrt.dll
0x00007ffe21680000 - 0x00007ffe218fa000 	C:\WINDOWS\WinSxS\amd64_microsoft.windows.common-controls_6595b64144ccf1df_6.0.14393.953_none_42151e83c686086b\COMCTL32.dll
0x00007ffe34480000 - 0x00007ffe34748000 	C:\WINDOWS\System32\combase.dll
0x00007ffe32960000 - 0x00007ffe32a55000 	C:\WINDOWS\System32\ucrtbase.dll
0x00007ffe34750000 - 0x00007ffe34871000 	C:\WINDOWS\System32\RPCRT4.dll
0x00007ffe328f0000 - 0x00007ffe3295a000 	C:\WINDOWS\System32\bcryptPrimitives.dll
0x00007ffe36030000 - 0x00007ffe3605e000 	C:\WINDOWS\System32\IMM32.DLL
0x0000000072000000 - 0x0000000072012000 	C:\Xilinx\SDK\2015.4\eclipse\win64.o\plugins\org.eclipse.equinox.launcher.win32.win32.x86_64_1.1.200.v20140116-2212\eclipse_1503.dll
0x00007ffe33c20000 - 0x00007ffe33cc2000 	C:\WINDOWS\System32\ADVAPI32.dll
0x00007ffe33d40000 - 0x00007ffe33d99000 	C:\WINDOWS\System32\sechost.dll
0x00007ffe241a0000 - 0x00007ffe241aa000 	C:\WINDOWS\SYSTEM32\VERSION.dll
0x00007ffe30be0000 - 0x00007ffe30c75000 	C:\WINDOWS\system32\uxtheme.dll
0x00007ffe34310000 - 0x00007ffe3446a000 	C:\WINDOWS\System32\MSCTF.dll
0x00007ffe33680000 - 0x00007ffe3373f000 	C:\WINDOWS\System32\OLEAUT32.dll
0x00007ffe333f0000 - 0x00007ffe3348c000 	C:\WINDOWS\System32\msvcp_win.dll
0x00007ffe2b340000 - 0x00007ffe2b3d8000 	C:\Program Files\Common Files\microsoft shared\ink\tiptsf.dll
0x000000006be90000 - 0x000000006c713000 	C:\Xilinx\SDK\2015.4\tps\win64\jre\bin\server\jvm.dll
0x00007ffe33840000 - 0x00007ffe33848000 	C:\WINDOWS\System32\PSAPI.DLL
0x00007ffe0cf60000 - 0x00007ffe0cf69000 	C:\WINDOWS\SYSTEM32\WSOCK32.dll
0x00007ffe30960000 - 0x00007ffe30983000 	C:\WINDOWS\SYSTEM32\WINMM.dll
0x00007ffe36060000 - 0x00007ffe360ca000 	C:\WINDOWS\System32\WS2_32.dll
0x000000006c980000 - 0x000000006ca52000 	C:\Xilinx\SDK\2015.4\tps\win64\jre\bin\MSVCR100.dll
0x00007ffe30900000 - 0x00007ffe3092b000 	C:\WINDOWS\SYSTEM32\WINMMBASE.dll
0x00007ffe333a0000 - 0x00007ffe333e2000 	C:\WINDOWS\System32\cfgmgr32.dll
0x000000006c970000 - 0x000000006c97f000 	C:\Xilinx\SDK\2015.4\tps\win64\jre\bin\verify.dll
0x000000006c940000 - 0x000000006c969000 	C:\Xilinx\SDK\2015.4\tps\win64\jre\bin\java.dll
0x000000006c920000 - 0x000000006c936000 	C:\Xilinx\SDK\2015.4\tps\win64\jre\bin\zip.dll
0x00007ffe34b20000 - 0x00007ffe36029000 	C:\WINDOWS\System32\SHELL32.dll
0x00007ffe32cc0000 - 0x00007ffe3339a000 	C:\WINDOWS\System32\windows.storage.dll
0x00007ffe32530000 - 0x00007ffe3257c000 	C:\WINDOWS\System32\powrprof.dll
0x00007ffe34ac0000 - 0x00007ffe34b12000 	C:\WINDOWS\System32\shlwapi.dll
0x00007ffe32590000 - 0x00007ffe3259f000 	C:\WINDOWS\System32\kernel.appcore.dll
0x00007ffe32a60000 - 0x00007ffe32b09000 	C:\WINDOWS\System32\shcore.dll
0x00007ffe325a0000 - 0x00007ffe325b4000 	C:\WINDOWS\System32\profapi.dll
0x00007ffe32000000 - 0x00007ffe32017000 	C:\WINDOWS\SYSTEM32\CRYPTSP.dll
0x00007ffe31a60000 - 0x00007ffe31a93000 	C:\WINDOWS\system32\rsaenh.dll
0x00007ffe32110000 - 0x00007ffe3213b000 	C:\WINDOWS\SYSTEM32\bcrypt.dll
0x00007ffe31ce0000 - 0x00007ffe31cff000 	C:\WINDOWS\SYSTEM32\USERENV.dll
0x00007ffe32020000 - 0x00007ffe3202b000 	C:\WINDOWS\SYSTEM32\CRYPTBASE.dll
0x000000006c900000 - 0x000000006c91a000 	C:\Xilinx\SDK\2015.4\tps\win64\jre\bin\net.dll
0x00007ffe31e60000 - 0x00007ffe31ebc000 	C:\WINDOWS\system32\mswsock.dll
0x00007ffe31be0000 - 0x00007ffe31c18000 	C:\WINDOWS\SYSTEM32\IPHLPAPI.DLL
0x00007ffe34ab0000 - 0x00007ffe34ab8000 	C:\WINDOWS\System32\NSI.dll
0x00007ffe2acb0000 - 0x00007ffe2acc6000 	C:\WINDOWS\SYSTEM32\dhcpcsvc6.DLL
0x00007ffe2ae40000 - 0x00007ffe2ae5a000 	C:\WINDOWS\SYSTEM32\dhcpcsvc.DLL
0x000000006c8e0000 - 0x000000006c8f1000 	C:\Xilinx\SDK\2015.4\tps\win64\jre\bin\nio.dll
0x00007ffe33da0000 - 0x00007ffe33e3f000 	C:\WINDOWS\System32\clbcatq.dll
0x00007ffe29170000 - 0x00007ffe2931a000 	C:\Windows\System32\uiautomationcore.dll
0x00007ffe32400000 - 0x00007ffe32498000 	C:\WINDOWS\SYSTEM32\sxs.dll
0x00007ffe2bea0000 - 0x00007ffe2bf05000 	C:\Windows\System32\OLEACC.dll
0x00007ffe192d0000 - 0x00007ffe192e6000 	C:\WINDOWS\system32\napinsp.dll
0x00007ffe192a0000 - 0x00007ffe192ba000 	C:\WINDOWS\system32\pnrpnsp.dll
0x00007ffe2f950000 - 0x00007ffe2f968000 	C:\WINDOWS\system32\NLAapi.dll
0x00007ffe31c30000 - 0x00007ffe31cd1000 	C:\WINDOWS\SYSTEM32\DNSAPI.dll
0x00007ffe1bcb0000 - 0x00007ffe1bcbe000 	C:\WINDOWS\System32\winrnr.dll
0x00007ffe192f0000 - 0x00007ffe19305000 	C:\WINDOWS\System32\wshbth.dll
0x00007ffe1c8d0000 - 0x00007ffe1c8da000 	C:\Windows\System32\rasadhlp.dll
0x00007ffe29320000 - 0x00007ffe2938a000 	C:\WINDOWS\System32\fwpuclnt.dll
0x00007ffe33850000 - 0x00007ffe33987000 	C:\WINDOWS\System32\ole32.dll
0x0000000018740000 - 0x00000000187e8000 	C:\Users\chan_\.Xilinx\SDK\2015.4\org.eclipse.osgi\bundles\303\1\.cp\swt-win32-4335.dll
0x00007ffe33740000 - 0x00007ffe3383a000 	C:\WINDOWS\System32\comdlg32.dll
0x00007ffe33490000 - 0x00007ffe33659000 	C:\WINDOWS\System32\CRYPT32.dll
0x00007ffe32580000 - 0x00007ffe32590000 	C:\WINDOWS\System32\MSASN1.dll
0x00007ffe1d8a0000 - 0x00007ffe1d8b9000 	C:\WINDOWS\SYSTEM32\USP10.dll
0x00007ffe09cf0000 - 0x00007ffe09d76000 	C:\WINDOWS\SYSTEM32\WINSPOOL.DRV
0x00007ffe1cc10000 - 0x00007ffe1ceda000 	C:\WINDOWS\SYSTEM32\WININET.dll
0x00007ffe303f0000 - 0x00007ffe30416000 	C:\WINDOWS\system32\dwmapi.dll
0x00007ffe30130000 - 0x00007ffe302b5000 	C:\WINDOWS\SYSTEM32\propsys.dll
0x00000000187f0000 - 0x000000001880e000 	C:\Users\chan_\.Xilinx\SDK\2015.4\org.eclipse.osgi\bundles\303\1\.cp\swt-gdip-win32-4335.dll
0x00007ffe1a240000 - 0x00007ffe1a3da000 	C:\WINDOWS\WinSxS\amd64_microsoft.windows.gdiplus_6595b64144ccf1df_1.1.14393.953_none_7300116921188239\gdiplus.dll
0x00007ffe2fdc0000 - 0x00007ffe2ff68000 	C:\WINDOWS\SYSTEM32\WindowsCodecs.dll
0x0000000180000000 - 0x0000000180012000 	C:\Users\chan_\.Xilinx\SDK\2015.4\org.eclipse.osgi\bundles\121\1\.cp\os\win32\x86_64\localfile_1_0_0.dll
0x00007ffe1d480000 - 0x00007ffe1d491000 	C:\Users\chan_\.Xilinx\SDK\2015.4\org.eclipse.osgi\bundles\124\1\.cp\jWinHttp-1.0.0.dll
0x00007ffe1a150000 - 0x00007ffe1a21d000 	C:\WINDOWS\SYSTEM32\WINHTTP.dll
0x00007ffe30f30000 - 0x00007ffe3104c000 	C:\WINDOWS\system32\twinapi.appcore.dll
0x00007ffe2bf10000 - 0x00007ffe2bf8d000 	C:\WINDOWS\SYSTEM32\twinapi.dll
0x00007ffe305b0000 - 0x00007ffe305bf000 	C:\Xilinx\SDK\2015.4\lib\win64.o\librdi_repo_manager.dll
0x00007ffe1c8a0000 - 0x00007ffe1c8ca000 	C:\Xilinx\SDK\2015.4\lib\win64.o\libisl_sysinfo.dll
0x00007ffdda920000 - 0x00007ffddb2ad000 	C:\Xilinx\SDK\2015.4\lib\win64.o\librdi_common.dll
0x00007ffe13910000 - 0x00007ffe13964000 	C:\Xilinx\SDK\2015.4\lib\win64.o\librdi_commonxillic.dll
0x00007ffe094f0000 - 0x00007ffe09597000 	C:\WINDOWS\SYSTEM32\MSVCP110.dll
0x00007ffe09600000 - 0x00007ffe096d4000 	C:\WINDOWS\SYSTEM32\MSVCR110.dll
0x00007ffddf050000 - 0x00007ffddf26e000 	C:\Xilinx\SDK\2015.4\lib\win64.o\libXil_lmgr11.dll
0x00007ffe2dfe0000 - 0x00007ffe2dff0000 	C:\Xilinx\SDK\2015.4\lib\win64.o\libboost_date_time.dll
0x00007ffddece0000 - 0x00007ffddf04e000 	C:\Xilinx\SDK\2015.4\lib\win64.o\libCOIN-all.dll
0x00007ffe325c0000 - 0x00007ffe32615000 	C:\WINDOWS\System32\WINTRUST.dll
0x00007ffe16c50000 - 0x00007ffe16c72000 	C:\Xilinx\SDK\2015.4\lib\win64.o\libboost_filesystem.dll
0x00007ffe13890000 - 0x00007ffe13904000 	C:\Xilinx\SDK\2015.4\lib\win64.o\libboost_program_options.dll
0x00007ffe08c60000 - 0x00007ffe08d5a000 	C:\Xilinx\SDK\2015.4\lib\win64.o\libboost_regex.dll
0x00007ffddff00000 - 0x00007ffde00ec000 	C:\Xilinx\SDK\2015.4\lib\win64.o\librdi_hsm.dll
0x00007ffe1d0f0000 - 0x00007ffe1d103000 	C:\Xilinx\SDK\2015.4\lib\win64.o\libboost_signals.dll
0x00007ffe1c640000 - 0x00007ffe1c65d000 	C:\Xilinx\SDK\2015.4\lib\win64.o\libboost_thread.dll
0x00007ffe2b3e0000 - 0x00007ffe2b3e9000 	C:\Xilinx\SDK\2015.4\lib\win64.o\libboost_system.dll
0x00007ffe0d2b0000 - 0x00007ffe0d34a000 	C:\Xilinx\SDK\2015.4\lib\win64.o\libhdxml.dll
0x00007ffe0cfd0000 - 0x00007ffe0d050000 	C:\Xilinx\SDK\2015.4\lib\win64.o\libhdlpsolve.dll
0x00007ffe28f30000 - 0x00007ffe28f3b000 	C:\Xilinx\SDK\2015.4\lib\win64.o\libboost_xilinx.dll
0x00007ffdde3f0000 - 0x00007ffdde824e00 	C:\Xilinx\SDK\2015.4\lib\win64.o\libisl_iostreams.dll
0x00007ffe01c80000 - 0x00007ffe01db0000 	C:\Xilinx\SDK\2015.4\lib\win64.o\librdi_curl.dll
0x00007ffe15f10000 - 0x00007ffe15f33000 	C:\Xilinx\SDK\2015.4\lib\win64.o\librdizlib.dll
0x000000006ca60000 - 0x000000006cb87000 	C:\Xilinx\SDK\2015.4\lib\win64.o\tcl85t.dll
0x00007ffe198d0000 - 0x00007ffe198e5000 	C:\Xilinx\SDK\2015.4\lib\win64.o\pthreadVC2.dll
0x00000000225d0000 - 0x0000000022833000 	C:\Xilinx\SDK\2015.4\lib\win64.o\xerces-c_3_1.dll
0x00007ffe163c0000 - 0x00007ffe163d8000 	C:\Xilinx\SDK\2015.4\lib\win64.o\librdiconfig.dll
0x00007ffe1cee0000 - 0x00007ffe1d0a2000 	C:\WINDOWS\SYSTEM32\urlmon.dll
0x00007ffe285d0000 - 0x00007ffe285f3000 	C:\WINDOWS\SYSTEM32\VCOMP110.DLL
0x00007ffe18470000 - 0x00007ffe18488000 	C:\WINDOWS\SYSTEM32\NETAPI32.dll
0x00007ffe286b0000 - 0x00007ffe286bb000 	C:\Xilinx\SDK\2015.4\lib\win64.o\libboost_chrono.dll
0x00007ffe16110000 - 0x00007ffe16126000 	C:\Xilinx\SDK\2015.4\lib\win64.o\libboost_iostreams.dll
0x00007ffe0d690000 - 0x00007ffe0d6b3000 	C:\Xilinx\SDK\2015.4\lib\win64.o\libisl_iosutils.dll
0x00007ffe25d40000 - 0x00007ffe25fe2000 	C:\WINDOWS\SYSTEM32\iertutil.dll
0x00007ffdddd60000 - 0x00007ffdddfb5000 	C:\Xilinx\SDK\2015.4\lib\win64.o\librdi_ippcw.dll
0x00007ffe0ca90000 - 0x00007ffe0cad3000 	C:\Xilinx\SDK\2015.4\lib\win64.o\librdi_hdf.dll
0x00007ffe271b0000 - 0x00007ffe271b7000 	C:\WINDOWS\SYSTEM32\msimg32.dll
0x00007ffe24850000 - 0x00007ffe24892000 	C:\WINDOWS\SYSTEM32\edputil.dll
0x00007ffdd9cf0000 - 0x00007ffdda500000 	C:\Xilinx\SDK\2015.4\lib\win64.o\libXil_lmgr11FNP.dll
0x00007ffe33e40000 - 0x00007ffe34269000 	C:\WINDOWS\System32\SETUPAPI.dll
0x00007ffe09c70000 - 0x00007ffe09c7c000 	C:\WINDOWS\SYSTEM32\snmpapi.dll
0x00007ffe32230000 - 0x00007ffe3225c000 	C:\WINDOWS\SYSTEM32\SspiCli.dll
0x00007ffe31140000 - 0x00007ffe31168000 	C:\WINDOWS\SYSTEM32\DEVOBJ.dll
0x00007ffe31930000 - 0x00007ffe31962000 	C:\WINDOWS\SYSTEM32\ntmarta.dll

VM Arguments:
jvm_args: -Dcom.xilinx.sdk.args.hwspec=C:/axis_tut/tpg/proj/hdmi_out.sdk/hdmi_out_wrapper.hdf -Xms64m -Xmx512m & 
java_command: <unknown>
java_class_path (initial): C:\Xilinx\SDK\2015.4\eclipse\win64.o\\plugins/org.eclipse.equinox.launcher_1.3.0.v20130327-1440.jar
Launcher Type: generic

Environment Variables:
PATH=C:/Xilinx/SDK/2015.4/tps/win64/jre/bin/server;C:/Xilinx/SDK/2015.4/tps/win64/jre/bin;C:/Xilinx/SDK/2015.4/tps/win64/jre/lib/amd64;C:\Xilinx\SDK\2015.4\gnuwin\bin;C:\Xilinx\SDK\2015.4\gnu\microblaze\nt\bin;C:\Xilinx\SDK\2015.4\gnu\microblaze\linux_toolchain\nt64_le\bin;C:\Xilinx\SDK\2015.4\gnu\microblaze\linux_toolchain\nt64_be\bin;C:\Xilinx\SDK\2015.4\gnu\arm\nt\bin;C:\Xilinx\SDK\2015.4\gnu\aarch64\nt\aarch64-none\bin;C:\Xilinx\SDK\2015.4\gnu\aarch64\nt\aarch64-linux\bin;C:\Xilinx\SDK\2015.4\gnu\armr5\nt\gcc-arm-none-eabi\bin;C:\Xilinx\SDK\2015.4\gnu\aarch32\nt\gcc-arm-none-eabi\bin;C:\Xilinx\SDK\2015.4\gnu\aarch32\nt\gcc-arm-linux-gnueabi\bin;C:\Xilinx\SDK\2015.4\bin;C:\Xilinx\SDK\2015.4\lib\win64.o;C:\Xilinx\SDK\2015.4\tps\win64\jre\bin\server;C:\Xilinx\SDK\2015.4\tps\win64\jre\bin;C:\Xilinx\Vivado\2015.4\ids_lite\ISE\bin\nt64;C:\Xilinx\Vivado\2015.4\ids_lite\ISE\lib\nt64;C:\Xilinx\Vivado\2015.4\bin;C:\Xilinx\Vivado\2015.4\lib\win64.o;C:\Xilinx\Vivado\2015.4\tps\win64\jre\bin\server;C:\Xilinx\Vivado\2015.4\tps\win64\jre\bin;C:\Xilinx\Vivado_HLS\2015.4\bin;C:\WINDOWS\system32;C:\WINDOWS;C:\WINDOWS\System32\Wbem;C:\WINDOWS\System32\WindowsPowerShell\v1.0\;C:\Program Files\MATLAB\R2016b\runtime\win64;C:\Program Files\MATLAB\R2016b\bin;C:\Program Files\MiKTeX 2.9\miktex\bin\x64\;C:\Users\chan_\AppData\Local\Microsoft\WindowsApps;C:\GHDL\ghdl\bin;C:\GHDL\gtkwave\bin;c:\axis_tut\ip_repo;
USERNAME=chan_
OS=Windows_NT
PROCESSOR_IDENTIFIER=Intel64 Family 6 Model 78 Stepping 3, GenuineIntel



---------------  S Y S T E M  ---------------

OS: Windows 10.0 , 64 bit Build 14393 (10.0.14393.0)

CPU:total 4 (2 cores per cpu, 2 threads per core) family 6 model 78 stepping 3, cmov, cx8, fxsr, mmx, sse, sse2, sse3, ssse3, sse4.1, sse4.2, popcnt, avx, avx2, aes, clmul, erms, rtm, 3dnowpref, lzcnt, ht, tsc, tscinvbit, bmi1, bmi2, adx

Memory: 4k page, physical 4118636k(581804k free), swap 8636500k(2431404k free)

vm_info: Java HotSpot(TM) 64-Bit Server VM (25.45-b02) for windows-amd64 JRE (1.8.0_45-b15), built on Apr 30 2015 12:40:44 by "java_re" with MS VC++ 10.0 (VS2010)

time: Mon Apr 10 16:16:22 2017
elapsed time: 28158 seconds (0d 7h 49m 18s)

