#
# A fatal error has been detected by the Java Runtime Environment:
#
#  Internal Error (0xc000000d), pid=7440, tid=4232
#
# JRE version: Java(TM) SE Runtime Environment (8.0_45-b15) (build 1.8.0_45-b15)
# Java VM: Java HotSpot(TM) 64-Bit Server VM (25.45-b02 mixed mode windows-amd64 compressed oops)
# Problematic frame:
# C  [ntdll.dll+0xff44c]
#
# Failed to write core dump. Minidumps are not enabled by default on client versions of Windows
#
# If you would like to submit a bug report, please visit:
#   http://bugreport.java.com/bugreport/crash.jsp
#

---------------  T H R E A D  ---------------

Current thread (0x0000000013b87000):  VMThread [stack: 0x0000000014c20000,0x0000000014d20000] [id=4232]

siginfo: ExceptionCode=0xc000000d

Registers:
RAX=0x0000000000000000, RBX=0xfffffffffffffffe, RCX=0x0000000000000000, RDX=0x0000000000000000
RSP=0x0000000014d1f270, RBP=0x00007ff81f077408, RSI=0x0000000000000000, RDI=0x0000000000000640
R8 =0x0000000000000000, R9 =0x000000000014f7b0, R10=0x00007ff84f507c1f, R11=0x0000000000000000
R12=0x0000000024c3dd40, R13=0x0000000024b94380, R14=0x0000000024c3de48, R15=0x0000000014d1f3e8
RIP=0x00007ff84f5ff44c, EFLAGS=0x0000000000000202

Top of Stack: (sp=0x0000000014d1f270)
0x0000000014d1f270:   0000000000000057 fffffffffffffffe
0x0000000014d1f280:   0000000000000000 0000000000000640
0x0000000014d1f290:   00000000c000000d 0000000000000000
0x0000000014d1f2a0:   00007ff84f5ff44c 0000000000000000
0x0000000014d1f2b0:   0000000000000000 0000000000000000
0x0000000014d1f2c0:   0000000000000000 0000000000000000
0x0000000014d1f2d0:   0000000000000000 0000000000000000
0x0000000014d1f2e0:   0000000000000000 0000000000000000
0x0000000014d1f2f0:   0000000000000000 0000000000000000
0x0000000014d1f300:   0000000000000000 0000000000000000
0x0000000014d1f310:   0000000000000000 0000000000000000
0x0000000014d1f320:   0000000000000000 0000000000000000
0x0000000014d1f330:   0000b1fed2c02d2f 0000000000000000
0x0000000014d1f340:   0000000000000000 00007ff84f5c150d
0x0000000014d1f350:   0000000000000000 0000000000000000
0x0000000014d1f360:   0000000000000001 0000000000000000 

Instructions: (pc=0x00007ff84f5ff44c)
0x00007ff84f5ff42c:   d5 fa ff c7 44 24 20 0d 00 00 c0 b9 57 00 00 00
0x00007ff84f5ff43c:   e8 7f 13 f6 ff 90 48 8d 4c 24 20 e8 04 bf f4 ff
0x00007ff84f5ff44c:   eb 00 48 8b 8c 24 c0 00 00 00 48 33 cc e8 82 74
0x00007ff84f5ff45c:   f9 ff 48 81 c4 d8 00 00 00 c3 40 55 48 83 ec 20 


Register to memory mapping:

RAX=0x0000000000000000 is an unknown value
RBX=0xfffffffffffffffe is an unknown value
RCX=0x0000000000000000 is an unknown value
RDX=0x0000000000000000 is an unknown value
RSP=0x0000000014d1f270 is an unknown value
RBP=0x00007ff81f077408 is an unknown value
RSI=0x0000000000000000 is an unknown value
RDI=0x0000000000000640 is an unknown value
R8 =0x0000000000000000 is an unknown value
R9 =0x000000000014f7b0 is pointing into the stack for thread: 0x00000000021fe000
R10=0x00007ff84f507c1f is an unknown value
R11=0x0000000000000000 is an unknown value
R12=0x0000000024c3dd40 is an unknown value
R13=0x0000000024b94380 is an unknown value
R14=0x0000000024c3de48 is an unknown value
R15=0x0000000014d1f3e8 is an unknown value


Stack: [0x0000000014c20000,0x0000000014d20000],  sp=0x0000000014d1f270,  free space=1020k
Native frames: (J=compiled Java code, j=interpreted, Vv=VM code, C=native code)
C  [ntdll.dll+0xff44c]
C  [ntdll.dll+0xc150d]
C  [KERNEL32.DLL+0x1fbba]
C  [MSVCR110.dll+0x752d]
C  [MSVCR110.dll+0x73c6]
C  [MSVCR110.dll+0x14cca]
C  [MSVCR110.dll+0x13edc]
C  [MSVCR110.dll+0x239e]
C  [MSVCR110.dll+0xaf9e]
C  [MSVCP110.dll+0x397b9]
C  [librdi_common.dll+0x14283e]
C  [librdi_common.dll+0x141449]
C  0x00007ff842532400
C  0x00007ff842532682
C  [ntdll.dll+0x2a35f]
C  [ntdll.dll+0x806b]
C  [ntdll.dll+0x7d94]
C  [KERNEL32.DLL+0x1ce6a]
C  [MSVCR100.dll+0x20ccd]
V  [jvm.dll+0x20f135]
V  [jvm.dll+0x247ef7]
V  [jvm.dll+0x247196]
V  [jvm.dll+0x247631]
V  [jvm.dll+0x24784e]
V  [jvm.dll+0x29853a]
C  [MSVCR100.dll+0x21d9f]
C  [MSVCR100.dll+0x21e3b]
C  [KERNEL32.DLL+0x8364]
C  [ntdll.dll+0x670d1]

VM_Operation (0x000000000014f500): Exit, mode: safepoint, requested by thread 0x00000000021fe000


---------------  P R O C E S S  ---------------

Java Threads: ( => current thread )
  0x000000001ec61000 JavaThread "Thread-20" daemon [_thread_blocked, id=12176, stack(0x0000000025910000,0x0000000025a10000)]
  0x000000001ec57800 JavaThread "TCF Locator DNS Lookup" daemon [_thread_blocked, id=6580, stack(0x00000000211a0000,0x00000000212a0000)]
  0x000000001ec56000 JavaThread "TCF Locator Timer" daemon [_thread_blocked, id=4444, stack(0x00000000210a0000,0x00000000211a0000)]
  0x00000000194f0000 JavaThread "TCF Locator Receiver" daemon [_thread_blocked, id=10620, stack(0x0000000020fa0000,0x00000000210a0000)]
  0x00000000194ee000 JavaThread "TCF Timer Dispatcher" daemon [_thread_blocked, id=9472, stack(0x0000000020da0000,0x0000000020ea0000)]
  0x0000000019118000 JavaThread "EMF Reference Cleaner" daemon [_thread_blocked, id=1232, stack(0x0000000019e20000,0x0000000019f20000)]
  0x0000000015352000 JavaThread "Service Thread" daemon [_thread_blocked, id=10056, stack(0x0000000015820000,0x0000000015920000)]
  0x0000000013c17000 JavaThread "C1 CompilerThread2" daemon [_thread_blocked, id=10896, stack(0x0000000015720000,0x0000000015820000)]
  0x0000000013be1000 JavaThread "C2 CompilerThread1" daemon [_thread_blocked, id=10524, stack(0x0000000015220000,0x0000000015320000)]
  0x0000000013bc0000 JavaThread "C2 CompilerThread0" daemon [_thread_blocked, id=9920, stack(0x0000000015120000,0x0000000015220000)]
  0x0000000013bbf000 JavaThread "Attach Listener" daemon [_thread_blocked, id=3504, stack(0x0000000015020000,0x0000000015120000)]
  0x0000000013bbb800 JavaThread "Signal Dispatcher" daemon [_thread_blocked, id=5704, stack(0x0000000014f20000,0x0000000015020000)]
  0x0000000002847000 JavaThread "Finalizer" daemon [_thread_blocked, id=10168, stack(0x0000000014e20000,0x0000000014f20000)]
  0x000000000283e800 JavaThread "Reference Handler" daemon [_thread_blocked, id=10412, stack(0x0000000014d20000,0x0000000014e20000)]
  0x00000000021fe000 JavaThread "main" [_thread_blocked, id=11408, stack(0x0000000000050000,0x0000000000150000)]

Other Threads:
=>0x0000000013b87000 VMThread [stack: 0x0000000014c20000,0x0000000014d20000] [id=4232]

VM state:at safepoint (shutting down)

VM Mutex/Monitor currently owned by a thread:  ([mutex/lock_event])
[0x00000000021fd1b0] Threads_lock - owner thread: 0x0000000013b87000

Heap:
 PSYoungGen      total 92672K, used 36517K [0x00000000f5580000, 0x00000000fc380000, 0x0000000100000000)
  eden space 92160K, 39% used [0x00000000f5580000,0x00000000f7929468,0x00000000faf80000)
  from space 512K, 0% used [0x00000000faf80000,0x00000000faf80000,0x00000000fb000000)
  to   space 10240K, 0% used [0x00000000fb980000,0x00000000fb980000,0x00000000fc380000)
 ParOldGen       total 83968K, used 46954K [0x00000000e0000000, 0x00000000e5200000, 0x00000000f5580000)
  object space 83968K, 55% used [0x00000000e0000000,0x00000000e2ddaab8,0x00000000e5200000)
 Metaspace       used 83377K, capacity 89434K, committed 89728K, reserved 1126400K
  class space    used 10084K, capacity 12087K, committed 12160K, reserved 1048576K

Card table byte_map: [0x0000000011c10000,0x0000000011d20000] byte_map_base: 0x0000000011510000

Marking Bits: (ParMarkBitMap*) 0x0000000057a74040
 Begin Bits: [0x0000000012120000, 0x0000000012920000)
 End Bits:   [0x0000000012920000, 0x0000000013120000)

Polling page: 0x00000000021c0000

CodeCache: size=245760Kb used=40890Kb max_used=40988Kb free=204869Kb
 bounds [0x0000000002850000, 0x00000000050b0000, 0x0000000011850000]
 total_blobs=11926 nmethods=11062 adapters=770
 compilation: enabled

Compilation events (10 events):
Event: 1505.833 Thread 0x0000000013c17000 13732   !   3       org.eclipse.osgi.internal.serviceregistry.ServiceRegistrationImpl::unregister (253 bytes)
Event: 1505.836 Thread 0x0000000013c17000 nmethod 13732 0x00000000040d5e50 code [0x00000000040d6260, 0x00000000040d8838]
Event: 1505.836 Thread 0x0000000013c17000 13734   !   3       org.eclipse.osgi.internal.serviceregistry.ServiceUse::ungetService (232 bytes)
Event: 1505.839 Thread 0x0000000013c17000 nmethod 13734 0x0000000003118390 code [0x0000000003118840, 0x000000000311b7f8]
Event: 1505.903 Thread 0x0000000013c17000 13735   !   3       org.eclipse.osgi.internal.baseadaptor.BaseStorage::compact (215 bytes)
Event: 1505.906 Thread 0x0000000013c17000 nmethod 13735 0x0000000003bad150 code [0x0000000003bad5a0, 0x0000000003bafa68]
Event: 1505.963 Thread 0x0000000013bc0000 13736       4       java.io.File::isDirectory (43 bytes)
Event: 1505.966 Thread 0x0000000013bc0000 nmethod 13736 0x0000000004be6310 code [0x0000000004be6460, 0x0000000004be6668]
Event: 1505.985 Thread 0x0000000013c17000 13737       3       org.eclipse.osgi.framework.internal.core.AbstractBundle::close (52 bytes)
Event: 1505.986 Thread 0x0000000013c17000 nmethod 13737 0x0000000003fb6990 code [0x0000000003fb6bc0, 0x0000000003fb78c8]

GC Heap History (10 events):
Event: 1345.721 GC heap before
{Heap before GC invocations=60 (full 23):
 PSYoungGen      total 92672K, used 160K [0x00000000f5580000, 0x00000000fc580000, 0x0000000100000000)
  eden space 92160K, 0% used [0x00000000f5580000,0x00000000f5580000,0x00000000faf80000)
  from space 512K, 31% used [0x00000000faf80000,0x00000000fafa8000,0x00000000fb000000)
  to   space 11264K, 0% used [0x00000000fba80000,0x00000000fba80000,0x00000000fc580000)
 ParOldGen       total 83968K, used 47677K [0x00000000e0000000, 0x00000000e5200000, 0x00000000f5580000)
  object space 83968K, 56% used [0x00000000e0000000,0x00000000e2e8f4a0,0x00000000e5200000)
 Metaspace       used 82665K, capacity 88910K, committed 89088K, reserved 1126400K
  class space    used 10004K, capacity 12021K, committed 12032K, reserved 1048576K
Event: 1345.846 GC heap after
Heap after GC invocations=60 (full 23):
 PSYoungGen      total 92672K, used 0K [0x00000000f5580000, 0x00000000fc580000, 0x0000000100000000)
  eden space 92160K, 0% used [0x00000000f5580000,0x00000000f5580000,0x00000000faf80000)
  from space 512K, 0% used [0x00000000faf80000,0x00000000faf80000,0x00000000fb000000)
  to   space 11264K, 0% used [0x00000000fba80000,0x00000000fba80000,0x00000000fc580000)
 ParOldGen       total 83968K, used 47659K [0x00000000e0000000, 0x00000000e5200000, 0x00000000f5580000)
  object space 83968K, 56% used [0x00000000e0000000,0x00000000e2e8ad50,0x00000000e5200000)
 Metaspace       used 82665K, capacity 88910K, committed 89088K, reserved 1126400K
  class space    used 10004K, capacity 12021K, committed 12032K, reserved 1048576K
}
Event: 1405.712 GC heap before
{Heap before GC invocations=61 (full 23):
 PSYoungGen      total 92672K, used 3644K [0x00000000f5580000, 0x00000000fc580000, 0x0000000100000000)
  eden space 92160K, 3% used [0x00000000f5580000,0x00000000f590f230,0x00000000faf80000)
  from space 512K, 0% used [0x00000000faf80000,0x00000000faf80000,0x00000000fb000000)
  to   space 11264K, 0% used [0x00000000fba80000,0x00000000fba80000,0x00000000fc580000)
 ParOldGen       total 83968K, used 47659K [0x00000000e0000000, 0x00000000e5200000, 0x00000000f5580000)
  object space 83968K, 56% used [0x00000000e0000000,0x00000000e2e8ad50,0x00000000e5200000)
 Metaspace       used 82665K, capacity 88910K, committed 89088K, reserved 1126400K
  class space    used 10004K, capacity 12021K, committed 12032K, reserved 1048576K
Event: 1405.716 GC heap after
Heap after GC invocations=61 (full 23):
 PSYoungGen      total 102400K, used 192K [0x00000000f5580000, 0x00000000fc480000, 0x0000000100000000)
  eden space 92160K, 0% used [0x00000000f5580000,0x00000000f5580000,0x00000000faf80000)
  from space 10240K, 1% used [0x00000000fba80000,0x00000000fbab0000,0x00000000fc480000)
  to   space 10752K, 0% used [0x00000000faf80000,0x00000000faf80000,0x00000000fba00000)
 ParOldGen       total 83968K, used 47659K [0x00000000e0000000, 0x00000000e5200000, 0x00000000f5580000)
  object space 83968K, 56% used [0x00000000e0000000,0x00000000e2e8ad50,0x00000000e5200000)
 Metaspace       used 82665K, capacity 88910K, committed 89088K, reserved 1126400K
  class space    used 10004K, capacity 12021K, committed 12032K, reserved 1048576K
}
Event: 1405.716 GC heap before
{Heap before GC invocations=62 (full 24):
 PSYoungGen      total 102400K, used 192K [0x00000000f5580000, 0x00000000fc480000, 0x0000000100000000)
  eden space 92160K, 0% used [0x00000000f5580000,0x00000000f5580000,0x00000000faf80000)
  from space 10240K, 1% used [0x00000000fba80000,0x00000000fbab0000,0x00000000fc480000)
  to   space 10752K, 0% used [0x00000000faf80000,0x00000000faf80000,0x00000000fba00000)
 ParOldGen       total 83968K, used 47659K [0x00000000e0000000, 0x00000000e5200000, 0x00000000f5580000)
  object space 83968K, 56% used [0x00000000e0000000,0x00000000e2e8ad50,0x00000000e5200000)
 Metaspace       used 82665K, capacity 88910K, committed 89088K, reserved 1126400K
  class space    used 10004K, capacity 12021K, committed 12032K, reserved 1048576K
Event: 1405.851 GC heap after
Heap after GC invocations=62 (full 24):
 PSYoungGen      total 102400K, used 0K [0x00000000f5580000, 0x00000000fc480000, 0x0000000100000000)
  eden space 92160K, 0% used [0x00000000f5580000,0x00000000f5580000,0x00000000faf80000)
  from space 10240K, 0% used [0x00000000fba80000,0x00000000fba80000,0x00000000fc480000)
  to   space 10752K, 0% used [0x00000000faf80000,0x00000000faf80000,0x00000000fba00000)
 ParOldGen       total 83968K, used 46990K [0x00000000e0000000, 0x00000000e5200000, 0x00000000f5580000)
  object space 83968K, 55% used [0x00000000e0000000,0x00000000e2de3878,0x00000000e5200000)
 Metaspace       used 82665K, capacity 88910K, committed 89088K, reserved 1126400K
  class space    used 10004K, capacity 12021K, committed 12032K, reserved 1048576K
}
Event: 1465.714 GC heap before
{Heap before GC invocations=63 (full 24):
 PSYoungGen      total 102400K, used 3637K [0x00000000f5580000, 0x00000000fc480000, 0x0000000100000000)
  eden space 92160K, 3% used [0x00000000f5580000,0x00000000f590d660,0x00000000faf80000)
  from space 10240K, 0% used [0x00000000fba80000,0x00000000fba80000,0x00000000fc480000)
  to   space 10752K, 0% used [0x00000000faf80000,0x00000000faf80000,0x00000000fba00000)
 ParOldGen       total 83968K, used 46990K [0x00000000e0000000, 0x00000000e5200000, 0x00000000f5580000)
  object space 83968K, 55% used [0x00000000e0000000,0x00000000e2de3878,0x00000000e5200000)
 Metaspace       used 82673K, capacity 88910K, committed 89088K, reserved 1126400K
  class space    used 10004K, capacity 12021K, committed 12032K, reserved 1048576K
Event: 1465.717 GC heap after
Heap after GC invocations=63 (full 24):
 PSYoungGen      total 92672K, used 192K [0x00000000f5580000, 0x00000000fc380000, 0x0000000100000000)
  eden space 92160K, 0% used [0x00000000f5580000,0x00000000f5580000,0x00000000faf80000)
  from space 512K, 37% used [0x00000000faf80000,0x00000000fafb0000,0x00000000fb000000)
  to   space 10240K, 0% used [0x00000000fb980000,0x00000000fb980000,0x00000000fc380000)
 ParOldGen       total 83968K, used 46990K [0x00000000e0000000, 0x00000000e5200000, 0x00000000f5580000)
  object space 83968K, 55% used [0x00000000e0000000,0x00000000e2de3878,0x00000000e5200000)
 Metaspace       used 82673K, capacity 88910K, committed 89088K, reserved 1126400K
  class space    used 10004K, capacity 12021K, committed 12032K, reserved 1048576K
}
Event: 1465.717 GC heap before
{Heap before GC invocations=64 (full 25):
 PSYoungGen      total 92672K, used 192K [0x00000000f5580000, 0x00000000fc380000, 0x0000000100000000)
  eden space 92160K, 0% used [0x00000000f5580000,0x00000000f5580000,0x00000000faf80000)
  from space 512K, 37% used [0x00000000faf80000,0x00000000fafb0000,0x00000000fb000000)
  to   space 10240K, 0% used [0x00000000fb980000,0x00000000fb980000,0x00000000fc380000)
 ParOldGen       total 83968K, used 46990K [0x00000000e0000000, 0x00000000e5200000, 0x00000000f5580000)
  object space 83968K, 55% used [0x00000000e0000000,0x00000000e2de3878,0x00000000e5200000)
 Metaspace       used 82673K, capacity 88910K, committed 89088K, reserved 1126400K
  class space    used 10004K, capacity 12021K, committed 12032K, reserved 1048576K
Event: 1465.845 GC heap after
Heap after GC invocations=64 (full 25):
 PSYoungGen      total 92672K, used 0K [0x00000000f5580000, 0x00000000fc380000, 0x0000000100000000)
  eden space 92160K, 0% used [0x00000000f5580000,0x00000000f5580000,0x00000000faf80000)
  from space 512K, 0% used [0x00000000faf80000,0x00000000faf80000,0x00000000fb000000)
  to   space 10240K, 0% used [0x00000000fb980000,0x00000000fb980000,0x00000000fc380000)
 ParOldGen       total 83968K, used 46954K [0x00000000e0000000, 0x00000000e5200000, 0x00000000f5580000)
  object space 83968K, 55% used [0x00000000e0000000,0x00000000e2ddaab8,0x00000000e5200000)
 Metaspace       used 82673K, capacity 88910K, committed 89088K, reserved 1126400K
  class space    used 10004K, capacity 12021K, committed 12032K, reserved 1048576K
}

Deoptimization events (10 events):
Event: 1505.053 Thread 0x00000000021fe000 Uncommon trap: reason=class_check action=maybe_recompile pc=0x0000000005043a78 method=org.eclipse.e4.core.internal.contexts.TrackableComputationExt.update(Lorg/eclipse/e4/core/internal/contexts/ContextChangeEvent;)Z @ 62
Event: 1505.053 Thread 0x00000000021fe000 Uncommon trap: reason=class_check action=maybe_recompile pc=0x000000000504a318 method=org.eclipse.e4.core.internal.contexts.ContextObjectSupplier$ContextInjectionListener.update(Lorg/eclipse/e4/core/contexts/IEclipseContext;I[Ljava/lang/Object;)Z @ 173
Event: 1505.053 Thread 0x00000000021fe000 Uncommon trap: reason=class_check action=maybe_recompile pc=0x0000000005043a78 method=org.eclipse.e4.core.internal.contexts.TrackableComputationExt.update(Lorg/eclipse/e4/core/internal/contexts/ContextChangeEvent;)Z @ 62
Event: 1505.053 Thread 0x00000000021fe000 Uncommon trap: reason=class_check action=maybe_recompile pc=0x000000000504a318 method=org.eclipse.e4.core.internal.contexts.ContextObjectSupplier$ContextInjectionListener.update(Lorg/eclipse/e4/core/contexts/IEclipseContext;I[Ljava/lang/Object;)Z @ 173
Event: 1505.102 Thread 0x00000000160fa800 Uncommon trap: reason=unstable_if action=reinterpret pc=0x00000000047c6ac0 method=org.eclipse.equinox.internal.event.EventHandlerTracker.getHandlers(Ljava/lang/String;)Ljava/util/Set; @ 28
Event: 1505.123 Thread 0x00000000021fe000 Uncommon trap: reason=predicate action=maybe_recompile pc=0x00000000033002bc method=java.util.concurrent.CopyOnWriteArrayList.indexOf(Ljava/lang/Object;[Ljava/lang/Object;II)I @ 41
Event: 1505.126 Thread 0x00000000021fe000 Uncommon trap: reason=unstable_if action=reinterpret pc=0x0000000002eda288 method=org.eclipse.swt.graphics.Resource.dispose()V @ 15
Event: 1505.296 Thread 0x000000001ec62000 Uncommon trap: reason=unstable_if action=reinterpret pc=0x00000000029aca04 method=org.eclipse.swt.widgets.Display.getSystemFont()Lorg/eclipse/swt/graphics/Font; @ 8
Event: 1505.729 Thread 0x00000000021fe000 Uncommon trap: reason=unstable_if action=reinterpret pc=0x00000000033c1d08 method=org.eclipse.core.runtime.internal.adaptor.EclipseLazyStarter.shouldActivateFor(Ljava/lang/String;Lorg/eclipse/osgi/baseadaptor/BaseData;Lorg/eclipse/core/runtime/internal/adaÓ¥¤/7‡—@
Event: 1505.804 Thread 0x0000000017912000 Uncommon trap: reason=unstable_if action=reinterpret pc=0x0000000004bd8990 method=org.eclipse.core.internal.jobs.JobManager.nextJob()Lorg/eclipse/core/runtime/jobs/Job; @ 80

Internal exceptions (10 events):
Event: 1503.190 Thread 0x000000001ec5a800 Exception <a 'java/lang/InterruptedException'> (0x00000000f5b43be8) thrown at [C:\re\workspace\8-2-build-windows-amd64-cygwin\jdk8u45\3627\hotspot\src\share\vm\runtime\objectMonitor.cpp, line 1683]
Event: 1503.192 Thread 0x000000001af0d800 Exception <a 'java/net/SocketException': Socket closed> (0x00000000f5b7d5e0) thrown at [C:\re\workspace\8-2-build-windows-amd64-cygwin\jdk8u45\3627\hotspot\src\share\vm\prims\jni.cpp, line 735]
Event: 1504.203 Thread 0x00000000021fe000 Implicit null exception at 0x0000000003c97e8c to 0x0000000003c97ee9
Event: 1504.684 Thread 0x00000000021fe000 Implicit null exception at 0x0000000002e93bc5 to 0x0000000002e93e95
Event: 1504.728 Thread 0x00000000021fe000 Implicit null exception at 0x0000000003083530 to 0x0000000003083589
Event: 1505.118 Thread 0x000000001ec5f800 Exception <a 'java/lang/InterruptedException'> (0x00000000f73a5e40) thrown at [C:\re\workspace\8-2-build-windows-amd64-cygwin\jdk8u45\3627\hotspot\src\share\vm\runtime\objectMonitor.cpp, line 1683]
Event: 1505.831 Thread 0x00000000161bd800 Exception <a 'java/lang/InterruptedException': sleep interrupted> (0x00000000f57fce80) thrown at [C:\re\workspace\8-2-build-windows-amd64-cygwin\jdk8u45\3627\hotspot\src\share\vm\prims\jvm.cpp, line 3211]
Event: 1505.833 Thread 0x000000001afdb800 Exception <a 'java/lang/InterruptedException'> (0x00000000f76ede00) thrown at [C:\re\workspace\8-2-build-windows-amd64-cygwin\jdk8u45\3627\hotspot\src\share\vm\runtime\objectMonitor.cpp, line 1683]
Event: 1505.834 Thread 0x0000000015ec2000 Exception <a 'java/lang/InterruptedException'> (0x00000000f7713520) thrown at [C:\re\workspace\8-2-build-windows-amd64-cygwin\jdk8u45\3627\hotspot\src\share\vm\runtime\objectMonitor.cpp, line 1683]
Event: 1505.986 Thread 0x00000000160fa800 Exception <a 'java/lang/InterruptedException'> (0x00000000f76eb208) thrown at [C:\re\workspace\8-2-build-windows-amd64-cygwin\jdk8u45\3627\hotspot\src\share\vm\runtime\objectMonitor.cpp, line 1683]

Events (10 events):
Event: 1505.986 loading class java/util/IdentityHashMap$IdentityHashMapIterator
Event: 1505.986 loading class java/util/IdentityHashMap$IdentityHashMapIterator done
Event: 1505.986 loading class java/util/IdentityHashMap$KeyIterator done
Event: 1505.987 Thread 0x000000001af12800 Thread added: 0x000000001af12800
Event: 1505.987 Executing VM operation: RevokeBias
Event: 1505.987 Executing VM operation: RevokeBias done
Event: 1505.987 Executing VM operation: RevokeBias
Event: 1505.987 Executing VM operation: RevokeBias done
Event: 1505.987 Thread 0x000000001af12800 Thread exited: 0x000000001af12800
Event: 1505.988 Executing VM operation: Exit


Dynamic libraries:
0x0000000000400000 - 0x000000000044f000 	C:\Xilinx\SDK\2015.4\eclipse\win64.o\eclipse.exe
0x00007ff84f500000 - 0x00007ff84f6d1000 	C:\WINDOWS\SYSTEM32\ntdll.dll
0x00007ff84dde0000 - 0x00007ff84de8b000 	C:\WINDOWS\System32\KERNEL32.DLL
0x00007ff84c350000 - 0x00007ff84c56d000 	C:\WINDOWS\System32\KERNELBASE.dll
0x00007ff84d270000 - 0x00007ff84d3d5000 	C:\WINDOWS\System32\USER32.dll
0x00007ff84c830000 - 0x00007ff84c84e000 	C:\WINDOWS\System32\win32u.dll
0x00007ff84f4c0000 - 0x00007ff84f4f4000 	C:\WINDOWS\System32\GDI32.dll
0x00007ff84c900000 - 0x00007ff84ca82000 	C:\WINDOWS\System32\gdi32full.dll
0x00007ff84da60000 - 0x00007ff84dafe000 	C:\WINDOWS\System32\msvcrt.dll
0x00007ff839280000 - 0x00007ff8394f9000 	C:\WINDOWS\WinSxS\amd64_microsoft.windows.common-controls_6595b64144ccf1df_6.0.14393.447_none_42191651c6827bb3\COMCTL32.dll
0x00007ff84cef0000 - 0x00007ff84d1b8000 	C:\WINDOWS\System32\combase.dll
0x00007ff84bb70000 - 0x00007ff84bc65000 	C:\WINDOWS\System32\ucrtbase.dll
0x00007ff84db00000 - 0x00007ff84dc21000 	C:\WINDOWS\System32\RPCRT4.dll
0x00007ff84bb00000 - 0x00007ff84bb6a000 	C:\WINDOWS\System32\bcryptPrimitives.dll
0x00007ff84dcf0000 - 0x00007ff84dd1e000 	C:\WINDOWS\System32\IMM32.DLL
0x0000000072000000 - 0x0000000072012000 	C:\Xilinx\SDK\2015.4\eclipse\win64.o\plugins\org.eclipse.equinox.launcher.win32.win32.x86_64_1.1.200.v20140116-2212\eclipse_1503.dll
0x00007ff84d1c0000 - 0x00007ff84d262000 	C:\WINDOWS\System32\ADVAPI32.dll
0x00007ff84d6b0000 - 0x00007ff84d709000 	C:\WINDOWS\System32\sechost.dll
0x00007ff8439d0000 - 0x00007ff8439da000 	C:\WINDOWS\SYSTEM32\VERSION.dll
0x00007ff84a020000 - 0x00007ff84a0b5000 	C:\WINDOWS\system32\uxtheme.dll
0x00007ff84d440000 - 0x00007ff84d59b000 	C:\WINDOWS\System32\MSCTF.dll
0x00007ff84dc30000 - 0x00007ff84dcef000 	C:\WINDOWS\System32\OLEAUT32.dll
0x00007ff84c570000 - 0x00007ff84c60c000 	C:\WINDOWS\System32\msvcp_win.dll
0x00007ff82e2d0000 - 0x00007ff82e368000 	C:\Program Files\Common Files\microsoft shared\ink\tiptsf.dll
0x0000000057270000 - 0x0000000057af3000 	C:\Xilinx\SDK\2015.4\tps\win64\jre\bin\server\jvm.dll
0x00007ff84cab0000 - 0x00007ff84cab8000 	C:\WINDOWS\System32\PSAPI.DLL
0x00007ff849cc0000 - 0x00007ff849ce3000 	C:\WINDOWS\SYSTEM32\WINMM.dll
0x00007ff82d1b0000 - 0x00007ff82d1b9000 	C:\WINDOWS\SYSTEM32\WSOCK32.dll
0x0000000057d30000 - 0x0000000057e02000 	C:\Xilinx\SDK\2015.4\tps\win64\jre\bin\MSVCR100.dll
0x00007ff84df30000 - 0x00007ff84df9a000 	C:\WINDOWS\System32\WS2_32.dll
0x0000000002170000 - 0x000000000219b000 	C:\WINDOWS\SYSTEM32\WINMMBASE.dll
0x00007ff84c610000 - 0x00007ff84c652000 	C:\WINDOWS\System32\cfgmgr32.dll
0x0000000057d20000 - 0x0000000057d2f000 	C:\Xilinx\SDK\2015.4\tps\win64\jre\bin\verify.dll
0x0000000057cf0000 - 0x0000000057d19000 	C:\Xilinx\SDK\2015.4\tps\win64\jre\bin\java.dll
0x0000000057cd0000 - 0x0000000057ce6000 	C:\Xilinx\SDK\2015.4\tps\win64\jre\bin\zip.dll
0x00007ff84dfa0000 - 0x00007ff84f4a9000 	C:\WINDOWS\System32\SHELL32.dll
0x00007ff84bc70000 - 0x00007ff84c34a000 	C:\WINDOWS\System32\windows.storage.dll
0x00007ff84b990000 - 0x00007ff84b9dc000 	C:\WINDOWS\System32\powrprof.dll
0x00007ff84dd80000 - 0x00007ff84ddd2000 	C:\WINDOWS\System32\shlwapi.dll
0x00007ff84b960000 - 0x00007ff84b96f000 	C:\WINDOWS\System32\kernel.appcore.dll
0x00007ff84c850000 - 0x00007ff84c8f9000 	C:\WINDOWS\System32\shcore.dll
0x00007ff84b970000 - 0x00007ff84b984000 	C:\WINDOWS\System32\profapi.dll
0x00007ff84b430000 - 0x00007ff84b447000 	C:\WINDOWS\SYSTEM32\CRYPTSP.dll
0x00007ff84aea0000 - 0x00007ff84aed3000 	C:\WINDOWS\system32\rsaenh.dll
0x00007ff84b540000 - 0x00007ff84b56b000 	C:\WINDOWS\SYSTEM32\bcrypt.dll
0x00007ff84b110000 - 0x00007ff84b12f000 	C:\WINDOWS\SYSTEM32\USERENV.dll
0x00007ff84b450000 - 0x00007ff84b45b000 	C:\WINDOWS\SYSTEM32\CRYPTBASE.dll
0x0000000057cb0000 - 0x0000000057cca000 	C:\Xilinx\SDK\2015.4\tps\win64\jre\bin\net.dll
0x00007ff84b290000 - 0x00007ff84b2ec000 	C:\WINDOWS\system32\mswsock.dll
0x00007ff84b020000 - 0x00007ff84b058000 	C:\WINDOWS\SYSTEM32\IPHLPAPI.DLL
0x00007ff84f4b0000 - 0x00007ff84f4b8000 	C:\WINDOWS\System32\NSI.dll
0x00007ff83c200000 - 0x00007ff83c216000 	C:\WINDOWS\SYSTEM32\dhcpcsvc6.DLL
0x00007ff83c1e0000 - 0x00007ff83c1fa000 	C:\WINDOWS\SYSTEM32\dhcpcsvc.DLL
0x0000000057c90000 - 0x0000000057ca1000 	C:\Xilinx\SDK\2015.4\tps\win64\jre\bin\nio.dll
0x00007ff84de90000 - 0x00007ff84df2f000 	C:\WINDOWS\System32\clbcatq.dll
0x00007ff82e410000 - 0x00007ff82e5ba000 	C:\Windows\System32\uiautomationcore.dll
0x00007ff84b830000 - 0x00007ff84b8c8000 	C:\WINDOWS\SYSTEM32\sxs.dll
0x00007ff82dcd0000 - 0x00007ff82dd35000 	C:\Windows\System32\OLEACC.dll
0x00007ff834e60000 - 0x00007ff834e76000 	C:\WINDOWS\system32\napinsp.dll
0x00007ff834ec0000 - 0x00007ff834eda000 	C:\WINDOWS\system32\pnrpnsp.dll
0x00007ff848dd0000 - 0x00007ff848de8000 	C:\WINDOWS\system32\NLAapi.dll
0x00007ff84b060000 - 0x00007ff84b100000 	C:\WINDOWS\SYSTEM32\DNSAPI.dll
0x00007ff834ee0000 - 0x00007ff834eee000 	C:\WINDOWS\System32\winrnr.dll
0x00007ff844110000 - 0x00007ff844125000 	C:\WINDOWS\System32\wshbth.dll
0x00007ff83a640000 - 0x00007ff83a64a000 	C:\Windows\System32\rasadhlp.dll
0x00007ff83b950000 - 0x00007ff83b9ba000 	C:\WINDOWS\System32\fwpuclnt.dll
0x00007ff84d920000 - 0x00007ff84da57000 	C:\WINDOWS\System32\ole32.dll
0x0000000018420000 - 0x00000000184c8000 	C:\Users\chan_\.Xilinx\SDK\2015.4\org.eclipse.osgi\bundles\303\1\.cp\swt-win32-4335.dll
0x00007ff84d5b0000 - 0x00007ff84d6aa000 	C:\WINDOWS\System32\comdlg32.dll
0x00007ff84c660000 - 0x00007ff84c829000 	C:\WINDOWS\System32\CRYPT32.dll
0x00007ff84b9e0000 - 0x00007ff84b9f0000 	C:\WINDOWS\System32\MSASN1.dll
0x00007ff82f0c0000 - 0x00007ff82f145000 	C:\WINDOWS\SYSTEM32\WINSPOOL.DRV
0x00007ff83a6f0000 - 0x00007ff83a983000 	C:\WINDOWS\SYSTEM32\WININET.dll
0x00007ff844f00000 - 0x00007ff844f19000 	C:\WINDOWS\SYSTEM32\USP10.dll
0x00007ff849800000 - 0x00007ff849826000 	C:\WINDOWS\system32\dwmapi.dll
0x00007ff849830000 - 0x00007ff8499b5000 	C:\WINDOWS\SYSTEM32\propsys.dll
0x0000000018520000 - 0x000000001853e000 	C:\Users\chan_\.Xilinx\SDK\2015.4\org.eclipse.osgi\bundles\303\1\.cp\swt-gdip-win32-4335.dll
0x00007ff837020000 - 0x00007ff8371ba000 	C:\WINDOWS\WinSxS\amd64_microsoft.windows.gdiplus_6595b64144ccf1df_1.1.14393.321_none_72fe05dd211a5fae\gdiplus.dll
0x00007ff849050000 - 0x00007ff8491f8000 	C:\WINDOWS\SYSTEM32\WindowsCodecs.dll
0x0000000180000000 - 0x0000000180012000 	C:\Users\chan_\.Xilinx\SDK\2015.4\org.eclipse.osgi\bundles\121\1\.cp\os\win32\x86_64\localfile_1_0_0.dll
0x00007ff842f70000 - 0x00007ff842f81000 	C:\Users\chan_\.Xilinx\SDK\2015.4\org.eclipse.osgi\bundles\124\1\.cp\jWinHttp-1.0.0.dll
0x00007ff83ad60000 - 0x00007ff83ae2d000 	C:\WINDOWS\SYSTEM32\WINHTTP.dll
0x00007ff84a340000 - 0x00007ff84a45c000 	C:\WINDOWS\system32\twinapi.appcore.dll
0x00007ff82e5c0000 - 0x00007ff82e63d000 	C:\WINDOWS\SYSTEM32\twinapi.dll
0x00007ff848320000 - 0x00007ff84832f000 	C:\Xilinx\SDK\2015.4\lib\win64.o\librdi_repo_manager.dll
0x00007ff842f40000 - 0x00007ff842f6a000 	C:\Xilinx\SDK\2015.4\lib\win64.o\libisl_sysinfo.dll
0x00007ffff9200000 - 0x00007ffff9b8d000 	C:\Xilinx\SDK\2015.4\lib\win64.o\librdi_common.dll
0x00007ff81ebe0000 - 0x00007ff81edcc000 	C:\Xilinx\SDK\2015.4\lib\win64.o\librdi_hsm.dll
0x00007ff81f150000 - 0x00007ff81f1f7000 	C:\WINDOWS\SYSTEM32\MSVCP110.dll
0x00007ff81f070000 - 0x00007ff81f144000 	C:\WINDOWS\SYSTEM32\MSVCR110.dll
0x00007ff842ee0000 - 0x00007ff842f34000 	C:\Xilinx\SDK\2015.4\lib\win64.o\librdi_commonxillic.dll
0x00007ffff4280000 - 0x00007ffff45ee000 	C:\Xilinx\SDK\2015.4\lib\win64.o\libCOIN-all.dll
0x00007ff8304e0000 - 0x00007ff8306fe000 	C:\Xilinx\SDK\2015.4\lib\win64.o\libXil_lmgr11.dll
0x00007ff84b9f0000 - 0x00007ff84ba45000 	C:\WINDOWS\System32\WINTRUST.dll
0x00007ff8444c0000 - 0x00007ff8444d0000 	C:\Xilinx\SDK\2015.4\lib\win64.o\libboost_date_time.dll
0x00007ff842eb0000 - 0x00007ff842ed2000 	C:\Xilinx\SDK\2015.4\lib\win64.o\libboost_filesystem.dll
0x00007ff82da80000 - 0x00007ff82db7a000 	C:\Xilinx\SDK\2015.4\lib\win64.o\libboost_regex.dll
0x00007ff842c50000 - 0x00007ff842cc4000 	C:\Xilinx\SDK\2015.4\lib\win64.o\libboost_program_options.dll
0x00007ff842e90000 - 0x00007ff842ea3000 	C:\Xilinx\SDK\2015.4\lib\win64.o\libboost_signals.dll
0x00007ff842e80000 - 0x00007ff842e89000 	C:\Xilinx\SDK\2015.4\lib\win64.o\libboost_system.dll
0x00007ff842d10000 - 0x00007ff842d2d000 	C:\Xilinx\SDK\2015.4\lib\win64.o\libboost_thread.dll
0x00007ff842e70000 - 0x00007ff842e7b000 	C:\Xilinx\SDK\2015.4\lib\win64.o\libboost_xilinx.dll
0x00007ff841510000 - 0x00007ff841590000 	C:\Xilinx\SDK\2015.4\lib\win64.o\libhdlpsolve.dll
0x00007ff828610000 - 0x00007ff8286aa000 	C:\Xilinx\SDK\2015.4\lib\win64.o\libhdxml.dll
0x00007ffff2580000 - 0x00007ffff29b4e00 	C:\Xilinx\SDK\2015.4\lib\win64.o\libisl_iostreams.dll
0x00007ff823a70000 - 0x00007ff823ba0000 	C:\Xilinx\SDK\2015.4\lib\win64.o\librdi_curl.dll
0x00007ff842cf0000 - 0x00007ff842d08000 	C:\Xilinx\SDK\2015.4\lib\win64.o\librdiconfig.dll
0x00007ff842c30000 - 0x00007ff842c45000 	C:\Xilinx\SDK\2015.4\lib\win64.o\pthreadVC2.dll
0x0000000057e10000 - 0x0000000057f37000 	C:\Xilinx\SDK\2015.4\lib\win64.o\tcl85t.dll
0x00007ff83a990000 - 0x00007ff83ab52000 	C:\WINDOWS\SYSTEM32\urlmon.dll
0x00007ff81d0a0000 - 0x00007ff81d0c3000 	C:\WINDOWS\SYSTEM32\VCOMP110.DLL
0x00000000225a0000 - 0x0000000022803000 	C:\Xilinx\SDK\2015.4\lib\win64.o\xerces-c_3_1.dll
0x00007ff842490000 - 0x00007ff8424b3000 	C:\Xilinx\SDK\2015.4\lib\win64.o\librdizlib.dll
0x00007ff837000000 - 0x00007ff837018000 	C:\WINDOWS\SYSTEM32\NETAPI32.dll
0x00007ff842da0000 - 0x00007ff842dab000 	C:\Xilinx\SDK\2015.4\lib\win64.o\libboost_chrono.dll
0x00007ff842c10000 - 0x00007ff842c26000 	C:\Xilinx\SDK\2015.4\lib\win64.o\libboost_iostreams.dll
0x00007ff8414e0000 - 0x00007ff841503000 	C:\Xilinx\SDK\2015.4\lib\win64.o\libisl_iosutils.dll
0x00007ff83db90000 - 0x00007ff83de33000 	C:\WINDOWS\SYSTEM32\iertutil.dll
0x00007ff81c8c0000 - 0x00007ff81cb15000 	C:\Xilinx\SDK\2015.4\lib\win64.o\librdi_ippcw.dll
0x00007ff83f580000 - 0x00007ff83f5c3000 	C:\Xilinx\SDK\2015.4\lib\win64.o\librdi_hdf.dll
0x00007ff842b70000 - 0x00007ff842b77000 	C:\WINDOWS\SYSTEM32\msimg32.dll
0x00007ff82ad30000 - 0x00007ff82ad72000 	C:\WINDOWS\SYSTEM32\edputil.dll
0x00007ffff1530000 - 0x00007ffff1d40000 	C:\Xilinx\SDK\2015.4\lib\win64.o\libXil_lmgr11FNP.dll
0x00007ff84cac0000 - 0x00007ff84cee9000 	C:\WINDOWS\System32\SETUPAPI.dll
0x00007ff82f020000 - 0x00007ff82f02c000 	C:\WINDOWS\SYSTEM32\snmpapi.dll
0x00007ff84b660000 - 0x00007ff84b68c000 	C:\WINDOWS\SYSTEM32\SspiCli.dll
0x00007ff84a610000 - 0x00007ff84a638000 	C:\WINDOWS\SYSTEM32\DEVOBJ.dll
0x00007ff84ad70000 - 0x00007ff84ada2000 	C:\WINDOWS\SYSTEM32\ntmarta.dll

VM Arguments:
jvm_args: -Dcom.xilinx.sdk.args.hwspec=C:/g/hdmi_out/proj/hdmi_out.sdk/hdmi_out_wrapper.hdf -Xms64m -Xmx512m & 
java_command: <unknown>
java_class_path (initial): C:\Xilinx\SDK\2015.4\eclipse\win64.o\\plugins/org.eclipse.equinox.launcher_1.3.0.v20130327-1440.jar
Launcher Type: generic

Environment Variables:
PATH=C:/Xilinx/SDK/2015.4/tps/win64/jre/bin/server;C:/Xilinx/SDK/2015.4/tps/win64/jre/bin;C:/Xilinx/SDK/2015.4/tps/win64/jre/lib/amd64;C:\Xilinx\SDK\2015.4\gnuwin\bin;C:\Xilinx\SDK\2015.4\gnu\microblaze\nt\bin;C:\Xilinx\SDK\2015.4\gnu\microblaze\linux_toolchain\nt64_le\bin;C:\Xilinx\SDK\2015.4\gnu\microblaze\linux_toolchain\nt64_be\bin;C:\Xilinx\SDK\2015.4\gnu\arm\nt\bin;C:\Xilinx\SDK\2015.4\gnu\aarch64\nt\aarch64-none\bin;C:\Xilinx\SDK\2015.4\gnu\aarch64\nt\aarch64-linux\bin;C:\Xilinx\SDK\2015.4\gnu\armr5\nt\gcc-arm-none-eabi\bin;C:\Xilinx\SDK\2015.4\gnu\aarch32\nt\gcc-arm-none-eabi\bin;C:\Xilinx\SDK\2015.4\gnu\aarch32\nt\gcc-arm-linux-gnueabi\bin;C:\Xilinx\SDK\2015.4\bin;C:\Xilinx\SDK\2015.4\lib\win64.o;C:\Xilinx\SDK\2015.4\tps\win64\jre\bin\server;C:\Xilinx\SDK\2015.4\tps\win64\jre\bin;C:\Xilinx\Vivado\2015.4\ids_lite\ISE\bin\nt64;C:\Xilinx\Vivado\2015.4\ids_lite\ISE\lib\nt64;C:\Xilinx\Vivado\2015.4\bin;C:\Xilinx\Vivado\2015.4\lib\win64.o;C:\Xilinx\Vivado\2015.4\tps\win64\jre\bin\server;C:\Xilinx\Vivado\2015.4\tps\win64\jre\bin;C:\Xilinx\Vivado_HLS\2015.4\bin;C:\WINDOWS\system32;C:\WINDOWS;C:\WINDOWS\System32\Wbem;C:\WINDOWS\System32\WindowsPowerShell\v1.0\;C:\Program Files\MATLAB\R2016b\runtime\win64;C:\Program Files\MATLAB\R2016b\bin;C:\Program Files\MiKTeX 2.9\miktex\bin\x64\;C:\Users\chan_\AppData\Local\Microsoft\WindowsApps;C:\GHDL\ghdl\bin;C:\GHDL\gtkwave\bin;c:\g\hdmi_out\proj;
USERNAME=chan_
OS=Windows_NT
PROCESSOR_IDENTIFIER=Intel64 Family 6 Model 78 Stepping 3, GenuineIntel



---------------  S Y S T E M  ---------------

OS: Windows 10.0 , 64 bit Build 14393 (10.0.14393.0)

CPU:total 4 (2 cores per cpu, 2 threads per core) family 6 model 78 stepping 3, cmov, cx8, fxsr, mmx, sse, sse2, sse3, ssse3, sse4.1, sse4.2, popcnt, avx, avx2, aes, clmul, erms, rtm, 3dnowpref, lzcnt, ht, tsc, tscinvbit, bmi1, bmi2, adx

Memory: 4k page, physical 4118636k(946664k free), swap 10732516k(1883940k free)

vm_info: Java HotSpot(TM) 64-Bit Server VM (25.45-b02) for windows-amd64 JRE (1.8.0_45-b15), built on Apr 30 2015 12:40:44 by "java_re" with MS VC++ 10.0 (VS2010)

time: Thu Mar 02 16:26:32 2017
elapsed time: 1507 seconds (0d 0h 25m 7s)

