#
# A fatal error has been detected by the Java Runtime Environment:
#
#  EXCEPTION_UNCAUGHT_CXX_EXCEPTION (0xe06d7363) at pc=0x00007ffe326e7788, pid=7552, tid=8480
#
# JRE version: Java(TM) SE Runtime Environment (8.0_45-b15) (build 1.8.0_45-b15)
# Java VM: Java HotSpot(TM) 64-Bit Server VM (25.45-b02 mixed mode windows-amd64 compressed oops)
# Problematic frame:
# C  [KERNELBASE.dll+0x17788]
#
# Failed to write core dump. Minidumps are not enabled by default on client versions of Windows
#
# If you would like to submit a bug report, please visit:
#   http://bugreport.java.com/bugreport/crash.jsp
#

---------------  T H R E A D  ---------------

Current thread (0x0000000013b88000):  VMThread [stack: 0x0000000014c20000,0x0000000014d20000] [id=8480]

siginfo: ExceptionCode=0xe06d7363, ExceptionInformation=0x0000000019930520 0x0000000014d1f448 0x00007ffe096b2cb8 0x00007ffe09600000 

Registers:
RAX=0x004c0044002e006c, RBX=0x00007ffe096b2cb8, RCX=0x000000000000004c, RDX=0x0000000000000000
RSP=0x0000000014d1f290, RBP=0x0000000014d1f3d0, RSI=0x00000000ffffffff, RDI=0x0000000000593120
R8 =0x0000000000000000, R9 =0x0000000000000000, R10=0x0000000000000000, R11=0x0000000000000000
R12=0x0000000000000001, R13=0x0000000000000008, R14=0x0000000000000000, R15=0xffffffffffffffff
RIP=0x00007ffe326e7788, EFLAGS=0x0000000000000206

Top of Stack: (sp=0x0000000014d1f290)
0x0000000014d1f290:   0000000000000000 00007ffe096b2cb8
0x0000000014d1f2a0:   00000000ffffffff 0000000000593120
0x0000000014d1f2b0:   00000001e06d7363 0000000000000000
0x0000000014d1f2c0:   00007ffe326e7788 0000000000000004
0x0000000014d1f2d0:   0000000019930520 0000000014d1f448
0x0000000014d1f2e0:   00007ffe096b2cb8 00007ffe09600000
0x0000000014d1f2f0:   0000000000000008 0000000000000001
0x0000000014d1f300:   0000000000593120 00000000ffffffff
0x0000000014d1f310:   0000000014d1f3d0 00007ffe3611c26f
0x0000000014d1f320:   0000000014d1f3e0 0000000000000000
0x0000000014d1f330:   00000a2505b11895 0000000000000001
0x0000000014d1f340:   00007ffe096c9000 00007ffe09600000
0x0000000014d1f350:   00007a88157684e4 000000000000003f
0x0000000014d1f360:   00007ffe096b2cb8 00007ffe0965e92c
0x0000000014d1f370:   000000000000001f 0000000000000008
0x0000000014d1f380:   0000000000000001 0000000000593120 

Instructions: (pc=0x00007ffe326e7788)
0x00007ffe326e7768:   49 8b d1 44 0f 47 c0 44 89 44 24 38 49 c1 e0 03
0x00007ffe326e7778:   e8 07 55 06 00 48 8d 4c 24 20 ff 15 e0 08 13 00
0x00007ffe326e7788:   48 8b 8c 24 c0 00 00 00 48 33 cc e8 98 1a 06 00
0x00007ffe326e7798:   48 81 c4 d8 00 00 00 c3 83 64 24 38 00 eb d6 cc 


Register to memory mapping:

RAX=0x004c0044002e006c is an unknown value
RBX=0x00007ffe096b2cb8 is an unknown value
RCX=0x000000000000004c is an unknown value
RDX=0x0000000000000000 is an unknown value
RSP=0x0000000014d1f290 is an unknown value
RBP=0x0000000014d1f3d0 is an unknown value
RSI=0x00000000ffffffff is an unallocated location in the heap
RDI=0x0000000000593120 is an unknown value
R8 =0x0000000000000000 is an unknown value
R9 =0x0000000000000000 is an unknown value
R10=0x0000000000000000 is an unknown value
R11=0x0000000000000000 is an unknown value
R12=0x0000000000000001 is an unknown value
R13=0x0000000000000008 is an unknown value
R14=0x0000000000000000 is an unknown value
R15=0xffffffffffffffff is an unknown value


Stack: [0x0000000014c20000,0x0000000014d20000],  sp=0x0000000014d1f290,  free space=1020k
Native frames: (J=compiled Java code, j=interpreted, Vv=VM code, C=native code)
C  [KERNELBASE.dll+0x17788]
C  [MSVCR110.dll+0x5e92c]
C  [MSVCR110.dll+0x1315c]
C  [MSVCR110.dll+0x136a9]
C  [MSVCR110.dll+0x13e9c]
C  [MSVCR110.dll+0x239e]
C  [MSVCR110.dll+0xaf9e]
C  [MSVCP110.dll+0x397b9]
C  [librdi_common.dll+0x14283e]
C  [librdi_common.dll+0x141449]
C  0x00007ffe286d2400
C  0x00007ffe286d2682
C  [ntdll.dll+0x2a35f]
C  [ntdll.dll+0x806b]
C  [ntdll.dll+0x7d94]
C  [KERNEL32.DLL+0x1ce6a]
C  [MSVCR100.dll+0x20ccd]
V  [jvm.dll+0x20f135]
V  [jvm.dll+0x247ef7]
V  [jvm.dll+0x247196]
V  [jvm.dll+0x247631]
V  [jvm.dll+0x24784e]
V  [jvm.dll+0x29853a]
C  [MSVCR100.dll+0x21d9f]
C  [MSVCR100.dll+0x21e3b]
C  [KERNEL32.DLL+0x8364]
C  [ntdll.dll+0x670d1]

VM_Operation (0x000000000014f500): Exit, mode: safepoint, requested by thread 0x000000000279e000


---------------  P R O C E S S  ---------------

Java Threads: ( => current thread )
  0x000000001c4ff800 JavaThread "Spawner Reaper" daemon [_thread_in_native, id=5620, stack(0x0000000033c70000,0x0000000033d70000)]
  0x000000001a0c4000 JavaThread "pool-2-thread-3" [_thread_blocked, id=5008, stack(0x0000000033b70000,0x0000000033c70000)]
  0x000000001c4ff000 JavaThread "pool-2-thread-2" [_thread_blocked, id=2160, stack(0x000000002ee70000,0x000000002ef70000)]
  0x000000001c4fa800 JavaThread "EventThread COM5" [_thread_blocked, id=7668, stack(0x000000002c570000,0x000000002c670000)]
  0x000000001c4f7800 JavaThread "pool-2-thread-1" [_thread_blocked, id=4036, stack(0x000000002c470000,0x000000002c570000)]
  0x000000001c4fc000 JavaThread "Thread-19" daemon [_thread_blocked, id=7556, stack(0x0000000028860000,0x0000000028960000)]
  0x00000000169c6800 JavaThread "TCF Locator DNS Lookup" daemon [_thread_blocked, id=2008, stack(0x0000000021360000,0x0000000021460000)]
  0x00000000169c6000 JavaThread "TCF Locator Timer" daemon [_thread_blocked, id=1568, stack(0x0000000021260000,0x0000000021360000)]
  0x00000000169ca800 JavaThread "TCF Locator Receiver" daemon [_thread_in_native, id=1084, stack(0x0000000021160000,0x0000000021260000)]
  0x00000000169c9800 JavaThread "TCF Timer Dispatcher" daemon [_thread_blocked, id=1176, stack(0x000000001e6c0000,0x000000001e7c0000)]
  0x0000000016c56000 JavaThread "EMF Reference Cleaner" daemon [_thread_blocked, id=7540, stack(0x00000000189f0000,0x0000000018af0000)]
  0x0000000015450800 JavaThread "Service Thread" daemon [_thread_blocked, id=216, stack(0x0000000015820000,0x0000000015920000)]
  0x0000000013bc8000 JavaThread "C1 CompilerThread2" daemon [_thread_blocked, id=264, stack(0x0000000015320000,0x0000000015420000)]
  0x0000000013bc4000 JavaThread "C2 CompilerThread1" daemon [_thread_blocked, id=208, stack(0x0000000015220000,0x0000000015320000)]
  0x0000000013bc2000 JavaThread "C2 CompilerThread0" daemon [_thread_blocked, id=7096, stack(0x0000000015120000,0x0000000015220000)]
  0x0000000013bbf000 JavaThread "Attach Listener" daemon [_thread_blocked, id=7220, stack(0x0000000015020000,0x0000000015120000)]
  0x0000000013bbd800 JavaThread "Signal Dispatcher" daemon [_thread_blocked, id=9164, stack(0x0000000014f20000,0x0000000015020000)]
  0x0000000002748800 JavaThread "Finalizer" daemon [_thread_blocked, id=6708, stack(0x0000000014e20000,0x0000000014f20000)]
  0x0000000002740000 JavaThread "Reference Handler" daemon [_thread_blocked, id=6584, stack(0x0000000014d20000,0x0000000014e20000)]
  0x000000000279e000 JavaThread "main" [_thread_blocked, id=8856, stack(0x0000000000050000,0x0000000000150000)]

Other Threads:
=>0x0000000013b88000 VMThread [stack: 0x0000000014c20000,0x0000000014d20000] [id=8480]

VM state:at safepoint (shutting down)

VM Mutex/Monitor currently owned by a thread:  ([mutex/lock_event])
[0x000000000279d6c0] Threads_lock - owner thread: 0x0000000013b88000

Heap:
 PSYoungGen      total 97792K, used 4742K [0x00000000f5580000, 0x00000000fb880000, 0x0000000100000000)
  eden space 94208K, 2% used [0x00000000f5580000,0x00000000f57b9b60,0x00000000fb180000)
  from space 3584K, 68% used [0x00000000fb500000,0x00000000fb767dd8,0x00000000fb880000)
  to   space 3584K, 0% used [0x00000000fb180000,0x00000000fb180000,0x00000000fb500000)
 ParOldGen       total 96256K, used 47062K [0x00000000e0000000, 0x00000000e5e00000, 0x00000000f5580000)
  object space 96256K, 48% used [0x00000000e0000000,0x00000000e2df5bf8,0x00000000e5e00000)
 Metaspace       used 88236K, capacity 94800K, committed 95104K, reserved 1132544K
  class space    used 10820K, capacity 12844K, committed 12928K, reserved 1048576K

Card table byte_map: [0x0000000011b60000,0x0000000011c70000] byte_map_base: 0x0000000011460000

Marking Bits: (ParMarkBitMap*) 0x000000006c694040
 Begin Bits: [0x0000000012120000, 0x0000000012920000)
 End Bits:   [0x0000000012920000, 0x0000000013120000)

Polling page: 0x00000000004b0000

CodeCache: size=245760Kb used=39377Kb max_used=39382Kb free=206382Kb
 bounds [0x00000000027a0000, 0x0000000004e60000, 0x00000000117a0000]
 total_blobs=11592 nmethods=10724 adapters=776
 compilation: enabled

Compilation events (10 events):
Event: 1870.934 Thread 0x0000000013bc8000 nmethod 13556 0x0000000004e4a910 code [0x0000000004e4ad00, 0x0000000004e4d258]
Event: 1870.941 Thread 0x0000000013bc4000 nmethod 13547 0x0000000004e51010 code [0x0000000004e511e0, 0x0000000004e52100]
Event: 1871.156 Thread 0x0000000013bc8000 13558   !   3       org.eclipse.osgi.internal.baseadaptor.BaseStorage::compact (215 bytes)
Event: 1871.159 Thread 0x0000000013bc8000 nmethod 13558 0x0000000004e52d50 code [0x0000000004e531a0, 0x0000000004e55668]
Event: 1871.376 Thread 0x0000000013bc2000 13559       4       java.io.File::isDirectory (43 bytes)
Event: 1871.380 Thread 0x0000000013bc2000 nmethod 13559 0x0000000004e4f190 code [0x0000000004e4f2e0, 0x0000000004e4f4e8]
Event: 1871.397 Thread 0x0000000013bc8000 13560       3       java.io.FileOutputStream::finalize (39 bytes)
Event: 1871.397 Thread 0x0000000013bc8000 nmethod 13560 0x0000000004e4eb90 code [0x0000000004e4ed00, 0x0000000004e4f0c8]
Event: 1871.466 Thread 0x0000000013bc8000 13561       3       org.eclipse.osgi.framework.internal.core.AbstractBundle::close (52 bytes)
Event: 1871.467 Thread 0x0000000013bc8000 nmethod 13561 0x0000000004e4fb50 code [0x0000000004e4fd80, 0x0000000004e50a88]

GC Heap History (10 events):
Event: 1853.895 GC heap before
{Heap before GC invocations=76 (full 6):
 PSYoungGen      total 95232K, used 93043K [0x00000000f5580000, 0x00000000fb780000, 0x0000000100000000)
  eden space 91136K, 100% used [0x00000000f5580000,0x00000000fae80000,0x00000000fae80000)
  from space 4096K, 46% used [0x00000000fae80000,0x00000000fb05ce40,0x00000000fb280000)
  to   space 4096K, 0% used [0x00000000fb380000,0x00000000fb380000,0x00000000fb780000)
 ParOldGen       total 96256K, used 46534K [0x00000000e0000000, 0x00000000e5e00000, 0x00000000f5580000)
  object space 96256K, 48% used [0x00000000e0000000,0x00000000e2d71bf8,0x00000000e5e00000)
 Metaspace       used 87273K, capacity 94054K, committed 94336K, reserved 1130496K
  class space    used 10715K, capacity 12811K, committed 12928K, reserved 1048576K
Event: 1853.899 GC heap after
Heap after GC invocations=76 (full 6):
 PSYoungGen      total 96256K, used 1696K [0x00000000f5580000, 0x00000000fb780000, 0x0000000100000000)
  eden space 92160K, 0% used [0x00000000f5580000,0x00000000f5580000,0x00000000faf80000)
  from space 4096K, 41% used [0x00000000fb380000,0x00000000fb528000,0x00000000fb780000)
  to   space 4096K, 0% used [0x00000000faf80000,0x00000000faf80000,0x00000000fb380000)
 ParOldGen       total 96256K, used 46534K [0x00000000e0000000, 0x00000000e5e00000, 0x00000000f5580000)
  object space 96256K, 48% used [0x00000000e0000000,0x00000000e2d71bf8,0x00000000e5e00000)
 Metaspace       used 87273K, capacity 94054K, committed 94336K, reserved 1130496K
  class space    used 10715K, capacity 12811K, committed 12928K, reserved 1048576K
}
Event: 1858.666 GC heap before
{Heap before GC invocations=77 (full 6):
 PSYoungGen      total 96256K, used 93856K [0x00000000f5580000, 0x00000000fb780000, 0x0000000100000000)
  eden space 92160K, 100% used [0x00000000f5580000,0x00000000faf80000,0x00000000faf80000)
  from space 4096K, 41% used [0x00000000fb380000,0x00000000fb528000,0x00000000fb780000)
  to   space 4096K, 0% used [0x00000000faf80000,0x00000000faf80000,0x00000000fb380000)
 ParOldGen       total 96256K, used 46534K [0x00000000e0000000, 0x00000000e5e00000, 0x00000000f5580000)
  object space 96256K, 48% used [0x00000000e0000000,0x00000000e2d71bf8,0x00000000e5e00000)
 Metaspace       used 87315K, capacity 94118K, committed 94336K, reserved 1130496K
  class space    used 10715K, capacity 12811K, committed 12928K, reserved 1048576K
Event: 1858.670 GC heap after
Heap after GC invocations=77 (full 6):
 PSYoungGen      total 96256K, used 1914K [0x00000000f5580000, 0x00000000fb780000, 0x0000000100000000)
  eden space 92160K, 0% used [0x00000000f5580000,0x00000000f5580000,0x00000000faf80000)
  from space 4096K, 46% used [0x00000000faf80000,0x00000000fb15eaa0,0x00000000fb380000)
  to   space 3584K, 0% used [0x00000000fb400000,0x00000000fb400000,0x00000000fb780000)
 ParOldGen       total 96256K, used 46542K [0x00000000e0000000, 0x00000000e5e00000, 0x00000000f5580000)
  object space 96256K, 48% used [0x00000000e0000000,0x00000000e2d73bf8,0x00000000e5e00000)
 Metaspace       used 87315K, capacity 94118K, committed 94336K, reserved 1130496K
  class space    used 10715K, capacity 12811K, committed 12928K, reserved 1048576K
}
Event: 1863.094 GC heap before
{Heap before GC invocations=78 (full 6):
 PSYoungGen      total 96256K, used 94074K [0x00000000f5580000, 0x00000000fb780000, 0x0000000100000000)
  eden space 92160K, 100% used [0x00000000f5580000,0x00000000faf80000,0x00000000faf80000)
  from space 4096K, 46% used [0x00000000faf80000,0x00000000fb15eaa0,0x00000000fb380000)
  to   space 3584K, 0% used [0x00000000fb400000,0x00000000fb400000,0x00000000fb780000)
 ParOldGen       total 96256K, used 46542K [0x00000000e0000000, 0x00000000e5e00000, 0x00000000f5580000)
  object space 96256K, 48% used [0x00000000e0000000,0x00000000e2d73bf8,0x00000000e5e00000)
 Metaspace       used 87315K, capacity 94118K, committed 94336K, reserved 1130496K
  class space    used 10715K, capacity 12811K, committed 12928K, reserved 1048576K
Event: 1863.098 GC heap after
Heap after GC invocations=78 (full 6):
 PSYoungGen      total 96768K, used 1607K [0x00000000f5580000, 0x00000000fb780000, 0x0000000100000000)
  eden space 93184K, 0% used [0x00000000f5580000,0x00000000f5580000,0x00000000fb080000)
  from space 3584K, 44% used [0x00000000fb400000,0x00000000fb591c60,0x00000000fb780000)
  to   space 3584K, 0% used [0x00000000fb080000,0x00000000fb080000,0x00000000fb400000)
 ParOldGen       total 96256K, used 46806K [0x00000000e0000000, 0x00000000e5e00000, 0x00000000f5580000)
  object space 96256K, 48% used [0x00000000e0000000,0x00000000e2db5bf8,0x00000000e5e00000)
 Metaspace       used 87315K, capacity 94118K, committed 94336K, reserved 1130496K
  class space    used 10715K, capacity 12811K, committed 12928K, reserved 1048576K
}
Event: 1867.490 GC heap before
{Heap before GC invocations=79 (full 6):
 PSYoungGen      total 96768K, used 94791K [0x00000000f5580000, 0x00000000fb780000, 0x0000000100000000)
  eden space 93184K, 100% used [0x00000000f5580000,0x00000000fb080000,0x00000000fb080000)
  from space 3584K, 44% used [0x00000000fb400000,0x00000000fb591c60,0x00000000fb780000)
  to   space 3584K, 0% used [0x00000000fb080000,0x00000000fb080000,0x00000000fb400000)
 ParOldGen       total 96256K, used 46806K [0x00000000e0000000, 0x00000000e5e00000, 0x00000000f5580000)
  object space 96256K, 48% used [0x00000000e0000000,0x00000000e2db5bf8,0x00000000e5e00000)
 Metaspace       used 87464K, capacity 94214K, committed 94336K, reserved 1130496K
  class space    used 10735K, capacity 12843K, committed 12928K, reserved 1048576K
Event: 1867.496 GC heap after
Heap after GC invocations=79 (full 6):
 PSYoungGen      total 96768K, used 1578K [0x00000000f5580000, 0x00000000fb880000, 0x0000000100000000)
  eden space 93184K, 0% used [0x00000000f5580000,0x00000000f5580000,0x00000000fb080000)
  from space 3584K, 44% used [0x00000000fb080000,0x00000000fb20ab38,0x00000000fb400000)
  to   space 3584K, 0% used [0x00000000fb500000,0x00000000fb500000,0x00000000fb880000)
 ParOldGen       total 96256K, used 47006K [0x00000000e0000000, 0x00000000e5e00000, 0x00000000f5580000)
  object space 96256K, 48% used [0x00000000e0000000,0x00000000e2de7bf8,0x00000000e5e00000)
 Metaspace       used 87464K, capacity 94214K, committed 94336K, reserved 1130496K
  class space    used 10735K, capacity 12843K, committed 12928K, reserved 1048576K
}
Event: 1871.390 GC heap before
{Heap before GC invocations=80 (full 6):
 PSYoungGen      total 96768K, used 94762K [0x00000000f5580000, 0x00000000fb880000, 0x0000000100000000)
  eden space 93184K, 100% used [0x00000000f5580000,0x00000000fb080000,0x00000000fb080000)
  from space 3584K, 44% used [0x00000000fb080000,0x00000000fb20ab38,0x00000000fb400000)
  to   space 3584K, 0% used [0x00000000fb500000,0x00000000fb500000,0x00000000fb880000)
 ParOldGen       total 96256K, used 47006K [0x00000000e0000000, 0x00000000e5e00000, 0x00000000f5580000)
  object space 96256K, 48% used [0x00000000e0000000,0x00000000e2de7bf8,0x00000000e5e00000)
 Metaspace       used 88227K, capacity 94800K, committed 95104K, reserved 1132544K
  class space    used 10819K, capacity 12844K, committed 12928K, reserved 1048576K
Event: 1871.396 GC heap after
Heap after GC invocations=80 (full 6):
 PSYoungGen      total 97792K, used 2463K [0x00000000f5580000, 0x00000000fb880000, 0x0000000100000000)
  eden space 94208K, 0% used [0x00000000f5580000,0x00000000f5580000,0x00000000fb180000)
  from space 3584K, 68% used [0x00000000fb500000,0x00000000fb767dd8,0x00000000fb880000)
  to   space 3584K, 0% used [0x00000000fb180000,0x00000000fb180000,0x00000000fb500000)
 ParOldGen       total 96256K, used 47062K [0x00000000e0000000, 0x00000000e5e00000, 0x00000000f5580000)
  object space 96256K, 48% used [0x00000000e0000000,0x00000000e2df5bf8,0x00000000e5e00000)
 Metaspace       used 88227K, capacity 94800K, committed 95104K, reserved 1132544K
  class space    used 10819K, capacity 12844K, committed 12928K, reserved 1048576K
}

Deoptimization events (10 events):
Event: 1869.911 Thread 0x00000000164bf800 Uncommon trap: reason=unstable_if action=reinterpret pc=0x000000000447ebbc method=org.eclipse.equinox.internal.event.EventHandlerTracker.getHandlers(Ljava/lang/String;)Ljava/util/Set; @ 28
Event: 1870.281 Thread 0x000000000279e000 Uncommon trap: reason=unstable_if action=reinterpret pc=0x00000000043b96c8 method=org.eclipse.swt.graphics.Resource.dispose()V @ 15
Event: 1870.839 Thread 0x000000000279e000 Uncommon trap: reason=null_check action=make_not_entrant pc=0x00000000030fd480 method=org.eclipse.core.runtime.internal.adaptor.EclipseLazyStarter.shouldActivateFor(Ljava/lang/String;Lorg/eclipse/osgi/baseadaptor/BaseData;Lorg/eclipse/core/runtime/internalÚí5f`;ù@
Event: 1870.844 Thread 0x000000000279e000 Uncommon trap: reason=predicate action=maybe_recompile pc=0x0000000004e2c230 method=java.io.OutputStream.write([BII)V @ 62
Event: 1870.866 Thread 0x000000000279e000 Uncommon trap: reason=null_check action=maybe_recompile pc=0x00000000040a2a1c method=com.xilinx.sdk.targetmanager.internal.json.XMDJSONProcess.issueCommand(Ljava/lang/String;)Lcom/xilinx/sdk/targetmanager/internal/IXMDResult; @ 3
Event: 1870.877 Thread 0x000000000279e000 Uncommon trap: reason=unstable_if action=reinterpret pc=0x0000000004656234 method=org.eclipse.core.internal.jobs.DeadlockDetector.reduceGraph(ILorg/eclipse/core/runtime/jobs/ISchedulingRule;)V @ 341
Event: 1870.880 Thread 0x00000000164bf800 Uncommon trap: reason=unstable_if action=reinterpret pc=0x0000000003155f14 method=org.eclipse.osgi.framework.internal.core.BundleContextImpl.dispatchEvent(Ljava/lang/Object;Ljava/lang/Object;ILjava/lang/Object;)V @ 16
Event: 1870.913 Thread 0x000000001c4fd800 Uncommon trap: reason=unstable_if action=reinterpret pc=0x0000000002bf2d74 method=org.eclipse.core.internal.jobs.JobManager.nextJob()Lorg/eclipse/core/runtime/jobs/Job; @ 80
Event: 1870.913 Thread 0x000000001a0c0000 Uncommon trap: reason=unstable_if action=reinterpret pc=0x0000000002bf2d74 method=org.eclipse.core.internal.jobs.JobManager.nextJob()Lorg/eclipse/core/runtime/jobs/Job; @ 80
Event: 1871.466 Thread 0x000000000279e000 Uncommon trap: reason=unstable_if action=reinterpret pc=0x0000000003e5a180 method=sun.reflect.UnsafeStaticObjectFieldAccessorImpl.set(Ljava/lang/Object;Ljava/lang/Object;)V @ 13

Internal exceptions (10 events):
Event: 1869.673 Thread 0x000000000279e000 Implicit null exception at 0x00000000034db7f0 to 0x00000000034db849
Event: 1870.271 Thread 0x000000001a0c2800 Exception <a 'java/lang/InterruptedException'> (0x00000000f9a151c0) thrown at [C:\re\workspace\8-2-build-windows-amd64-cygwin\jdk8u45\3627\hotspot\src\share\vm\runtime\objectMonitor.cpp, line 1683]
Event: 1870.839 Thread 0x000000000279e000 Implicit null exception at 0x00000000030fbb3b to 0x00000000030fd45d
Event: 1870.866 Thread 0x000000000279e000 Exception <a 'java/lang/NullPointerException'> (0x00000000fa82fda8) thrown at [C:\re\workspace\8-2-build-windows-amd64-cygwin\jdk8u45\3627\hotspot\src\share\vm\prims\jvm.cpp, line 1386]
Event: 1870.929 Thread 0x00000000164c9000 Exception <a 'java/lang/InterruptedException': sleep interrupted> (0x00000000fa987590) thrown at [C:\re\workspace\8-2-build-windows-amd64-cygwin\jdk8u45\3627\hotspot\src\share\vm\prims\jvm.cpp, line 3211]
Event: 1870.931 Thread 0x0000000020122800 Exception <a 'java/lang/InterruptedException'> (0x00000000fa9d30d0) thrown at [C:\re\workspace\8-2-build-windows-amd64-cygwin\jdk8u45\3627\hotspot\src\share\vm\runtime\objectMonitor.cpp, line 1683]
Event: 1870.932 Thread 0x0000000015585800 Exception <a 'java/lang/InterruptedException'> (0x00000000fa9f8e98) thrown at [C:\re\workspace\8-2-build-windows-amd64-cygwin\jdk8u45\3627\hotspot\src\share\vm\runtime\objectMonitor.cpp, line 1683]
Event: 1871.466 Thread 0x00000000164bf800 Exception <a 'java/lang/InterruptedException'> (0x00000000f577dc18) thrown at [C:\re\workspace\8-2-build-windows-amd64-cygwin\jdk8u45\3627\hotspot\src\share\vm\runtime\objectMonitor.cpp, line 1683]
Event: 1871.466 Thread 0x000000000279e000 Implicit null exception at 0x0000000003e59e37 to 0x0000000003e5a16d
Event: 1871.468 Thread 0x000000001c4fb000 Exception <a 'java/io/IOException'> (0x00000000f577eed0) thrown at [C:\re\workspace\8-2-build-windows-amd64-cygwin\jdk8u45\3627\hotspot\src\share\vm\prims\jni.cpp, line 709]

Events (10 events):
Event: 1871.468 Executing VM operation: RevokeBias
Event: 1871.468 Executing VM operation: RevokeBias done
Event: 1871.468 Executing VM operation: RevokeBias
Event: 1871.468 Executing VM operation: RevokeBias done
Event: 1871.468 Executing VM operation: RevokeBias
Event: 1871.468 Executing VM operation: RevokeBias done
Event: 1871.468 Executing VM operation: RevokeBias
Event: 1871.468 Executing VM operation: RevokeBias done
Event: 1871.468 Thread 0x000000001c4fb000 Thread exited: 0x000000001c4fb000
Event: 1871.469 Executing VM operation: Exit


Dynamic libraries:
0x0000000000400000 - 0x000000000044f000 	C:\Xilinx\SDK\2015.4\eclipse\win64.o\eclipse.exe
0x00007ffe360d0000 - 0x00007ffe362a1000 	C:\WINDOWS\SYSTEM32\ntdll.dll
0x00007ffe33990000 - 0x00007ffe33a3b000 	C:\WINDOWS\System32\KERNEL32.DLL
0x00007ffe326d0000 - 0x00007ffe328ed000 	C:\WINDOWS\System32\KERNELBASE.dll
0x00007ffe348e0000 - 0x00007ffe34a45000 	C:\WINDOWS\System32\USER32.dll
0x00007ffe32b10000 - 0x00007ffe32b2e000 	C:\WINDOWS\System32\win32u.dll
0x00007ffe33be0000 - 0x00007ffe33c14000 	C:\WINDOWS\System32\GDI32.dll
0x00007ffe32b30000 - 0x00007ffe32cb2000 	C:\WINDOWS\System32\gdi32full.dll
0x00007ffe34270000 - 0x00007ffe3430e000 	C:\WINDOWS\System32\msvcrt.dll
0x00007ffe21680000 - 0x00007ffe218fa000 	C:\WINDOWS\WinSxS\amd64_microsoft.windows.common-controls_6595b64144ccf1df_6.0.14393.953_none_42151e83c686086b\COMCTL32.dll
0x00007ffe34480000 - 0x00007ffe34748000 	C:\WINDOWS\System32\combase.dll
0x00007ffe32960000 - 0x00007ffe32a55000 	C:\WINDOWS\System32\ucrtbase.dll
0x00007ffe34750000 - 0x00007ffe34871000 	C:\WINDOWS\System32\RPCRT4.dll
0x00007ffe328f0000 - 0x00007ffe3295a000 	C:\WINDOWS\System32\bcryptPrimitives.dll
0x00007ffe36030000 - 0x00007ffe3605e000 	C:\WINDOWS\System32\IMM32.DLL
0x0000000072000000 - 0x0000000072012000 	C:\Xilinx\SDK\2015.4\eclipse\win64.o\plugins\org.eclipse.equinox.launcher.win32.win32.x86_64_1.1.200.v20140116-2212\eclipse_1503.dll
0x00007ffe33c20000 - 0x00007ffe33cc2000 	C:\WINDOWS\System32\ADVAPI32.dll
0x00007ffe33d40000 - 0x00007ffe33d99000 	C:\WINDOWS\System32\sechost.dll
0x00007ffe241a0000 - 0x00007ffe241aa000 	C:\WINDOWS\SYSTEM32\VERSION.dll
0x00007ffe30be0000 - 0x00007ffe30c75000 	C:\WINDOWS\system32\uxtheme.dll
0x00007ffe34310000 - 0x00007ffe3446a000 	C:\WINDOWS\System32\MSCTF.dll
0x00007ffe33680000 - 0x00007ffe3373f000 	C:\WINDOWS\System32\OLEAUT32.dll
0x00007ffe333f0000 - 0x00007ffe3348c000 	C:\WINDOWS\System32\msvcp_win.dll
0x00007ffe2b340000 - 0x00007ffe2b3d8000 	C:\Program Files\Common Files\microsoft shared\ink\tiptsf.dll
0x000000006be90000 - 0x000000006c713000 	C:\Xilinx\SDK\2015.4\tps\win64\jre\bin\server\jvm.dll
0x00007ffe33840000 - 0x00007ffe33848000 	C:\WINDOWS\System32\PSAPI.DLL
0x00007ffe0cf60000 - 0x00007ffe0cf69000 	C:\WINDOWS\SYSTEM32\WSOCK32.dll
0x00007ffe30960000 - 0x00007ffe30983000 	C:\WINDOWS\SYSTEM32\WINMM.dll
0x00007ffe36060000 - 0x00007ffe360ca000 	C:\WINDOWS\System32\WS2_32.dll
0x000000006d780000 - 0x000000006d852000 	C:\Xilinx\SDK\2015.4\tps\win64\jre\bin\MSVCR100.dll
0x00007ffe30900000 - 0x00007ffe3092b000 	C:\WINDOWS\SYSTEM32\WINMMBASE.dll
0x00007ffe333a0000 - 0x00007ffe333e2000 	C:\WINDOWS\System32\cfgmgr32.dll
0x000000006d770000 - 0x000000006d77f000 	C:\Xilinx\SDK\2015.4\tps\win64\jre\bin\verify.dll
0x000000006d740000 - 0x000000006d769000 	C:\Xilinx\SDK\2015.4\tps\win64\jre\bin\java.dll
0x000000006d720000 - 0x000000006d736000 	C:\Xilinx\SDK\2015.4\tps\win64\jre\bin\zip.dll
0x00007ffe34b20000 - 0x00007ffe36029000 	C:\WINDOWS\System32\SHELL32.dll
0x00007ffe32cc0000 - 0x00007ffe3339a000 	C:\WINDOWS\System32\windows.storage.dll
0x00007ffe32530000 - 0x00007ffe3257c000 	C:\WINDOWS\System32\powrprof.dll
0x00007ffe34ac0000 - 0x00007ffe34b12000 	C:\WINDOWS\System32\shlwapi.dll
0x00007ffe32590000 - 0x00007ffe3259f000 	C:\WINDOWS\System32\kernel.appcore.dll
0x00007ffe32a60000 - 0x00007ffe32b09000 	C:\WINDOWS\System32\shcore.dll
0x00007ffe325a0000 - 0x00007ffe325b4000 	C:\WINDOWS\System32\profapi.dll
0x00007ffe32000000 - 0x00007ffe32017000 	C:\WINDOWS\SYSTEM32\CRYPTSP.dll
0x00007ffe31a60000 - 0x00007ffe31a93000 	C:\WINDOWS\system32\rsaenh.dll
0x00007ffe32110000 - 0x00007ffe3213b000 	C:\WINDOWS\SYSTEM32\bcrypt.dll
0x00007ffe31ce0000 - 0x00007ffe31cff000 	C:\WINDOWS\SYSTEM32\USERENV.dll
0x00007ffe32020000 - 0x00007ffe3202b000 	C:\WINDOWS\SYSTEM32\CRYPTBASE.dll
0x000000006d700000 - 0x000000006d71a000 	C:\Xilinx\SDK\2015.4\tps\win64\jre\bin\net.dll
0x00007ffe31e60000 - 0x00007ffe31ebc000 	C:\WINDOWS\system32\mswsock.dll
0x00007ffe31be0000 - 0x00007ffe31c18000 	C:\WINDOWS\SYSTEM32\IPHLPAPI.DLL
0x00007ffe34ab0000 - 0x00007ffe34ab8000 	C:\WINDOWS\System32\NSI.dll
0x00007ffe2acb0000 - 0x00007ffe2acc6000 	C:\WINDOWS\SYSTEM32\dhcpcsvc6.DLL
0x00007ffe2ae40000 - 0x00007ffe2ae5a000 	C:\WINDOWS\SYSTEM32\dhcpcsvc.DLL
0x000000006d6e0000 - 0x000000006d6f1000 	C:\Xilinx\SDK\2015.4\tps\win64\jre\bin\nio.dll
0x00007ffe33da0000 - 0x00007ffe33e3f000 	C:\WINDOWS\System32\clbcatq.dll
0x00007ffe29170000 - 0x00007ffe2931a000 	C:\Windows\System32\uiautomationcore.dll
0x00007ffe32400000 - 0x00007ffe32498000 	C:\WINDOWS\SYSTEM32\sxs.dll
0x00007ffe2bea0000 - 0x00007ffe2bf05000 	C:\Windows\System32\OLEACC.dll
0x00007ffe192d0000 - 0x00007ffe192e6000 	C:\WINDOWS\system32\napinsp.dll
0x00007ffe192a0000 - 0x00007ffe192ba000 	C:\WINDOWS\system32\pnrpnsp.dll
0x00007ffe2f950000 - 0x00007ffe2f968000 	C:\WINDOWS\system32\NLAapi.dll
0x00007ffe31c30000 - 0x00007ffe31cd1000 	C:\WINDOWS\SYSTEM32\DNSAPI.dll
0x00007ffe1bcb0000 - 0x00007ffe1bcbe000 	C:\WINDOWS\System32\winrnr.dll
0x00007ffe192f0000 - 0x00007ffe19305000 	C:\WINDOWS\System32\wshbth.dll
0x00007ffe1c8d0000 - 0x00007ffe1c8da000 	C:\Windows\System32\rasadhlp.dll
0x00007ffe29320000 - 0x00007ffe2938a000 	C:\WINDOWS\System32\fwpuclnt.dll
0x00007ffe33850000 - 0x00007ffe33987000 	C:\WINDOWS\System32\ole32.dll
0x00000000186f0000 - 0x0000000018798000 	C:\Users\chan_\.Xilinx\SDK\2015.4\org.eclipse.osgi\bundles\303\1\.cp\swt-win32-4335.dll
0x00007ffe33740000 - 0x00007ffe3383a000 	C:\WINDOWS\System32\comdlg32.dll
0x00007ffe33490000 - 0x00007ffe33659000 	C:\WINDOWS\System32\CRYPT32.dll
0x00007ffe32580000 - 0x00007ffe32590000 	C:\WINDOWS\System32\MSASN1.dll
0x00007ffe09cf0000 - 0x00007ffe09d76000 	C:\WINDOWS\SYSTEM32\WINSPOOL.DRV
0x00007ffe1cc10000 - 0x00007ffe1ceda000 	C:\WINDOWS\SYSTEM32\WININET.dll
0x00007ffe1d0f0000 - 0x00007ffe1d109000 	C:\WINDOWS\SYSTEM32\USP10.dll
0x00007ffe303f0000 - 0x00007ffe30416000 	C:\WINDOWS\system32\dwmapi.dll
0x00007ffe30130000 - 0x00007ffe302b5000 	C:\WINDOWS\SYSTEM32\propsys.dll
0x0000000018cf0000 - 0x0000000018d0e000 	C:\Users\chan_\.Xilinx\SDK\2015.4\org.eclipse.osgi\bundles\303\1\.cp\swt-gdip-win32-4335.dll
0x00007ffe1a240000 - 0x00007ffe1a3da000 	C:\WINDOWS\WinSxS\amd64_microsoft.windows.gdiplus_6595b64144ccf1df_1.1.14393.953_none_7300116921188239\gdiplus.dll
0x00007ffe2fdc0000 - 0x00007ffe2ff68000 	C:\WINDOWS\SYSTEM32\WindowsCodecs.dll
0x0000000180000000 - 0x0000000180012000 	C:\Users\chan_\.Xilinx\SDK\2015.4\org.eclipse.osgi\bundles\121\1\.cp\os\win32\x86_64\localfile_1_0_0.dll
0x00007ffe1c880000 - 0x00007ffe1c891000 	C:\Users\chan_\.Xilinx\SDK\2015.4\org.eclipse.osgi\bundles\124\1\.cp\jWinHttp-1.0.0.dll
0x00007ffe1a150000 - 0x00007ffe1a21d000 	C:\WINDOWS\SYSTEM32\WINHTTP.dll
0x00007ffe2c720000 - 0x00007ffe2c72f000 	C:\Xilinx\SDK\2015.4\lib\win64.o\librdi_repo_manager.dll
0x00007ffdda920000 - 0x00007ffddb2ad000 	C:\Xilinx\SDK\2015.4\lib\win64.o\librdi_common.dll
0x00007ffe1c770000 - 0x00007ffe1c7c4000 	C:\Xilinx\SDK\2015.4\lib\win64.o\librdi_commonxillic.dll
0x00007ffe094f0000 - 0x00007ffe09597000 	C:\WINDOWS\SYSTEM32\MSVCP110.dll
0x00007ffe09600000 - 0x00007ffe096d4000 	C:\WINDOWS\SYSTEM32\MSVCR110.dll
0x00007ffe1c850000 - 0x00007ffe1c87a000 	C:\Xilinx\SDK\2015.4\lib\win64.o\libisl_sysinfo.dll
0x00007ffddeda0000 - 0x00007ffddf10e000 	C:\Xilinx\SDK\2015.4\lib\win64.o\libCOIN-all.dll
0x00007ffde33a0000 - 0x00007ffde35be000 	C:\Xilinx\SDK\2015.4\lib\win64.o\libXil_lmgr11.dll
0x00007ffe29cd0000 - 0x00007ffe29ce0000 	C:\Xilinx\SDK\2015.4\lib\win64.o\libboost_date_time.dll
0x00007ffe0d690000 - 0x00007ffe0d6b2000 	C:\Xilinx\SDK\2015.4\lib\win64.o\libboost_filesystem.dll
0x00007ffe325c0000 - 0x00007ffe32615000 	C:\WINDOWS\System32\WINTRUST.dll
0x00007ffe0b7b0000 - 0x00007ffe0b8aa000 	C:\Xilinx\SDK\2015.4\lib\win64.o\libboost_regex.dll
0x00007ffe1c640000 - 0x00007ffe1c653000 	C:\Xilinx\SDK\2015.4\lib\win64.o\libboost_signals.dll
0x00007ffe28f30000 - 0x00007ffe28f39000 	C:\Xilinx\SDK\2015.4\lib\win64.o\libboost_system.dll
0x00007ffe0cfd0000 - 0x00007ffe0d044000 	C:\Xilinx\SDK\2015.4\lib\win64.o\libboost_program_options.dll
0x00007ffe198d0000 - 0x00007ffe198ed000 	C:\Xilinx\SDK\2015.4\lib\win64.o\libboost_thread.dll
0x00007ffe271b0000 - 0x00007ffe271bb000 	C:\Xilinx\SDK\2015.4\lib\win64.o\libboost_xilinx.dll
0x00007ffe0bbe0000 - 0x00007ffe0bc60000 	C:\Xilinx\SDK\2015.4\lib\win64.o\libhdlpsolve.dll
0x00007ffe0b710000 - 0x00007ffe0b7aa000 	C:\Xilinx\SDK\2015.4\lib\win64.o\libhdxml.dll
0x00007ffdde3f0000 - 0x00007ffdde824e00 	C:\Xilinx\SDK\2015.4\lib\win64.o\libisl_iostreams.dll
0x00007ffe08c30000 - 0x00007ffe08d60000 	C:\Xilinx\SDK\2015.4\lib\win64.o\librdi_curl.dll
0x00007ffe16c50000 - 0x00007ffe16c68000 	C:\Xilinx\SDK\2015.4\lib\win64.o\librdiconfig.dll
0x00007ffe0b6e0000 - 0x00007ffe0b703000 	C:\Xilinx\SDK\2015.4\lib\win64.o\librdizlib.dll
0x000000006d860000 - 0x000000006d987000 	C:\Xilinx\SDK\2015.4\lib\win64.o\tcl85t.dll
0x00007ffe1cee0000 - 0x00007ffe1d0a2000 	C:\WINDOWS\SYSTEM32\urlmon.dll
0x0000000021c90000 - 0x0000000021ef3000 	C:\Xilinx\SDK\2015.4\lib\win64.o\xerces-c_3_1.dll
0x00007ffe244d0000 - 0x00007ffe244f3000 	C:\WINDOWS\SYSTEM32\VCOMP110.DLL
0x00007ffde29e0000 - 0x00007ffde2bcc000 	C:\Xilinx\SDK\2015.4\lib\win64.o\librdi_hsm.dll
0x00007ffe18470000 - 0x00007ffe18488000 	C:\WINDOWS\SYSTEM32\NETAPI32.dll
0x00007ffe24530000 - 0x00007ffe2453b000 	C:\Xilinx\SDK\2015.4\lib\win64.o\libboost_chrono.dll
0x00007ffe16110000 - 0x00007ffe16126000 	C:\Xilinx\SDK\2015.4\lib\win64.o\libboost_iostreams.dll
0x00007ffe16000000 - 0x00007ffe16015000 	C:\Xilinx\SDK\2015.4\lib\win64.o\pthreadVC2.dll
0x00007ffe0b640000 - 0x00007ffe0b663000 	C:\Xilinx\SDK\2015.4\lib\win64.o\libisl_iosutils.dll
0x00007ffe25d40000 - 0x00007ffe25fe2000 	C:\WINDOWS\SYSTEM32\iertutil.dll
0x00007ffddcc00000 - 0x00007ffddce55000 	C:\Xilinx\SDK\2015.4\lib\win64.o\librdi_ippcw.dll
0x00007ffe0b080000 - 0x00007ffe0b0c3000 	C:\Xilinx\SDK\2015.4\lib\win64.o\librdi_hdf.dll
0x00007ffe24340000 - 0x00007ffe24347000 	C:\WINDOWS\SYSTEM32\msimg32.dll
0x00007ffe24850000 - 0x00007ffe24892000 	C:\WINDOWS\SYSTEM32\edputil.dll
0x00007ffdd98d0000 - 0x00007ffdda0e0000 	C:\Xilinx\SDK\2015.4\lib\win64.o\libXil_lmgr11FNP.dll
0x00007ffe33e40000 - 0x00007ffe34269000 	C:\WINDOWS\System32\SETUPAPI.dll
0x00007ffe09c70000 - 0x00007ffe09c7c000 	C:\WINDOWS\SYSTEM32\snmpapi.dll
0x00007ffe32230000 - 0x00007ffe3225c000 	C:\WINDOWS\SYSTEM32\SspiCli.dll
0x00007ffe31140000 - 0x00007ffe31168000 	C:\WINDOWS\SYSTEM32\DEVOBJ.dll
0x00007ffe31930000 - 0x00007ffe31962000 	C:\WINDOWS\SYSTEM32\ntmarta.dll
0x00007ffe29ce0000 - 0x00007ffe29cf6000 	C:\Xilinx\SDK\2015.4\eclipse\win64.o\plugins\org.eclipse.cdt.core.win32.x86_64_5.2.0.201402142303\os\win32\x86_64\spawner.dll
0x00007ffe286e0000 - 0x00007ffe286ea000 	C:\Xilinx\SDK\2015.4\lib\win64.o\librdi_jtag_settings.dll

VM Arguments:
jvm_args: -Dcom.xilinx.sdk.args.hwspec=C:/axis_tut/tpg/proj/hdmi_out.sdk/hdmi_out_wrapper.hdf -Xms64m -Xmx512m & 
java_command: <unknown>
java_class_path (initial): C:\Xilinx\SDK\2015.4\eclipse\win64.o\\plugins/org.eclipse.equinox.launcher_1.3.0.v20130327-1440.jar
Launcher Type: generic

Environment Variables:
PATH=C:/Xilinx/SDK/2015.4/tps/win64/jre/bin/server;C:/Xilinx/SDK/2015.4/tps/win64/jre/bin;C:/Xilinx/SDK/2015.4/tps/win64/jre/lib/amd64;C:\Xilinx\SDK\2015.4\gnuwin\bin;C:\Xilinx\SDK\2015.4\gnu\microblaze\nt\bin;C:\Xilinx\SDK\2015.4\gnu\microblaze\linux_toolchain\nt64_le\bin;C:\Xilinx\SDK\2015.4\gnu\microblaze\linux_toolchain\nt64_be\bin;C:\Xilinx\SDK\2015.4\gnu\arm\nt\bin;C:\Xilinx\SDK\2015.4\gnu\aarch64\nt\aarch64-none\bin;C:\Xilinx\SDK\2015.4\gnu\aarch64\nt\aarch64-linux\bin;C:\Xilinx\SDK\2015.4\gnu\armr5\nt\gcc-arm-none-eabi\bin;C:\Xilinx\SDK\2015.4\gnu\aarch32\nt\gcc-arm-none-eabi\bin;C:\Xilinx\SDK\2015.4\gnu\aarch32\nt\gcc-arm-linux-gnueabi\bin;C:\Xilinx\SDK\2015.4\bin;C:\Xilinx\SDK\2015.4\lib\win64.o;C:\Xilinx\SDK\2015.4\tps\win64\jre\bin\server;C:\Xilinx\SDK\2015.4\tps\win64\jre\bin;C:\Xilinx\Vivado\2015.4\ids_lite\ISE\bin\nt64;C:\Xilinx\Vivado\2015.4\ids_lite\ISE\lib\nt64;C:\Xilinx\Vivado\2015.4\bin;C:\Xilinx\Vivado\2015.4\lib\win64.o;C:\Xilinx\Vivado\2015.4\tps\win64\jre\bin\server;C:\Xilinx\Vivado\2015.4\tps\win64\jre\bin;C:\Xilinx\Vivado_HLS\2015.4\bin;C:\WINDOWS\system32;C:\WINDOWS;C:\WINDOWS\System32\Wbem;C:\WINDOWS\System32\WindowsPowerShell\v1.0\;C:\Program Files\MATLAB\R2016b\runtime\win64;C:\Program Files\MATLAB\R2016b\bin;C:\Program Files\MiKTeX 2.9\miktex\bin\x64\;C:\Users\chan_\AppData\Local\Microsoft\WindowsApps;C:\GHDL\ghdl\bin;C:\GHDL\gtkwave\bin;c:\axis_tut\tpg\proj;
USERNAME=chan_
OS=Windows_NT
PROCESSOR_IDENTIFIER=Intel64 Family 6 Model 78 Stepping 3, GenuineIntel



---------------  S Y S T E M  ---------------

OS: Windows 10.0 , 64 bit Build 14393 (10.0.14393.0)

CPU:total 4 (2 cores per cpu, 2 threads per core) family 6 model 78 stepping 3, cmov, cx8, fxsr, mmx, sse, sse2, sse3, ssse3, sse4.1, sse4.2, popcnt, avx, avx2, aes, clmul, erms, rtm, 3dnowpref, lzcnt, ht, tsc, tscinvbit, bmi1, bmi2, adx

Memory: 4k page, physical 4118636k(695288k free), swap 8636500k(2442992k free)

vm_info: Java HotSpot(TM) 64-Bit Server VM (25.45-b02) for windows-amd64 JRE (1.8.0_45-b15), built on Apr 30 2015 12:40:44 by "java_re" with MS VC++ 10.0 (VS2010)

time: Mon Apr 10 07:29:55 2017
elapsed time: 1871 seconds (0d 0h 31m 11s)

