#
# A fatal error has been detected by the Java Runtime Environment:
#
#  Internal Error (0xc000000d), pid=10656, tid=10604
#
# JRE version: Java(TM) SE Runtime Environment (8.0_45-b15) (build 1.8.0_45-b15)
# Java VM: Java HotSpot(TM) 64-Bit Server VM (25.45-b02 mixed mode windows-amd64 compressed oops)
# Problematic frame:
# C  [ntdll.dll+0xff44c]
#
# Failed to write core dump. Minidumps are not enabled by default on client versions of Windows
#
# If you would like to submit a bug report, please visit:
#   http://bugreport.java.com/bugreport/crash.jsp
#

---------------  T H R E A D  ---------------

Current thread (0x0000000013b47000):  VMThread [stack: 0x0000000014bd0000,0x0000000014cd0000] [id=10604]

siginfo: ExceptionCode=0xc000000d

Registers:
RAX=0x0000000016e7a2b0, RBX=0xfffffffffffffffe, RCX=0x0000000000000000, RDX=0x3f800000000000ab
RSP=0x0000000014ccf270, RBP=0x00007ffe09607408, RSI=0x0000000000000000, RDI=0x000000000000029c
R8 =0x000000006c496298, R9 =0x000000000014f7b0, R10=0x00007ffe360d7c1f, R11=0x0000000016e7a2b0
R12=0x0000000025bd51d0, R13=0x0000000023f6edd0, R14=0x0000000025bd52d8, R15=0x0000000014ccf3e8
RIP=0x00007ffe361cf44c, EFLAGS=0x0000000000000206

Top of Stack: (sp=0x0000000014ccf270)
0x0000000014ccf270:   0000000000000057 fffffffffffffffe
0x0000000014ccf280:   0000000000000000 000000000000029c
0x0000000014ccf290:   00000000c000000d 0000000000000000
0x0000000014ccf2a0:   00007ffe361cf44c 0000000000000000
0x0000000014ccf2b0:   0000000000000000 0000000000000000
0x0000000014ccf2c0:   0000000000000000 0000000000000000
0x0000000014ccf2d0:   0000000000000000 0000000000000000
0x0000000014ccf2e0:   0000000000000000 0000000000000000
0x0000000014ccf2f0:   0000000000000000 0000000000000000
0x0000000014ccf300:   0000000000000000 0000000000000000
0x0000000014ccf310:   0000000000000000 0000000000000000
0x0000000014ccf320:   0000000000000000 0000000000000000
0x0000000014ccf330:   00009d1ee70e7e88 0000000000000000
0x0000000014ccf340:   0000000000000000 00007ffe3619150d
0x0000000014ccf350:   0000000000000000 0000000000000000
0x0000000014ccf360:   0000000000000001 0000000000000000 

Instructions: (pc=0x00007ffe361cf44c)
0x00007ffe361cf42c:   d5 fa ff c7 44 24 20 0d 00 00 c0 b9 57 00 00 00
0x00007ffe361cf43c:   e8 7f 13 f6 ff 90 48 8d 4c 24 20 e8 04 bf f4 ff
0x00007ffe361cf44c:   eb 00 48 8b 8c 24 c0 00 00 00 48 33 cc e8 82 74
0x00007ffe361cf45c:   f9 ff 48 81 c4 d8 00 00 00 c3 40 55 48 83 ec 20 


Register to memory mapping:

RAX=0x0000000016e7a2b0 is an unknown value
RBX=0xfffffffffffffffe is an unknown value
RCX=0x0000000000000000 is an unknown value
RDX=0x3f800000000000ab is an unknown value
RSP=0x0000000014ccf270 is an unknown value
RBP=0x00007ffe09607408 is an unknown value
RSI=0x0000000000000000 is an unknown value
RDI=0x000000000000029c is an unknown value
R8 =0x000000006c496298 is an unknown value
R9 =0x000000000014f7b0 is pointing into the stack for thread: 0x000000000286e000
R10=0x00007ffe360d7c1f is an unknown value
R11=0x0000000016e7a2b0 is an unknown value
R12=0x0000000025bd51d0 is an unknown value
R13=0x0000000023f6edd0 is an unknown value
R14=0x0000000025bd52d8 is an unknown value
R15=0x0000000014ccf3e8 is an unknown value


Stack: [0x0000000014bd0000,0x0000000014cd0000],  sp=0x0000000014ccf270,  free space=1020k
Native frames: (J=compiled Java code, j=interpreted, Vv=VM code, C=native code)
C  [ntdll.dll+0xff44c]
C  [ntdll.dll+0xc150d]
C  [KERNEL32.DLL+0x1fbba]
C  [MSVCR110.dll+0x752d]
C  [MSVCR110.dll+0x73c6]
C  [MSVCR110.dll+0x14cca]
C  [MSVCR110.dll+0x13edc]
C  [MSVCR110.dll+0x239e]
C  [MSVCR110.dll+0xaf9e]
C  [MSVCP110.dll+0x397b9]
C  [librdi_common.dll+0x14283e]
C  [librdi_common.dll+0x141449]
C  0x00007ffe271b2400
C  0x00007ffe271b2682
C  [ntdll.dll+0x2a35f]
C  [ntdll.dll+0x806b]
C  [ntdll.dll+0x7d94]
C  [KERNEL32.DLL+0x1ce6a]
C  [MSVCR100.dll+0x20ccd]
V  [jvm.dll+0x20f135]
V  [jvm.dll+0x247ef7]
V  [jvm.dll+0x247196]
V  [jvm.dll+0x247631]
V  [jvm.dll+0x24784e]
V  [jvm.dll+0x29853a]
C  [MSVCR100.dll+0x21d9f]
C  [MSVCR100.dll+0x21e3b]
C  [KERNEL32.DLL+0x8364]
C  [ntdll.dll+0x670d1]

VM_Operation (0x000000000014f500): Exit, mode: safepoint, requested by thread 0x000000000286e000


---------------  P R O C E S S  ---------------

Java Threads: ( => current thread )
  0x000000001eb26800 JavaThread "pool-2-thread-1" [_thread_blocked, id=7924, stack(0x000000002b010000,0x000000002b110000)]
  0x000000002065b800 JavaThread "Thread-18" daemon [_thread_blocked, id=5328, stack(0x0000000026f00000,0x0000000027000000)]
  0x0000000016b06000 JavaThread "TCF Locator DNS Lookup" daemon [_thread_blocked, id=6540, stack(0x0000000023310000,0x0000000023410000)]
  0x0000000016b07800 JavaThread "TCF Locator Timer" daemon [_thread_blocked, id=4016, stack(0x0000000023210000,0x0000000023310000)]
  0x0000000016b0c800 JavaThread "TCF Locator Receiver" daemon [_thread_in_native, id=9496, stack(0x0000000023110000,0x0000000023210000)]
  0x0000000016b0c000 JavaThread "TCF Timer Dispatcher" daemon [_thread_blocked, id=9972, stack(0x0000000021850000,0x0000000021950000)]
  0x00000000169dc800 JavaThread "EMF Reference Cleaner" daemon [_thread_blocked, id=9812, stack(0x00000000189e0000,0x0000000018ae0000)]
  0x0000000013bde800 JavaThread "Service Thread" daemon [_thread_blocked, id=10528, stack(0x00000000157d0000,0x00000000158d0000)]
  0x0000000013b87800 JavaThread "C1 CompilerThread2" daemon [_thread_blocked, id=10544, stack(0x00000000152d0000,0x00000000153d0000)]
  0x0000000013b83800 JavaThread "C2 CompilerThread1" daemon [_thread_blocked, id=10548, stack(0x00000000151d0000,0x00000000152d0000)]
  0x0000000013b81800 JavaThread "C2 CompilerThread0" daemon [_thread_blocked, id=10552, stack(0x00000000150d0000,0x00000000151d0000)]
  0x0000000013b7d800 JavaThread "Attach Listener" daemon [_thread_blocked, id=10556, stack(0x0000000014fd0000,0x00000000150d0000)]
  0x0000000013b49000 JavaThread "Finalizer" daemon [_thread_blocked, id=10564, stack(0x0000000014dd0000,0x0000000014ed0000)]
  0x00000000026ee800 JavaThread "Reference Handler" daemon [_thread_blocked, id=10596, stack(0x0000000014cd0000,0x0000000014dd0000)]
  0x000000000286e000 JavaThread "main" [_thread_blocked, id=10648, stack(0x0000000000050000,0x0000000000150000)]

Other Threads:
=>0x0000000013b47000 VMThread [stack: 0x0000000014bd0000,0x0000000014cd0000] [id=10604]

VM state:at safepoint (shutting down)

VM Mutex/Monitor currently owned by a thread:  ([mutex/lock_event])
[0x000000000286d040] Threads_lock - owner thread: 0x0000000013b47000

Heap:
 PSYoungGen      total 120320K, used 36156K [0x00000000f5580000, 0x00000000fe580000, 0x0000000100000000)
  eden space 96256K, 35% used [0x00000000f5580000,0x00000000f768d528,0x00000000fb380000)
  from space 24064K, 9% used [0x00000000fb380000,0x00000000fb5c1c80,0x00000000fcb00000)
  to   space 23552K, 0% used [0x00000000fce80000,0x00000000fce80000,0x00000000fe580000)
 ParOldGen       total 85504K, used 48448K [0x00000000e0000000, 0x00000000e5380000, 0x00000000f5580000)
  object space 85504K, 56% used [0x00000000e0000000,0x00000000e2f50170,0x00000000e5380000)
 Metaspace       used 79173K, capacity 86128K, committed 86400K, reserved 1124352K
  class space    used 9923K, capacity 12106K, committed 12160K, reserved 1048576K

Card table byte_map: [0x0000000002720000,0x0000000002830000] byte_map_base: 0x0000000002020000

Marking Bits: (ParMarkBitMap*) 0x000000006c694040
 Begin Bits: [0x00000000120e0000, 0x00000000128e0000)
 End Bits:   [0x00000000128e0000, 0x00000000130e0000)

Polling page: 0x0000000000570000

CodeCache: size=245760Kb used=25057Kb max_used=25211Kb free=220703Kb
 bounds [0x0000000002870000, 0x0000000004150000, 0x0000000011870000]
 total_blobs=7986 nmethods=7139 adapters=754
 compilation: enabled

Compilation events (10 events):
Event: 99.380 Thread 0x0000000013b81800 nmethod 8812 0x0000000003a27e10 code [0x0000000003a281c0, 0x0000000003a2b420]
Event: 99.385 Thread 0x0000000013b83800 8833       4       java.io.WinNTFileSystem::prefixLength (91 bytes)
Event: 99.386 Thread 0x0000000013b83800 nmethod 8833 0x00000000040c3c90 code [0x00000000040c3de0, 0x00000000040c3fb8]
Event: 99.407 Thread 0x0000000013b81800 8834       4       java.io.WinNTFileSystem::resolve (231 bytes)
Event: 99.414 Thread 0x0000000013b81800 nmethod 8834 0x00000000033e4550 code [0x00000000033e46e0, 0x00000000033e4f78]
Event: 99.437 Thread 0x0000000013b83800 8835       4       java.io.File::isDirectory (43 bytes)
Event: 99.440 Thread 0x0000000013b87800 8836       3       org.eclipse.osgi.framework.internal.core.AbstractBundle::close (52 bytes)
Event: 99.441 Thread 0x0000000013b87800 nmethod 8836 0x0000000002e1b210 code [0x0000000002e1b440, 0x0000000002e1c148]
Event: 99.441 Thread 0x0000000013b81800 8837       4       java.lang.Class::copyFields (36 bytes)
Event: 99.441 Thread 0x0000000013b83800 nmethod 8835 0x00000000033fead0 code [0x00000000033fec20, 0x00000000033fee28]

GC Heap History (10 events):
Event: 77.612 GC heap before
{Heap before GC invocations=21 (full 4):
 PSYoungGen      total 109056K, used 86376K [0x00000000f5580000, 0x00000000fe780000, 0x0000000100000000)
  eden space 84992K, 100% used [0x00000000f5580000,0x00000000fa880000,0x00000000fa880000)
  from space 24064K, 5% used [0x00000000fc100000,0x00000000fc25a220,0x00000000fd880000)
  to   space 25088K, 0% used [0x00000000fa880000,0x00000000fa880000,0x00000000fc100000)
 ParOldGen       total 85504K, used 48416K [0x00000000e0000000, 0x00000000e5380000, 0x00000000f5580000)
  object space 85504K, 56% used [0x00000000e0000000,0x00000000e2f48170,0x00000000e5380000)
 Metaspace       used 77278K, capacity 83884K, committed 83968K, reserved 1122304K
  class space    used 9723K, capacity 11727K, committed 11776K, reserved 1048576K
Event: 77.618 GC heap after
Heap after GC invocations=21 (full 4):
 PSYoungGen      total 110080K, used 3124K [0x00000000f5580000, 0x00000000fe580000, 0x0000000100000000)
  eden space 84992K, 0% used [0x00000000f5580000,0x00000000f5580000,0x00000000fa880000)
  from space 25088K, 12% used [0x00000000fa880000,0x00000000fab8d048,0x00000000fc100000)
  to   space 25088K, 0% used [0x00000000fcd00000,0x00000000fcd00000,0x00000000fe580000)
 ParOldGen       total 85504K, used 48424K [0x00000000e0000000, 0x00000000e5380000, 0x00000000f5580000)
  object space 85504K, 56% used [0x00000000e0000000,0x00000000e2f4a170,0x00000000e5380000)
 Metaspace       used 77278K, capacity 83884K, committed 83968K, reserved 1122304K
  class space    used 9723K, capacity 11727K, committed 11776K, reserved 1048576K
}
Event: 82.386 GC heap before
{Heap before GC invocations=22 (full 4):
 PSYoungGen      total 110080K, used 88116K [0x00000000f5580000, 0x00000000fe580000, 0x0000000100000000)
  eden space 84992K, 100% used [0x00000000f5580000,0x00000000fa880000,0x00000000fa880000)
  from space 25088K, 12% used [0x00000000fa880000,0x00000000fab8d048,0x00000000fc100000)
  to   space 25088K, 0% used [0x00000000fcd00000,0x00000000fcd00000,0x00000000fe580000)
 ParOldGen       total 85504K, used 48424K [0x00000000e0000000, 0x00000000e5380000, 0x00000000f5580000)
  object space 85504K, 56% used [0x00000000e0000000,0x00000000e2f4a170,0x00000000e5380000)
 Metaspace       used 77506K, capacity 84310K, committed 84608K, reserved 1122304K
  class space    used 9742K, capacity 11829K, committed 11904K, reserved 1048576K
Event: 82.390 GC heap after
Heap after GC invocations=22 (full 4):
 PSYoungGen      total 111104K, used 2249K [0x00000000f5580000, 0x00000000fe000000, 0x0000000100000000)
  eden space 91648K, 0% used [0x00000000f5580000,0x00000000f5580000,0x00000000faf00000)
  from space 19456K, 11% used [0x00000000fcd00000,0x00000000fcf32768,0x00000000fe000000)
  to   space 25088K, 0% used [0x00000000faf00000,0x00000000faf00000,0x00000000fc780000)
 ParOldGen       total 85504K, used 48432K [0x00000000e0000000, 0x00000000e5380000, 0x00000000f5580000)
  object space 85504K, 56% used [0x00000000e0000000,0x00000000e2f4c170,0x00000000e5380000)
 Metaspace       used 77506K, capacity 84310K, committed 84608K, reserved 1122304K
  class space    used 9742K, capacity 11829K, committed 11904K, reserved 1048576K
}
Event: 87.263 GC heap before
{Heap before GC invocations=23 (full 4):
 PSYoungGen      total 111104K, used 93897K [0x00000000f5580000, 0x00000000fe000000, 0x0000000100000000)
  eden space 91648K, 100% used [0x00000000f5580000,0x00000000faf00000,0x00000000faf00000)
  from space 19456K, 11% used [0x00000000fcd00000,0x00000000fcf32768,0x00000000fe000000)
  to   space 25088K, 0% used [0x00000000faf00000,0x00000000faf00000,0x00000000fc780000)
 ParOldGen       total 85504K, used 48432K [0x00000000e0000000, 0x00000000e5380000, 0x00000000f5580000)
  object space 85504K, 56% used [0x00000000e0000000,0x00000000e2f4c170,0x00000000e5380000)
 Metaspace       used 77595K, capacity 84322K, committed 84608K, reserved 1122304K
  class space    used 9748K, capacity 11833K, committed 11904K, reserved 1048576K
Event: 87.267 GC heap after
Heap after GC invocations=23 (full 4):
 PSYoungGen      total 116736K, used 2128K [0x00000000f5580000, 0x00000000fe480000, 0x0000000100000000)
  eden space 91648K, 0% used [0x00000000f5580000,0x00000000f5580000,0x00000000faf00000)
  from space 25088K, 8% used [0x00000000faf00000,0x00000000fb114010,0x00000000fc780000)
  to   space 24576K, 0% used [0x00000000fcc80000,0x00000000fcc80000,0x00000000fe480000)
 ParOldGen       total 85504K, used 48440K [0x00000000e0000000, 0x00000000e5380000, 0x00000000f5580000)
  object space 85504K, 56% used [0x00000000e0000000,0x00000000e2f4e170,0x00000000e5380000)
 Metaspace       used 77595K, capacity 84322K, committed 84608K, reserved 1122304K
  class space    used 9748K, capacity 11833K, committed 11904K, reserved 1048576K
}
Event: 92.381 GC heap before
{Heap before GC invocations=24 (full 4):
 PSYoungGen      total 116736K, used 93776K [0x00000000f5580000, 0x00000000fe480000, 0x0000000100000000)
  eden space 91648K, 100% used [0x00000000f5580000,0x00000000faf00000,0x00000000faf00000)
  from space 25088K, 8% used [0x00000000faf00000,0x00000000fb114010,0x00000000fc780000)
  to   space 24576K, 0% used [0x00000000fcc80000,0x00000000fcc80000,0x00000000fe480000)
 ParOldGen       total 85504K, used 48440K [0x00000000e0000000, 0x00000000e5380000, 0x00000000f5580000)
  object space 85504K, 56% used [0x00000000e0000000,0x00000000e2f4e170,0x00000000e5380000)
 Metaspace       used 77909K, capacity 84756K, committed 84992K, reserved 1122304K
  class space    used 9790K, capacity 11910K, committed 12032K, reserved 1048576K
Event: 92.385 GC heap after
Heap after GC invocations=24 (full 4):
 PSYoungGen      total 118784K, used 2583K [0x00000000f5580000, 0x00000000fe280000, 0x0000000100000000)
  eden space 96256K, 0% used [0x00000000f5580000,0x00000000f5580000,0x00000000fb380000)
  from space 22528K, 11% used [0x00000000fcc80000,0x00000000fcf05c70,0x00000000fe280000)
  to   space 24064K, 0% used [0x00000000fb380000,0x00000000fb380000,0x00000000fcb00000)
 ParOldGen       total 85504K, used 48448K [0x00000000e0000000, 0x00000000e5380000, 0x00000000f5580000)
  object space 85504K, 56% used [0x00000000e0000000,0x00000000e2f50170,0x00000000e5380000)
 Metaspace       used 77909K, capacity 84756K, committed 84992K, reserved 1122304K
  class space    used 9790K, capacity 11910K, committed 12032K, reserved 1048576K
}
Event: 97.148 GC heap before
{Heap before GC invocations=25 (full 4):
 PSYoungGen      total 118784K, used 98839K [0x00000000f5580000, 0x00000000fe280000, 0x0000000100000000)
  eden space 96256K, 100% used [0x00000000f5580000,0x00000000fb380000,0x00000000fb380000)
  from space 22528K, 11% used [0x00000000fcc80000,0x00000000fcf05c70,0x00000000fe280000)
  to   space 24064K, 0% used [0x00000000fb380000,0x00000000fb380000,0x00000000fcb00000)
 ParOldGen       total 85504K, used 48448K [0x00000000e0000000, 0x00000000e5380000, 0x00000000f5580000)
  object space 85504K, 56% used [0x00000000e0000000,0x00000000e2f50170,0x00000000e5380000)
 Metaspace       used 77915K, capacity 84756K, committed 84992K, reserved 1122304K
  class space    used 9791K, capacity 11910K, committed 12032K, reserved 1048576K
Event: 97.152 GC heap after
Heap after GC invocations=25 (full 4):
 PSYoungGen      total 120320K, used 2311K [0x00000000f5580000, 0x00000000fe580000, 0x0000000100000000)
  eden space 96256K, 0% used [0x00000000f5580000,0x00000000f5580000,0x00000000fb380000)
  from space 24064K, 9% used [0x00000000fb380000,0x00000000fb5c1c80,0x00000000fcb00000)
  to   space 23552K, 0% used [0x00000000fce80000,0x00000000fce80000,0x00000000fe580000)
 ParOldGen       total 85504K, used 48448K [0x00000000e0000000, 0x00000000e5380000, 0x00000000f5580000)
  object space 85504K, 56% used [0x00000000e0000000,0x00000000e2f50170,0x00000000e5380000)
 Metaspace       used 77915K, capacity 84756K, committed 84992K, reserved 1122304K
  class space    used 9791K, capacity 11910K, committed 12032K, reserved 1048576K
}

Deoptimization events (10 events):
Event: 98.204 Thread 0x000000000286e000 Uncommon trap: reason=unstable_if action=reinterpret pc=0x0000000003d71cc4 method=org.eclipse.equinox.internal.event.EventHandlerTracker.getHandlers(Ljava/lang/String;)Ljava/util/Set; @ 28
Event: 98.207 Thread 0x000000000286e000 Uncommon trap: reason=class_check action=maybe_recompile pc=0x00000000040b24e8 method=org.eclipse.e4.core.internal.contexts.TrackableComputationExt.update(Lorg/eclipse/e4/core/internal/contexts/ContextChangeEvent;)Z @ 62
Event: 98.207 Thread 0x000000000286e000 Uncommon trap: reason=class_check action=maybe_recompile pc=0x000000000408fb24 method=org.eclipse.e4.core.internal.contexts.ContextObjectSupplier$ContextInjectionListener.update(Lorg/eclipse/e4/core/contexts/IEclipseContext;I[Ljava/lang/Object;)Z @ 173
Event: 98.207 Thread 0x000000000286e000 Uncommon trap: reason=class_check action=maybe_recompile pc=0x00000000040b24e8 method=org.eclipse.e4.core.internal.contexts.TrackableComputationExt.update(Lorg/eclipse/e4/core/internal/contexts/ContextChangeEvent;)Z @ 62
Event: 98.207 Thread 0x000000000286e000 Uncommon trap: reason=class_check action=maybe_recompile pc=0x000000000408fb24 method=org.eclipse.e4.core.internal.contexts.ContextObjectSupplier$ContextInjectionListener.update(Lorg/eclipse/e4/core/contexts/IEclipseContext;I[Ljava/lang/Object;)Z @ 173
Event: 98.207 Thread 0x000000000286e000 Uncommon trap: reason=class_check action=maybe_recompile pc=0x00000000040b24e8 method=org.eclipse.e4.core.internal.contexts.TrackableComputationExt.update(Lorg/eclipse/e4/core/internal/contexts/ContextChangeEvent;)Z @ 62
Event: 98.207 Thread 0x000000000286e000 Uncommon trap: reason=class_check action=maybe_recompile pc=0x000000000408fb24 method=org.eclipse.e4.core.internal.contexts.ContextObjectSupplier$ContextInjectionListener.update(Lorg/eclipse/e4/core/contexts/IEclipseContext;I[Ljava/lang/Object;)Z @ 173
Event: 99.211 Thread 0x000000000286e000 Uncommon trap: reason=unstable_if action=reinterpret pc=0x0000000003121e34 method=org.eclipse.core.runtime.internal.adaptor.EclipseLazyStarter.shouldActivateFor(Ljava/lang/String;Lorg/eclipse/osgi/baseadaptor/BaseData;Lorg/eclipse/core/runtime/internal/adaë­f_ÒÍX@
Event: 99.216 Thread 0x000000001554a000 Uncommon trap: reason=unstable_if action=reinterpret pc=0x000000000318d1d0 method=org.eclipse.osgi.framework.internal.core.BundleContextImpl.dispatchEvent(Ljava/lang/Object;Ljava/lang/Object;ILjava/lang/Object;)V @ 16
Event: 99.229 Thread 0x000000000286e000 Uncommon trap: reason=null_check action=maybe_recompile pc=0x0000000003ef4388 method=com.xilinx.sdk.targetmanager.internal.json.XMDJSONProcess.issueCommand(Ljava/lang/String;)Lcom/xilinx/sdk/targetmanager/internal/IXMDResult; @ 3

Internal exceptions (10 events):
Event: 97.589 Thread 0x000000000286e000 Exception <a 'java/io/IOException'> (0x00000000f6565fe8) thrown at [C:\re\workspace\8-2-build-windows-amd64-cygwin\jdk8u45\3627\hotspot\src\share\vm\prims\jni.cpp, line 709]
Event: 97.607 Thread 0x0000000016b0b000 Exception <a 'java/lang/InterruptedException'> (0x00000000f6600e10) thrown at [C:\re\workspace\8-2-build-windows-amd64-cygwin\jdk8u45\3627\hotspot\src\share\vm\runtime\objectMonitor.cpp, line 1683]
Event: 97.608 Thread 0x0000000019e82000 Exception <a 'java/lang/InterruptedException'> (0x00000000f660f7d0) thrown at [C:\re\workspace\8-2-build-windows-amd64-cygwin\jdk8u45\3627\hotspot\src\share\vm\runtime\objectMonitor.cpp, line 1683]
Event: 97.761 Thread 0x000000000286e000 Implicit null exception at 0x00000000035257f0 to 0x0000000003525849
Event: 98.642 Thread 0x000000002065a000 Exception <a 'java/lang/InterruptedException'> (0x00000000f6fa7f00) thrown at [C:\re\workspace\8-2-build-windows-amd64-cygwin\jdk8u45\3627\hotspot\src\share\vm\runtime\objectMonitor.cpp, line 1683]
Event: 99.229 Thread 0x000000000286e000 Exception <a 'java/lang/NullPointerException'> (0x00000000f71e5358) thrown at [C:\re\workspace\8-2-build-windows-amd64-cygwin\jdk8u45\3627\hotspot\src\share\vm\prims\jvm.cpp, line 1386]
Event: 99.296 Thread 0x000000001653e800 Exception <a 'java/lang/InterruptedException': sleep interrupted> (0x00000000f7350368) thrown at [C:\re\workspace\8-2-build-windows-amd64-cygwin\jdk8u45\3627\hotspot\src\share\vm\prims\jvm.cpp, line 3211]
Event: 99.297 Thread 0x000000001ffca800 Exception <a 'java/lang/InterruptedException'> (0x00000000f7440d50) thrown at [C:\re\workspace\8-2-build-windows-amd64-cygwin\jdk8u45\3627\hotspot\src\share\vm\runtime\objectMonitor.cpp, line 1683]
Event: 99.297 Thread 0x000000001667a000 Exception <a 'java/lang/InterruptedException'> (0x00000000f745a418) thrown at [C:\re\workspace\8-2-build-windows-amd64-cygwin\jdk8u45\3627\hotspot\src\share\vm\runtime\objectMonitor.cpp, line 1683]
Event: 99.440 Thread 0x000000001554a000 Exception <a 'java/lang/InterruptedException'> (0x00000000f730b1f8) thrown at [C:\re\workspace\8-2-build-windows-amd64-cygwin\jdk8u45\3627\hotspot\src\share\vm\runtime\objectMonitor.cpp, line 1683]

Events (10 events):
Event: 99.441 loading class java/util/IdentityHashMap$IdentityHashMapIterator done
Event: 99.441 loading class java/util/IdentityHashMap$KeyIterator done
Event: 99.441 Thread 0x000000001eb23800 Thread added: 0x000000001eb23800
Event: 99.442 Executing VM operation: RevokeBias
Event: 99.442 Executing VM operation: RevokeBias done
Event: 99.442 Executing VM operation: RevokeBias
Event: 99.442 Executing VM operation: RevokeBias done
Event: 99.442 Thread 0x000000001eb23800 Thread exited: 0x000000001eb23800
Event: 99.443 Thread 0x0000000013b7c800 Thread exited: 0x0000000013b7c800
Event: 99.443 Executing VM operation: Exit


Dynamic libraries:
0x0000000000400000 - 0x000000000044f000 	C:\Xilinx\SDK\2015.4\eclipse\win64.o\eclipse.exe
0x00007ffe360d0000 - 0x00007ffe362a1000 	C:\WINDOWS\SYSTEM32\ntdll.dll
0x00007ffe33990000 - 0x00007ffe33a3b000 	C:\WINDOWS\System32\KERNEL32.DLL
0x00007ffe326d0000 - 0x00007ffe328ed000 	C:\WINDOWS\System32\KERNELBASE.dll
0x00007ffe348e0000 - 0x00007ffe34a45000 	C:\WINDOWS\System32\USER32.dll
0x00007ffe32b10000 - 0x00007ffe32b2e000 	C:\WINDOWS\System32\win32u.dll
0x00007ffe33be0000 - 0x00007ffe33c14000 	C:\WINDOWS\System32\GDI32.dll
0x00007ffe32b30000 - 0x00007ffe32cb2000 	C:\WINDOWS\System32\gdi32full.dll
0x00007ffe34270000 - 0x00007ffe3430e000 	C:\WINDOWS\System32\msvcrt.dll
0x00007ffe21680000 - 0x00007ffe218fa000 	C:\WINDOWS\WinSxS\amd64_microsoft.windows.common-controls_6595b64144ccf1df_6.0.14393.953_none_42151e83c686086b\COMCTL32.dll
0x00007ffe34480000 - 0x00007ffe34748000 	C:\WINDOWS\System32\combase.dll
0x00007ffe32960000 - 0x00007ffe32a55000 	C:\WINDOWS\System32\ucrtbase.dll
0x00007ffe34750000 - 0x00007ffe34871000 	C:\WINDOWS\System32\RPCRT4.dll
0x00007ffe328f0000 - 0x00007ffe3295a000 	C:\WINDOWS\System32\bcryptPrimitives.dll
0x00007ffe36030000 - 0x00007ffe3605e000 	C:\WINDOWS\System32\IMM32.DLL
0x0000000072000000 - 0x0000000072012000 	C:\Xilinx\SDK\2015.4\eclipse\win64.o\plugins\org.eclipse.equinox.launcher.win32.win32.x86_64_1.1.200.v20140116-2212\eclipse_1503.dll
0x00007ffe33c20000 - 0x00007ffe33cc2000 	C:\WINDOWS\System32\ADVAPI32.dll
0x00007ffe33d40000 - 0x00007ffe33d99000 	C:\WINDOWS\System32\sechost.dll
0x00007ffe241a0000 - 0x00007ffe241aa000 	C:\WINDOWS\SYSTEM32\VERSION.dll
0x00007ffe30be0000 - 0x00007ffe30c75000 	C:\WINDOWS\system32\uxtheme.dll
0x00007ffe34310000 - 0x00007ffe3446a000 	C:\WINDOWS\System32\MSCTF.dll
0x00007ffe33680000 - 0x00007ffe3373f000 	C:\WINDOWS\System32\OLEAUT32.dll
0x00007ffe333f0000 - 0x00007ffe3348c000 	C:\WINDOWS\System32\msvcp_win.dll
0x00007ffe2b340000 - 0x00007ffe2b3d8000 	C:\Program Files\Common Files\microsoft shared\ink\tiptsf.dll
0x000000006be90000 - 0x000000006c713000 	C:\Xilinx\SDK\2015.4\tps\win64\jre\bin\server\jvm.dll
0x00007ffe33840000 - 0x00007ffe33848000 	C:\WINDOWS\System32\PSAPI.DLL
0x00007ffe30960000 - 0x00007ffe30983000 	C:\WINDOWS\SYSTEM32\WINMM.dll
0x00007ffe0cf60000 - 0x00007ffe0cf69000 	C:\WINDOWS\SYSTEM32\WSOCK32.dll
0x000000006c9c0000 - 0x000000006ca92000 	C:\Xilinx\SDK\2015.4\tps\win64\jre\bin\MSVCR100.dll
0x00007ffe36060000 - 0x00007ffe360ca000 	C:\WINDOWS\System32\WS2_32.dll
0x00007ffe30900000 - 0x00007ffe3092b000 	C:\WINDOWS\SYSTEM32\WINMMBASE.dll
0x00007ffe333a0000 - 0x00007ffe333e2000 	C:\WINDOWS\System32\cfgmgr32.dll
0x000000006c9b0000 - 0x000000006c9bf000 	C:\Xilinx\SDK\2015.4\tps\win64\jre\bin\verify.dll
0x000000006c980000 - 0x000000006c9a9000 	C:\Xilinx\SDK\2015.4\tps\win64\jre\bin\java.dll
0x000000006c960000 - 0x000000006c976000 	C:\Xilinx\SDK\2015.4\tps\win64\jre\bin\zip.dll
0x00007ffe34b20000 - 0x00007ffe36029000 	C:\WINDOWS\System32\SHELL32.dll
0x00007ffe32cc0000 - 0x00007ffe3339a000 	C:\WINDOWS\System32\windows.storage.dll
0x00007ffe32530000 - 0x00007ffe3257c000 	C:\WINDOWS\System32\powrprof.dll
0x00007ffe34ac0000 - 0x00007ffe34b12000 	C:\WINDOWS\System32\shlwapi.dll
0x00007ffe32590000 - 0x00007ffe3259f000 	C:\WINDOWS\System32\kernel.appcore.dll
0x00007ffe32a60000 - 0x00007ffe32b09000 	C:\WINDOWS\System32\shcore.dll
0x00007ffe325a0000 - 0x00007ffe325b4000 	C:\WINDOWS\System32\profapi.dll
0x00007ffe32000000 - 0x00007ffe32017000 	C:\WINDOWS\SYSTEM32\CRYPTSP.dll
0x00007ffe31a60000 - 0x00007ffe31a93000 	C:\WINDOWS\system32\rsaenh.dll
0x00007ffe32110000 - 0x00007ffe3213b000 	C:\WINDOWS\SYSTEM32\bcrypt.dll
0x00007ffe31ce0000 - 0x00007ffe31cff000 	C:\WINDOWS\SYSTEM32\USERENV.dll
0x00007ffe32020000 - 0x00007ffe3202b000 	C:\WINDOWS\SYSTEM32\CRYPTBASE.dll
0x000000006c940000 - 0x000000006c95a000 	C:\Xilinx\SDK\2015.4\tps\win64\jre\bin\net.dll
0x00007ffe31e60000 - 0x00007ffe31ebc000 	C:\WINDOWS\system32\mswsock.dll
0x00007ffe31be0000 - 0x00007ffe31c18000 	C:\WINDOWS\SYSTEM32\IPHLPAPI.DLL
0x00007ffe34ab0000 - 0x00007ffe34ab8000 	C:\WINDOWS\System32\NSI.dll
0x00007ffe2acb0000 - 0x00007ffe2acc6000 	C:\WINDOWS\SYSTEM32\dhcpcsvc6.DLL
0x00007ffe2ae40000 - 0x00007ffe2ae5a000 	C:\WINDOWS\SYSTEM32\dhcpcsvc.DLL
0x000000006c920000 - 0x000000006c931000 	C:\Xilinx\SDK\2015.4\tps\win64\jre\bin\nio.dll
0x00007ffe33da0000 - 0x00007ffe33e3f000 	C:\WINDOWS\System32\clbcatq.dll
0x00007ffe29170000 - 0x00007ffe2931a000 	C:\Windows\System32\uiautomationcore.dll
0x00007ffe32400000 - 0x00007ffe32498000 	C:\WINDOWS\SYSTEM32\sxs.dll
0x00007ffe2bea0000 - 0x00007ffe2bf05000 	C:\Windows\System32\OLEACC.dll
0x00007ffe192d0000 - 0x00007ffe192e6000 	C:\WINDOWS\system32\napinsp.dll
0x00007ffe192a0000 - 0x00007ffe192ba000 	C:\WINDOWS\system32\pnrpnsp.dll
0x00007ffe2f950000 - 0x00007ffe2f968000 	C:\WINDOWS\system32\NLAapi.dll
0x00007ffe31c30000 - 0x00007ffe31cd1000 	C:\WINDOWS\SYSTEM32\DNSAPI.dll
0x00007ffe1bcb0000 - 0x00007ffe1bcbe000 	C:\WINDOWS\System32\winrnr.dll
0x00007ffe192f0000 - 0x00007ffe19305000 	C:\WINDOWS\System32\wshbth.dll
0x00007ffe1c8d0000 - 0x00007ffe1c8da000 	C:\Windows\System32\rasadhlp.dll
0x00007ffe29320000 - 0x00007ffe2938a000 	C:\WINDOWS\System32\fwpuclnt.dll
0x00007ffe33850000 - 0x00007ffe33987000 	C:\WINDOWS\System32\ole32.dll
0x00000000186e0000 - 0x0000000018788000 	C:\Users\chan_\.Xilinx\SDK\2015.4\org.eclipse.osgi\bundles\303\1\.cp\swt-win32-4335.dll
0x00007ffe33740000 - 0x00007ffe3383a000 	C:\WINDOWS\System32\comdlg32.dll
0x00007ffe33490000 - 0x00007ffe33659000 	C:\WINDOWS\System32\CRYPT32.dll
0x00007ffe32580000 - 0x00007ffe32590000 	C:\WINDOWS\System32\MSASN1.dll
0x00007ffe09cf0000 - 0x00007ffe09d76000 	C:\WINDOWS\SYSTEM32\WINSPOOL.DRV
0x00007ffe1cc10000 - 0x00007ffe1ceda000 	C:\WINDOWS\SYSTEM32\WININET.dll
0x00007ffe24520000 - 0x00007ffe24539000 	C:\WINDOWS\SYSTEM32\USP10.dll
0x00007ffe303f0000 - 0x00007ffe30416000 	C:\WINDOWS\system32\dwmapi.dll
0x00007ffe30130000 - 0x00007ffe302b5000 	C:\WINDOWS\SYSTEM32\propsys.dll
0x0000000018ce0000 - 0x0000000018cfe000 	C:\Users\chan_\.Xilinx\SDK\2015.4\org.eclipse.osgi\bundles\303\1\.cp\swt-gdip-win32-4335.dll
0x00007ffe1a240000 - 0x00007ffe1a3da000 	C:\WINDOWS\WinSxS\amd64_microsoft.windows.gdiplus_6595b64144ccf1df_1.1.14393.953_none_7300116921188239\gdiplus.dll
0x00007ffe2fdc0000 - 0x00007ffe2ff68000 	C:\WINDOWS\SYSTEM32\WindowsCodecs.dll
0x0000000180000000 - 0x0000000180012000 	C:\Users\chan_\.Xilinx\SDK\2015.4\org.eclipse.osgi\bundles\121\1\.cp\os\win32\x86_64\localfile_1_0_0.dll
0x00007ffe1d4e0000 - 0x00007ffe1d4f1000 	C:\Users\chan_\.Xilinx\SDK\2015.4\org.eclipse.osgi\bundles\124\1\.cp\jWinHttp-1.0.0.dll
0x00007ffe1a150000 - 0x00007ffe1a21d000 	C:\WINDOWS\SYSTEM32\WINHTTP.dll
0x00007ffe30f30000 - 0x00007ffe3104c000 	C:\WINDOWS\system32\twinapi.appcore.dll
0x00007ffe2bf10000 - 0x00007ffe2bf8d000 	C:\WINDOWS\SYSTEM32\twinapi.dll
0x00007ffe2c750000 - 0x00007ffe2c75f000 	C:\Xilinx\SDK\2015.4\lib\win64.o\librdi_repo_manager.dll
0x00007ffdda920000 - 0x00007ffddb2ad000 	C:\Xilinx\SDK\2015.4\lib\win64.o\librdi_common.dll
0x00007ffe1d470000 - 0x00007ffe1d49a000 	C:\Xilinx\SDK\2015.4\lib\win64.o\libisl_sysinfo.dll
0x00007ffe138a0000 - 0x00007ffe138f4000 	C:\Xilinx\SDK\2015.4\lib\win64.o\librdi_commonxillic.dll
0x00007ffe094f0000 - 0x00007ffe09597000 	C:\WINDOWS\SYSTEM32\MSVCP110.dll
0x00007ffe01bc0000 - 0x00007ffe01dac000 	C:\Xilinx\SDK\2015.4\lib\win64.o\librdi_hsm.dll
0x00007ffe09600000 - 0x00007ffe096d4000 	C:\WINDOWS\SYSTEM32\MSVCR110.dll
0x00007ffde0570000 - 0x00007ffde08de000 	C:\Xilinx\SDK\2015.4\lib\win64.o\libCOIN-all.dll
0x00007ffde0350000 - 0x00007ffde056e000 	C:\Xilinx\SDK\2015.4\lib\win64.o\libXil_lmgr11.dll
0x00007ffe325c0000 - 0x00007ffe32615000 	C:\WINDOWS\System32\WINTRUST.dll
0x00007ffe2c250000 - 0x00007ffe2c260000 	C:\Xilinx\SDK\2015.4\lib\win64.o\libboost_date_time.dll
0x00007ffe16c50000 - 0x00007ffe16c72000 	C:\Xilinx\SDK\2015.4\lib\win64.o\libboost_filesystem.dll
0x00007ffe136b0000 - 0x00007ffe13724000 	C:\Xilinx\SDK\2015.4\lib\win64.o\libboost_program_options.dll
0x00007ffe1d0f0000 - 0x00007ffe1d103000 	C:\Xilinx\SDK\2015.4\lib\win64.o\libboost_signals.dll
0x00007ffe08e10000 - 0x00007ffe08f0a000 	C:\Xilinx\SDK\2015.4\lib\win64.o\libboost_regex.dll
0x00007ffe2c140000 - 0x00007ffe2c149000 	C:\Xilinx\SDK\2015.4\lib\win64.o\libboost_system.dll
0x00007ffe1c640000 - 0x00007ffe1c65d000 	C:\Xilinx\SDK\2015.4\lib\win64.o\libboost_thread.dll
0x00007ffe0b030000 - 0x00007ffe0b0ca000 	C:\Xilinx\SDK\2015.4\lib\win64.o\libhdxml.dll
0x00007ffe2b3e0000 - 0x00007ffe2b3eb000 	C:\Xilinx\SDK\2015.4\lib\win64.o\libboost_xilinx.dll
0x00007ffe0cfd0000 - 0x00007ffe0d050000 	C:\Xilinx\SDK\2015.4\lib\win64.o\libhdlpsolve.dll
0x00007ffdde3f0000 - 0x00007ffdde824e00 	C:\Xilinx\SDK\2015.4\lib\win64.o\libisl_iostreams.dll
0x00007ffe198d0000 - 0x00007ffe198e8000 	C:\Xilinx\SDK\2015.4\lib\win64.o\librdiconfig.dll
0x00007ffdff340000 - 0x00007ffdff470000 	C:\Xilinx\SDK\2015.4\lib\win64.o\librdi_curl.dll
0x00007ffe163c0000 - 0x00007ffe163d5000 	C:\Xilinx\SDK\2015.4\lib\win64.o\pthreadVC2.dll
0x00007ffe1cee0000 - 0x00007ffe1d0a2000 	C:\WINDOWS\SYSTEM32\urlmon.dll
0x00007ffe285d0000 - 0x00007ffe285f3000 	C:\WINDOWS\SYSTEM32\VCOMP110.DLL
0x000000006caa0000 - 0x000000006cbc7000 	C:\Xilinx\SDK\2015.4\lib\win64.o\tcl85t.dll
0x00007ffe16330000 - 0x00007ffe16353000 	C:\Xilinx\SDK\2015.4\lib\win64.o\librdizlib.dll
0x0000000024bc0000 - 0x0000000024e23000 	C:\Xilinx\SDK\2015.4\lib\win64.o\xerces-c_3_1.dll
0x00007ffe18470000 - 0x00007ffe18488000 	C:\WINDOWS\SYSTEM32\NETAPI32.dll
0x00007ffe29dc0000 - 0x00007ffe29dcb000 	C:\Xilinx\SDK\2015.4\lib\win64.o\libboost_chrono.dll
0x00007ffe0cea0000 - 0x00007ffe0cee3000 	C:\Xilinx\SDK\2015.4\lib\win64.o\librdi_hdf.dll
0x00007ffddfe40000 - 0x00007ffde0095000 	C:\Xilinx\SDK\2015.4\lib\win64.o\librdi_ippcw.dll
0x00007ffe16110000 - 0x00007ffe16126000 	C:\Xilinx\SDK\2015.4\lib\win64.o\libboost_iostreams.dll
0x00007ffe0d690000 - 0x00007ffe0d6b3000 	C:\Xilinx\SDK\2015.4\lib\win64.o\libisl_iosutils.dll
0x00007ffe25d40000 - 0x00007ffe25fe2000 	C:\WINDOWS\SYSTEM32\iertutil.dll
0x00007ffe29cc0000 - 0x00007ffe29cc7000 	C:\WINDOWS\SYSTEM32\msimg32.dll
0x00007ffe24850000 - 0x00007ffe24892000 	C:\WINDOWS\SYSTEM32\edputil.dll
0x00007ffdda110000 - 0x00007ffdda920000 	C:\Xilinx\SDK\2015.4\lib\win64.o\libXil_lmgr11FNP.dll
0x00007ffe33e40000 - 0x00007ffe34269000 	C:\WINDOWS\System32\SETUPAPI.dll
0x00007ffe09c70000 - 0x00007ffe09c7c000 	C:\WINDOWS\SYSTEM32\snmpapi.dll
0x00007ffe31140000 - 0x00007ffe31168000 	C:\WINDOWS\SYSTEM32\DEVOBJ.dll
0x00007ffe32230000 - 0x00007ffe3225c000 	C:\WINDOWS\SYSTEM32\SspiCli.dll
0x00007ffe31930000 - 0x00007ffe31962000 	C:\WINDOWS\SYSTEM32\ntmarta.dll

VM Arguments:
jvm_args: -Dcom.xilinx.sdk.args.hwspec=C:/axis_tut/tpg/proj/hdmi_out.sdk/hdmi_out_wrapper.hdf -Xms64m -Xmx512m & 
java_command: <unknown>
java_class_path (initial): C:\Xilinx\SDK\2015.4\eclipse\win64.o\\plugins/org.eclipse.equinox.launcher_1.3.0.v20130327-1440.jar
Launcher Type: generic

Environment Variables:
PATH=C:/Xilinx/SDK/2015.4/tps/win64/jre/bin/server;C:/Xilinx/SDK/2015.4/tps/win64/jre/bin;C:/Xilinx/SDK/2015.4/tps/win64/jre/lib/amd64;C:\Xilinx\SDK\2015.4\gnuwin\bin;C:\Xilinx\SDK\2015.4\gnu\microblaze\nt\bin;C:\Xilinx\SDK\2015.4\gnu\microblaze\linux_toolchain\nt64_le\bin;C:\Xilinx\SDK\2015.4\gnu\microblaze\linux_toolchain\nt64_be\bin;C:\Xilinx\SDK\2015.4\gnu\arm\nt\bin;C:\Xilinx\SDK\2015.4\gnu\aarch64\nt\aarch64-none\bin;C:\Xilinx\SDK\2015.4\gnu\aarch64\nt\aarch64-linux\bin;C:\Xilinx\SDK\2015.4\gnu\armr5\nt\gcc-arm-none-eabi\bin;C:\Xilinx\SDK\2015.4\gnu\aarch32\nt\gcc-arm-none-eabi\bin;C:\Xilinx\SDK\2015.4\gnu\aarch32\nt\gcc-arm-linux-gnueabi\bin;C:\Xilinx\SDK\2015.4\bin;C:\Xilinx\SDK\2015.4\lib\win64.o;C:\Xilinx\SDK\2015.4\tps\win64\jre\bin\server;C:\Xilinx\SDK\2015.4\tps\win64\jre\bin;C:\Xilinx\Vivado\2015.4\ids_lite\ISE\bin\nt64;C:\Xilinx\Vivado\2015.4\ids_lite\ISE\lib\nt64;C:\Xilinx\Vivado\2015.4\bin;C:\Xilinx\Vivado\2015.4\lib\win64.o;C:\Xilinx\Vivado\2015.4\tps\win64\jre\bin\server;C:\Xilinx\Vivado\2015.4\tps\win64\jre\bin;C:\Xilinx\Vivado_HLS\2015.4\bin;C:\WINDOWS\system32;C:\WINDOWS;C:\WINDOWS\System32\Wbem;C:\WINDOWS\System32\WindowsPowerShell\v1.0\;C:\Program Files\MATLAB\R2016b\runtime\win64;C:\Program Files\MATLAB\R2016b\bin;C:\Program Files\MiKTeX 2.9\miktex\bin\x64\;C:\Users\chan_\AppData\Local\Microsoft\WindowsApps;C:\GHDL\ghdl\bin;C:\GHDL\gtkwave\bin;c:\axis_tut\tpg\proj;
USERNAME=chan_
OS=Windows_NT
PROCESSOR_IDENTIFIER=Intel64 Family 6 Model 78 Stepping 3, GenuineIntel



---------------  S Y S T E M  ---------------

OS: Windows 10.0 , 64 bit Build 14393 (10.0.14393.0)

CPU:total 4 (2 cores per cpu, 2 threads per core) family 6 model 78 stepping 3, cmov, cx8, fxsr, mmx, sse, sse2, sse3, ssse3, sse4.1, sse4.2, popcnt, avx, avx2, aes, clmul, erms, rtm, 3dnowpref, lzcnt, ht, tsc, tscinvbit, bmi1, bmi2, adx

Memory: 4k page, physical 4118636k(833196k free), swap 8636500k(1201304k free)

vm_info: Java HotSpot(TM) 64-Bit Server VM (25.45-b02) for windows-amd64 JRE (1.8.0_45-b15), built on Apr 30 2015 12:40:44 by "java_re" with MS VC++ 10.0 (VS2010)

time: Mon Apr 10 17:30:49 2017
elapsed time: 100 seconds (0d 0h 1m 40s)

