#
# A fatal error has been detected by the Java Runtime Environment:
#
#  Internal Error (0xc000000d), pid=11236, tid=10348
#
# JRE version: Java(TM) SE Runtime Environment (8.0_45-b15) (build 1.8.0_45-b15)
# Java VM: Java HotSpot(TM) 64-Bit Server VM (25.45-b02 mixed mode windows-amd64 compressed oops)
# Problematic frame:
# C  [ntdll.dll+0xff44c]
#
# Failed to write core dump. Minidumps are not enabled by default on client versions of Windows
#
# If you would like to submit a bug report, please visit:
#   http://bugreport.java.com/bugreport/crash.jsp
#

---------------  T H R E A D  ---------------

Current thread (0x0000000013be8000):  VMThread [stack: 0x0000000014c70000,0x0000000014d70000] [id=10348]

siginfo: ExceptionCode=0xc000000d

Registers:
RAX=0x0000000057a74778, RBX=0xfffffffffffffffe, RCX=0x0000000057a74778, RDX=0x0000000057a74778
RSP=0x0000000014d6f470, RBP=0x00007ff81f077408, RSI=0x0000000000000000, RDI=0x000000000000054c
R8 =0x0000000057a74778, R9 =0x000000000014f7b0, R10=0x00007ff84f507c1f, R11=0x0000000057a74778
R12=0x000000002309cbc0, R13=0x000000001b2458c0, R14=0x000000002309ccc8, R15=0x0000000014d6f5e8
RIP=0x00007ff84f5ff44c, EFLAGS=0x0000000000000202

Top of Stack: (sp=0x0000000014d6f470)
0x0000000014d6f470:   0000000000000057 fffffffffffffffe
0x0000000014d6f480:   0000000000000000 000000000000054c
0x0000000014d6f490:   00000000c000000d 0000000000000000
0x0000000014d6f4a0:   00007ff84f5ff44c 0000000000000000
0x0000000014d6f4b0:   0000000000000000 0000000000000000
0x0000000014d6f4c0:   0000000000000000 0000000000000000
0x0000000014d6f4d0:   0000000000000000 0000000000000000
0x0000000014d6f4e0:   0000000000000000 0000000000000000
0x0000000014d6f4f0:   0000000000000000 0000000000000000
0x0000000014d6f500:   0000000000000000 0000000000000000
0x0000000014d6f510:   0000000000000000 0000000000000000
0x0000000014d6f520:   0000000000000000 0000000000000000
0x0000000014d6f530:   00000d3ddb29797f 0000000000000000
0x0000000014d6f540:   0000000000000000 00007ff84f5c150d
0x0000000014d6f550:   0000000000000000 0000000000000000
0x0000000014d6f560:   0000000000000001 0000000000000000 

Instructions: (pc=0x00007ff84f5ff44c)
0x00007ff84f5ff42c:   d5 fa ff c7 44 24 20 0d 00 00 c0 b9 57 00 00 00
0x00007ff84f5ff43c:   e8 7f 13 f6 ff 90 48 8d 4c 24 20 e8 04 bf f4 ff
0x00007ff84f5ff44c:   eb 00 48 8b 8c 24 c0 00 00 00 48 33 cc e8 82 74
0x00007ff84f5ff45c:   f9 ff 48 81 c4 d8 00 00 00 c3 40 55 48 83 ec 20 


Register to memory mapping:

RAX=0x0000000057a74778 is an unknown value
RBX=0xfffffffffffffffe is an unknown value
RCX=0x0000000057a74778 is an unknown value
RDX=0x0000000057a74778 is an unknown value
RSP=0x0000000014d6f470 is an unknown value
RBP=0x00007ff81f077408 is an unknown value
RSI=0x0000000000000000 is an unknown value
RDI=0x000000000000054c is an unknown value
R8 =0x0000000057a74778 is an unknown value
R9 =0x000000000014f7b0 is pointing into the stack for thread: 0x00000000027ae000
R10=0x00007ff84f507c1f is an unknown value
R11=0x0000000057a74778 is an unknown value
R12=0x000000002309cbc0 is an unknown value
R13=0x000000001b2458c0 is an unknown value
R14=0x000000002309ccc8 is an unknown value
R15=0x0000000014d6f5e8 is an unknown value


Stack: [0x0000000014c70000,0x0000000014d70000],  sp=0x0000000014d6f470,  free space=1021k
Native frames: (J=compiled Java code, j=interpreted, Vv=VM code, C=native code)
C  [ntdll.dll+0xff44c]
C  [ntdll.dll+0xc150d]
C  [KERNEL32.DLL+0x1fbba]
C  [MSVCR110.dll+0x752d]
C  [MSVCR110.dll+0x73c6]
C  [MSVCR110.dll+0x14cca]
C  [MSVCR110.dll+0x13edc]
C  [MSVCR110.dll+0x239e]
C  [MSVCR110.dll+0xaf9e]
C  [MSVCP110.dll+0x397b9]
C  [librdi_common.dll+0x14283e]
C  [librdi_common.dll+0x141449]
C  0x00007ff8429e2400
C  0x00007ff8429e2682
C  [ntdll.dll+0x2a35f]
C  [ntdll.dll+0x806b]
C  [ntdll.dll+0x7d94]
C  [KERNEL32.DLL+0x1ce6a]
C  [MSVCR100.dll+0x20ccd]
V  [jvm.dll+0x20f135]
V  [jvm.dll+0x247ef7]
V  [jvm.dll+0x247196]
V  [jvm.dll+0x247631]
V  [jvm.dll+0x24784e]
V  [jvm.dll+0x29853a]
C  [MSVCR100.dll+0x21d9f]
C  [MSVCR100.dll+0x21e3b]
C  [KERNEL32.DLL+0x8364]
C  [ntdll.dll+0x670d1]

VM_Operation (0x000000000014f500): Exit, mode: safepoint, requested by thread 0x00000000027ae000


---------------  P R O C E S S  ---------------

Java Threads: ( => current thread )
  0x000000001a67f800 JavaThread "Thread-16" daemon [_thread_blocked, id=9044, stack(0x0000000024a80000,0x0000000024b80000)]
  0x000000001a671000 JavaThread "TCF Locator DNS Lookup" daemon [_thread_blocked, id=8052, stack(0x0000000021300000,0x0000000021400000)]
  0x000000001a675000 JavaThread "TCF Locator Timer" daemon [_thread_blocked, id=7684, stack(0x0000000021200000,0x0000000021300000)]
  0x0000000019670000 JavaThread "TCF Locator Receiver" daemon [_thread_in_native, id=10476, stack(0x0000000021100000,0x0000000021200000)]
  0x000000001966f800 JavaThread "TCF Timer Dispatcher" daemon [_thread_blocked, id=1792, stack(0x0000000020810000,0x0000000020910000)]
  0x0000000019601000 JavaThread "EMF Reference Cleaner" daemon [_thread_blocked, id=3280, stack(0x000000001ad10000,0x000000001ae10000)]
  0x0000000013c7e000 JavaThread "Service Thread" daemon [_thread_blocked, id=6788, stack(0x0000000015870000,0x0000000015970000)]
  0x0000000013c28000 JavaThread "C1 CompilerThread2" daemon [_thread_blocked, id=7644, stack(0x0000000015370000,0x0000000015470000)]
  0x0000000013c24000 JavaThread "C2 CompilerThread1" daemon [_thread_blocked, id=1880, stack(0x0000000015270000,0x0000000015370000)]
  0x0000000013c22000 JavaThread "C2 CompilerThread0" daemon [_thread_blocked, id=3504, stack(0x0000000015170000,0x0000000015270000)]
  0x0000000013c20800 JavaThread "Attach Listener" daemon [_thread_blocked, id=9840, stack(0x0000000015070000,0x0000000015170000)]
  0x0000000013c1d800 JavaThread "Signal Dispatcher" daemon [_thread_blocked, id=7112, stack(0x0000000014f70000,0x0000000015070000)]
  0x00000000028a8800 JavaThread "Finalizer" daemon [_thread_blocked, id=11712, stack(0x0000000014e70000,0x0000000014f70000)]
  0x000000000289f000 JavaThread "Reference Handler" daemon [_thread_blocked, id=1744, stack(0x0000000014d70000,0x0000000014e70000)]
  0x00000000027ae000 JavaThread "main" [_thread_blocked, id=12032, stack(0x0000000000050000,0x0000000000150000)]

Other Threads:
=>0x0000000013be8000 VMThread [stack: 0x0000000014c70000,0x0000000014d70000] [id=10348]

VM state:at safepoint (shutting down)

VM Mutex/Monitor currently owned by a thread:  ([mutex/lock_event])
[0x00000000027ad030] Threads_lock - owner thread: 0x0000000013be8000

Heap:
 PSYoungGen      total 59392K, used 30600K [0x00000000f5580000, 0x00000000f9a80000, 0x0000000100000000)
  eden space 49152K, 62% used [0x00000000f5580000,0x00000000f7362390,0x00000000f8580000)
  from space 10240K, 0% used [0x00000000f9080000,0x00000000f9080000,0x00000000f9a80000)
  to   space 10752K, 0% used [0x00000000f8580000,0x00000000f8580000,0x00000000f9000000)
 ParOldGen       total 77824K, used 27892K [0x00000000e0000000, 0x00000000e4c00000, 0x00000000f5580000)
  object space 77824K, 35% used [0x00000000e0000000,0x00000000e1b3d228,0x00000000e4c00000)
 Metaspace       used 71035K, capacity 77344K, committed 77568K, reserved 1116160K
  class space    used 8665K, capacity 10670K, committed 10752K, reserved 1048576K

Card table byte_map: [0x0000000011c70000,0x0000000011d80000] byte_map_base: 0x0000000011570000

Marking Bits: (ParMarkBitMap*) 0x0000000057a74040
 Begin Bits: [0x0000000012180000, 0x0000000012980000)
 End Bits:   [0x0000000012980000, 0x0000000013180000)

Polling page: 0x0000000000580000

CodeCache: size=245760Kb used=25421Kb max_used=25486Kb free=220338Kb
 bounds [0x00000000028b0000, 0x00000000041d0000, 0x00000000118b0000]
 total_blobs=7909 nmethods=7070 adapters=746
 compilation: enabled

Compilation events (10 events):
Event: 6983.767 Thread 0x0000000013c28000 nmethod 8684 0x0000000002e90a50 code [0x0000000002e90bc0, 0x0000000002e90da8]
Event: 6983.967 Thread 0x0000000013c28000 8686       3       java.io.File::list (33 bytes)
Event: 6983.967 Thread 0x0000000013c28000 nmethod 8686 0x00000000036cc550 code [0x00000000036cc720, 0x00000000036cce68]
Event: 6983.992 Thread 0x0000000013c22000 8687       4       java.io.WinNTFileSystem::resolve (231 bytes)
Event: 6984.003 Thread 0x0000000013c22000 nmethod 8687 0x000000000305bb10 code [0x000000000305bca0, 0x000000000305c4b8]
Event: 6984.032 Thread 0x0000000013c28000 8688   !   3       org.eclipse.osgi.internal.baseadaptor.BaseStorage::compact (215 bytes)
Event: 6984.035 Thread 0x0000000013c28000 nmethod 8688 0x0000000003f89990 code [0x0000000003f89dc0, 0x0000000003f8c258]
Event: 6984.255 Thread 0x0000000013c24000 8689       4       java.io.File::<init> (113 bytes)
Event: 6984.341 Thread 0x0000000013c28000 8690       3       org.eclipse.osgi.framework.internal.core.AbstractBundle::close (52 bytes)
Event: 6984.342 Thread 0x0000000013c28000 nmethod 8690 0x0000000003056550 code [0x0000000003056780, 0x0000000003057488]

GC Heap History (10 events):
Event: 6857.406 GC heap before
{Heap before GC invocations=53 (full 21):
 PSYoungGen      total 59904K, used 192K [0x00000000f5580000, 0x00000000f9c80000, 0x0000000100000000)
  eden space 49152K, 0% used [0x00000000f5580000,0x00000000f5580000,0x00000000f8580000)
  from space 10752K, 1% used [0x00000000f9200000,0x00000000f9230000,0x00000000f9c80000)
  to   space 11776K, 0% used [0x00000000f8580000,0x00000000f8580000,0x00000000f9100000)
 ParOldGen       total 77824K, used 27890K [0x00000000e0000000, 0x00000000e4c00000, 0x00000000f5580000)
  object space 77824K, 35% used [0x00000000e0000000,0x00000000e1b3c960,0x00000000e4c00000)
 Metaspace       used 70297K, capacity 76538K, committed 76928K, reserved 1116160K
  class space    used 8596K, capacity 10573K, committed 10624K, reserved 1048576K
Event: 6857.476 GC heap after
Heap after GC invocations=53 (full 21):
 PSYoungGen      total 59904K, used 0K [0x00000000f5580000, 0x00000000f9c80000, 0x0000000100000000)
  eden space 49152K, 0% used [0x00000000f5580000,0x00000000f5580000,0x00000000f8580000)
  from space 10752K, 0% used [0x00000000f9200000,0x00000000f9200000,0x00000000f9c80000)
  to   space 11776K, 0% used [0x00000000f8580000,0x00000000f8580000,0x00000000f9100000)
 ParOldGen       total 77824K, used 27890K [0x00000000e0000000, 0x00000000e4c00000, 0x00000000f5580000)
  object space 77824K, 35% used [0x00000000e0000000,0x00000000e1b3ca18,0x00000000e4c00000)
 Metaspace       used 70297K, capacity 76538K, committed 76928K, reserved 1116160K
  class space    used 8596K, capacity 10573K, committed 10624K, reserved 1048576K
}
Event: 6917.398 GC heap before
{Heap before GC invocations=54 (full 21):
 PSYoungGen      total 59904K, used 7922K [0x00000000f5580000, 0x00000000f9c80000, 0x0000000100000000)
  eden space 49152K, 16% used [0x00000000f5580000,0x00000000f5d3c898,0x00000000f8580000)
  from space 10752K, 0% used [0x00000000f9200000,0x00000000f9200000,0x00000000f9c80000)
  to   space 11776K, 0% used [0x00000000f8580000,0x00000000f8580000,0x00000000f9100000)
 ParOldGen       total 77824K, used 27890K [0x00000000e0000000, 0x00000000e4c00000, 0x00000000f5580000)
  object space 77824K, 35% used [0x00000000e0000000,0x00000000e1b3ca18,0x00000000e4c00000)
 Metaspace       used 70315K, capacity 76538K, committed 76928K, reserved 1116160K
  class space    used 8596K, capacity 10573K, committed 10624K, reserved 1048576K
Event: 6917.433 GC heap after
Heap after GC invocations=54 (full 21):
 PSYoungGen      total 49664K, used 448K [0x00000000f5580000, 0x00000000f9b80000, 0x0000000100000000)
  eden space 49152K, 0% used [0x00000000f5580000,0x00000000f5580000,0x00000000f8580000)
  from space 512K, 87% used [0x00000000f8580000,0x00000000f85f0000,0x00000000f8600000)
  to   space 11264K, 0% used [0x00000000f9080000,0x00000000f9080000,0x00000000f9b80000)
 ParOldGen       total 77824K, used 27898K [0x00000000e0000000, 0x00000000e4c00000, 0x00000000f5580000)
  object space 77824K, 35% used [0x00000000e0000000,0x00000000e1b3ea18,0x00000000e4c00000)
 Metaspace       used 70315K, capacity 76538K, committed 76928K, reserved 1116160K
  class space    used 8596K, capacity 10573K, committed 10624K, reserved 1048576K
}
Event: 6917.433 GC heap before
{Heap before GC invocations=55 (full 22):
 PSYoungGen      total 49664K, used 448K [0x00000000f5580000, 0x00000000f9b80000, 0x0000000100000000)
  eden space 49152K, 0% used [0x00000000f5580000,0x00000000f5580000,0x00000000f8580000)
  from space 512K, 87% used [0x00000000f8580000,0x00000000f85f0000,0x00000000f8600000)
  to   space 11264K, 0% used [0x00000000f9080000,0x00000000f9080000,0x00000000f9b80000)
 ParOldGen       total 77824K, used 27898K [0x00000000e0000000, 0x00000000e4c00000, 0x00000000f5580000)
  object space 77824K, 35% used [0x00000000e0000000,0x00000000e1b3ea18,0x00000000e4c00000)
 Metaspace       used 70315K, capacity 76538K, committed 76928K, reserved 1116160K
  class space    used 8596K, capacity 10573K, committed 10624K, reserved 1048576K
Event: 6917.687 GC heap after
Heap after GC invocations=55 (full 22):
 PSYoungGen      total 49664K, used 0K [0x00000000f5580000, 0x00000000f9b80000, 0x0000000100000000)
  eden space 49152K, 0% used [0x00000000f5580000,0x00000000f5580000,0x00000000f8580000)
  from space 512K, 0% used [0x00000000f8580000,0x00000000f8580000,0x00000000f8600000)
  to   space 11264K, 0% used [0x00000000f9080000,0x00000000f9080000,0x00000000f9b80000)
 ParOldGen       total 77824K, used 28022K [0x00000000e0000000, 0x00000000e4c00000, 0x00000000f5580000)
  object space 77824K, 36% used [0x00000000e0000000,0x00000000e1b5da70,0x00000000e4c00000)
 Metaspace       used 70315K, capacity 76538K, committed 76928K, reserved 1116160K
  class space    used 8596K, capacity 10573K, committed 10624K, reserved 1048576K
}
Event: 6977.413 GC heap before
{Heap before GC invocations=56 (full 22):
 PSYoungGen      total 49664K, used 3549K [0x00000000f5580000, 0x00000000f9b80000, 0x0000000100000000)
  eden space 49152K, 7% used [0x00000000f5580000,0x00000000f58f75e8,0x00000000f8580000)
  from space 512K, 0% used [0x00000000f8580000,0x00000000f8580000,0x00000000f8600000)
  to   space 11264K, 0% used [0x00000000f9080000,0x00000000f9080000,0x00000000f9b80000)
 ParOldGen       total 77824K, used 28022K [0x00000000e0000000, 0x00000000e4c00000, 0x00000000f5580000)
  object space 77824K, 36% used [0x00000000e0000000,0x00000000e1b5da70,0x00000000e4c00000)
 Metaspace       used 70317K, capacity 76538K, committed 76928K, reserved 1116160K
  class space    used 8596K, capacity 10573K, committed 10624K, reserved 1048576K
Event: 6977.439 GC heap after
Heap after GC invocations=56 (full 22):
 PSYoungGen      total 59392K, used 192K [0x00000000f5580000, 0x00000000f9a80000, 0x0000000100000000)
  eden space 49152K, 0% used [0x00000000f5580000,0x00000000f5580000,0x00000000f8580000)
  from space 10240K, 1% used [0x00000000f9080000,0x00000000f90b0000,0x00000000f9a80000)
  to   space 10752K, 0% used [0x00000000f8580000,0x00000000f8580000,0x00000000f9000000)
 ParOldGen       total 77824K, used 28022K [0x00000000e0000000, 0x00000000e4c00000, 0x00000000f5580000)
  object space 77824K, 36% used [0x00000000e0000000,0x00000000e1b5da70,0x00000000e4c00000)
 Metaspace       used 70317K, capacity 76538K, committed 76928K, reserved 1116160K
  class space    used 8596K, capacity 10573K, committed 10624K, reserved 1048576K
}
Event: 6977.439 GC heap before
{Heap before GC invocations=57 (full 23):
 PSYoungGen      total 59392K, used 192K [0x00000000f5580000, 0x00000000f9a80000, 0x0000000100000000)
  eden space 49152K, 0% used [0x00000000f5580000,0x00000000f5580000,0x00000000f8580000)
  from space 10240K, 1% used [0x00000000f9080000,0x00000000f90b0000,0x00000000f9a80000)
  to   space 10752K, 0% used [0x00000000f8580000,0x00000000f8580000,0x00000000f9000000)
 ParOldGen       total 77824K, used 28022K [0x00000000e0000000, 0x00000000e4c00000, 0x00000000f5580000)
  object space 77824K, 36% used [0x00000000e0000000,0x00000000e1b5da70,0x00000000e4c00000)
 Metaspace       used 70317K, capacity 76538K, committed 76928K, reserved 1116160K
  class space    used 8596K, capacity 10573K, committed 10624K, reserved 1048576K
Event: 6977.521 GC heap after
Heap after GC invocations=57 (full 23):
 PSYoungGen      total 59392K, used 0K [0x00000000f5580000, 0x00000000f9a80000, 0x0000000100000000)
  eden space 49152K, 0% used [0x00000000f5580000,0x00000000f5580000,0x00000000f8580000)
  from space 10240K, 0% used [0x00000000f9080000,0x00000000f9080000,0x00000000f9a80000)
  to   space 10752K, 0% used [0x00000000f8580000,0x00000000f8580000,0x00000000f9000000)
 ParOldGen       total 77824K, used 27892K [0x00000000e0000000, 0x00000000e4c00000, 0x00000000f5580000)
  object space 77824K, 35% used [0x00000000e0000000,0x00000000e1b3d228,0x00000000e4c00000)
 Metaspace       used 70317K, capacity 76538K, committed 76928K, reserved 1116160K
  class space    used 8596K, capacity 10573K, committed 10624K, reserved 1048576K
}

Deoptimization events (10 events):
Event: 6982.612 Thread 0x00000000027ae000 Uncommon trap: reason=unstable_if action=reinterpret pc=0x0000000002e67344 method=java.util.ArrayList.toArray([Ljava/lang/Object;)[Ljava/lang/Object; @ 48
Event: 6982.629 Thread 0x00000000027ae000 Uncommon trap: reason=unstable_if action=reinterpret pc=0x0000000002efd294 method=org.eclipse.e4.ui.internal.workbench.swt.PartRenderingEngine.someAreVisible(Ljava/util/List;)Z @ 41
Event: 6982.720 Thread 0x00000000027ae000 Uncommon trap: reason=unstable_if action=reinterpret pc=0x000000000400c4b8 method=org.eclipse.emf.ecore.impl.MinimalEObjectImpl.setField(ILjava/lang/Object;)V @ 9
Event: 6982.720 Thread 0x00000000027ae000 Uncommon trap: reason=unstable_if action=reinterpret pc=0x0000000003fbba34 method=org.eclipse.emf.ecore.impl.MinimalEObjectImpl.setField(ILjava/lang/Object;)V @ 9
Event: 6982.853 Thread 0x00000000027ae000 Uncommon trap: reason=unstable_if action=reinterpret pc=0x0000000003f68204 method=org.eclipse.equinox.internal.event.EventHandlerTracker.getHandlers(Ljava/lang/String;)Ljava/util/Set; @ 28
Event: 6982.856 Thread 0x00000000027ae000 Uncommon trap: reason=class_check action=maybe_recompile pc=0x0000000004185534 method=org.eclipse.e4.core.internal.contexts.TrackableComputationExt.update(Lorg/eclipse/e4/core/internal/contexts/ContextChangeEvent;)Z @ 62
Event: 6982.856 Thread 0x00000000027ae000 Uncommon trap: reason=class_check action=maybe_recompile pc=0x0000000004185534 method=org.eclipse.e4.core.internal.contexts.TrackableComputationExt.update(Lorg/eclipse/e4/core/internal/contexts/ContextChangeEvent;)Z @ 62
Event: 6982.856 Thread 0x00000000027ae000 Uncommon trap: reason=class_check action=maybe_recompile pc=0x0000000004185534 method=org.eclipse.e4.core.internal.contexts.TrackableComputationExt.update(Lorg/eclipse/e4/core/internal/contexts/ContextChangeEvent;)Z @ 62
Event: 6983.018 Thread 0x000000001a67c000 Uncommon trap: reason=unstable_if action=reinterpret pc=0x0000000002a225e4 method=sun.nio.cs.SingleByte$Encoder.encode(C)I @ 13
Event: 6983.655 Thread 0x00000000027ae000 Uncommon trap: reason=null_check action=make_not_entrant pc=0x0000000002cbfb7c method=org.eclipse.core.runtime.internal.adaptor.EclipseLazyStarter.shouldActivateFor(Ljava/lang/String;Lorg/eclipse/osgi/baseadaptor/BaseData;Lorg/eclipse/core/runtime/internal¡’,πúFª@

Internal exceptions (10 events):
Event: 6980.381 Thread 0x0000000019671000 Implicit null exception at 0x0000000002c2fd51 to 0x0000000002c30165
Event: 6980.383 Thread 0x000000001a697800 Exception <a 'java/net/SocketException': Socket closed> (0x00000000f582e9c0) thrown at [C:\re\workspace\8-2-build-windows-amd64-cygwin\jdk8u45\3627\hotspot\src\share\vm\prims\jni.cpp, line 735]
Event: 6981.773 Thread 0x00000000027ae000 Implicit null exception at 0x000000000363b5cc to 0x000000000363b629
Event: 6982.380 Thread 0x00000000027ae000 Implicit null exception at 0x00000000034f16b0 to 0x00000000034f1709
Event: 6983.001 Thread 0x000000001a67b000 Exception <a 'java/lang/InterruptedException'> (0x00000000f6db7aa0) thrown at [C:\re\workspace\8-2-build-windows-amd64-cygwin\jdk8u45\3627\hotspot\src\share\vm\runtime\objectMonitor.cpp, line 1683]
Event: 6983.655 Thread 0x00000000027ae000 Implicit null exception at 0x0000000002cbe227 to 0x0000000002cbfb59
Event: 6983.771 Thread 0x0000000016628000 Exception <a 'java/lang/InterruptedException': sleep interrupted> (0x00000000f7117600) thrown at [C:\re\workspace\8-2-build-windows-amd64-cygwin\jdk8u45\3627\hotspot\src\share\vm\prims\jvm.cpp, line 3211]
Event: 6983.774 Thread 0x0000000016bd6800 Exception <a 'java/lang/InterruptedException'> (0x00000000f719f398) thrown at [C:\re\workspace\8-2-build-windows-amd64-cygwin\jdk8u45\3627\hotspot\src\share\vm\runtime\objectMonitor.cpp, line 1683]
Event: 6983.774 Thread 0x000000001704e000 Exception <a 'java/lang/InterruptedException'> (0x00000000f71923d0) thrown at [C:\re\workspace\8-2-build-windows-amd64-cygwin\jdk8u45\3627\hotspot\src\share\vm\runtime\objectMonitor.cpp, line 1683]
Event: 6984.341 Thread 0x000000001557f000 Exception <a 'java/lang/InterruptedException'> (0x00000000f709e9f0) thrown at [C:\re\workspace\8-2-build-windows-amd64-cygwin\jdk8u45\3627\hotspot\src\share\vm\runtime\objectMonitor.cpp, line 1683]

Events (10 events):
Event: 6984.344 loading class java/util/IdentityHashMap$IdentityHashMapIterator
Event: 6984.344 loading class java/util/IdentityHashMap$IdentityHashMapIterator done
Event: 6984.344 loading class java/util/IdentityHashMap$KeyIterator done
Event: 6984.344 Thread 0x000000001a691800 Thread added: 0x000000001a691800
Event: 6984.344 Executing VM operation: RevokeBias
Event: 6984.344 Executing VM operation: RevokeBias done
Event: 6984.345 Executing VM operation: RevokeBias
Event: 6984.345 Executing VM operation: RevokeBias done
Event: 6984.345 Thread 0x000000001a691800 Thread exited: 0x000000001a691800
Event: 6984.346 Executing VM operation: Exit


Dynamic libraries:
0x0000000000400000 - 0x000000000044f000 	C:\Xilinx\SDK\2015.4\eclipse\win64.o\eclipse.exe
0x00007ff84f500000 - 0x00007ff84f6d1000 	C:\WINDOWS\SYSTEM32\ntdll.dll
0x00007ff84dde0000 - 0x00007ff84de8b000 	C:\WINDOWS\System32\KERNEL32.DLL
0x00007ff84c350000 - 0x00007ff84c56d000 	C:\WINDOWS\System32\KERNELBASE.dll
0x00007ff84d270000 - 0x00007ff84d3d5000 	C:\WINDOWS\System32\USER32.dll
0x00007ff84c830000 - 0x00007ff84c84e000 	C:\WINDOWS\System32\win32u.dll
0x00007ff84f4c0000 - 0x00007ff84f4f4000 	C:\WINDOWS\System32\GDI32.dll
0x00007ff84c900000 - 0x00007ff84ca82000 	C:\WINDOWS\System32\gdi32full.dll
0x00007ff84da60000 - 0x00007ff84dafe000 	C:\WINDOWS\System32\msvcrt.dll
0x00007ff839280000 - 0x00007ff8394f9000 	C:\WINDOWS\WinSxS\amd64_microsoft.windows.common-controls_6595b64144ccf1df_6.0.14393.447_none_42191651c6827bb3\COMCTL32.dll
0x00007ff84cef0000 - 0x00007ff84d1b8000 	C:\WINDOWS\System32\combase.dll
0x00007ff84bb70000 - 0x00007ff84bc65000 	C:\WINDOWS\System32\ucrtbase.dll
0x00007ff84db00000 - 0x00007ff84dc21000 	C:\WINDOWS\System32\RPCRT4.dll
0x00007ff84bb00000 - 0x00007ff84bb6a000 	C:\WINDOWS\System32\bcryptPrimitives.dll
0x00007ff84dcf0000 - 0x00007ff84dd1e000 	C:\WINDOWS\System32\IMM32.DLL
0x0000000072000000 - 0x0000000072012000 	C:\Xilinx\SDK\2015.4\eclipse\win64.o\plugins\org.eclipse.equinox.launcher.win32.win32.x86_64_1.1.200.v20140116-2212\eclipse_1503.dll
0x00007ff84d1c0000 - 0x00007ff84d262000 	C:\WINDOWS\System32\ADVAPI32.dll
0x00007ff84d6b0000 - 0x00007ff84d709000 	C:\WINDOWS\System32\sechost.dll
0x00007ff8439d0000 - 0x00007ff8439da000 	C:\WINDOWS\SYSTEM32\VERSION.dll
0x00007ff84a020000 - 0x00007ff84a0b5000 	C:\WINDOWS\system32\uxtheme.dll
0x00007ff84d440000 - 0x00007ff84d59b000 	C:\WINDOWS\System32\MSCTF.dll
0x00007ff84dc30000 - 0x00007ff84dcef000 	C:\WINDOWS\System32\OLEAUT32.dll
0x00007ff84c570000 - 0x00007ff84c60c000 	C:\WINDOWS\System32\msvcp_win.dll
0x00007ff82e2d0000 - 0x00007ff82e368000 	C:\Program Files\Common Files\microsoft shared\ink\tiptsf.dll
0x0000000057270000 - 0x0000000057af3000 	C:\Xilinx\SDK\2015.4\tps\win64\jre\bin\server\jvm.dll
0x00007ff84cab0000 - 0x00007ff84cab8000 	C:\WINDOWS\System32\PSAPI.DLL
0x00007ff849cc0000 - 0x00007ff849ce3000 	C:\WINDOWS\SYSTEM32\WINMM.dll
0x00007ff82d1b0000 - 0x00007ff82d1b9000 	C:\WINDOWS\SYSTEM32\WSOCK32.dll
0x00007ff84df30000 - 0x00007ff84df9a000 	C:\WINDOWS\System32\WS2_32.dll
0x0000000057de0000 - 0x0000000057eb2000 	C:\Xilinx\SDK\2015.4\tps\win64\jre\bin\MSVCR100.dll
0x00007ff849c60000 - 0x00007ff849c8b000 	C:\WINDOWS\SYSTEM32\WINMMBASE.dll
0x00007ff84c610000 - 0x00007ff84c652000 	C:\WINDOWS\System32\cfgmgr32.dll
0x0000000057dd0000 - 0x0000000057ddf000 	C:\Xilinx\SDK\2015.4\tps\win64\jre\bin\verify.dll
0x0000000057da0000 - 0x0000000057dc9000 	C:\Xilinx\SDK\2015.4\tps\win64\jre\bin\java.dll
0x0000000057d80000 - 0x0000000057d96000 	C:\Xilinx\SDK\2015.4\tps\win64\jre\bin\zip.dll
0x00007ff84dfa0000 - 0x00007ff84f4a9000 	C:\WINDOWS\System32\SHELL32.dll
0x00007ff84bc70000 - 0x00007ff84c34a000 	C:\WINDOWS\System32\windows.storage.dll
0x00007ff84b990000 - 0x00007ff84b9dc000 	C:\WINDOWS\System32\powrprof.dll
0x00007ff84dd80000 - 0x00007ff84ddd2000 	C:\WINDOWS\System32\shlwapi.dll
0x00007ff84b960000 - 0x00007ff84b96f000 	C:\WINDOWS\System32\kernel.appcore.dll
0x00007ff84c850000 - 0x00007ff84c8f9000 	C:\WINDOWS\System32\shcore.dll
0x00007ff84b970000 - 0x00007ff84b984000 	C:\WINDOWS\System32\profapi.dll
0x00007ff84b430000 - 0x00007ff84b447000 	C:\WINDOWS\SYSTEM32\CRYPTSP.dll
0x00007ff84aea0000 - 0x00007ff84aed3000 	C:\WINDOWS\system32\rsaenh.dll
0x00007ff84b540000 - 0x00007ff84b56b000 	C:\WINDOWS\SYSTEM32\bcrypt.dll
0x00007ff84b110000 - 0x00007ff84b12f000 	C:\WINDOWS\SYSTEM32\USERENV.dll
0x00007ff84b450000 - 0x00007ff84b45b000 	C:\WINDOWS\SYSTEM32\CRYPTBASE.dll
0x0000000057d60000 - 0x0000000057d7a000 	C:\Xilinx\SDK\2015.4\tps\win64\jre\bin\net.dll
0x00007ff84b290000 - 0x00007ff84b2ec000 	C:\WINDOWS\system32\mswsock.dll
0x00007ff84b020000 - 0x00007ff84b058000 	C:\WINDOWS\SYSTEM32\IPHLPAPI.DLL
0x00007ff84f4b0000 - 0x00007ff84f4b8000 	C:\WINDOWS\System32\NSI.dll
0x00007ff83c200000 - 0x00007ff83c216000 	C:\WINDOWS\SYSTEM32\dhcpcsvc6.DLL
0x00007ff83c1e0000 - 0x00007ff83c1fa000 	C:\WINDOWS\SYSTEM32\dhcpcsvc.DLL
0x0000000057d40000 - 0x0000000057d51000 	C:\Xilinx\SDK\2015.4\tps\win64\jre\bin\nio.dll
0x00007ff84de90000 - 0x00007ff84df2f000 	C:\WINDOWS\System32\clbcatq.dll
0x00007ff82e410000 - 0x00007ff82e5ba000 	C:\Windows\System32\uiautomationcore.dll
0x00007ff84b830000 - 0x00007ff84b8c8000 	C:\WINDOWS\SYSTEM32\sxs.dll
0x00007ff82dcd0000 - 0x00007ff82dd35000 	C:\Windows\System32\OLEACC.dll
0x00007ff834e60000 - 0x00007ff834e76000 	C:\WINDOWS\system32\napinsp.dll
0x00007ff834ec0000 - 0x00007ff834eda000 	C:\WINDOWS\system32\pnrpnsp.dll
0x00007ff848dd0000 - 0x00007ff848de8000 	C:\WINDOWS\system32\NLAapi.dll
0x00007ff84b060000 - 0x00007ff84b100000 	C:\WINDOWS\SYSTEM32\DNSAPI.dll
0x00007ff834ee0000 - 0x00007ff834eee000 	C:\WINDOWS\System32\winrnr.dll
0x00007ff844110000 - 0x00007ff844125000 	C:\WINDOWS\System32\wshbth.dll
0x00007ff83a640000 - 0x00007ff83a64a000 	C:\Windows\System32\rasadhlp.dll
0x00007ff83b950000 - 0x00007ff83b9ba000 	C:\WINDOWS\System32\fwpuclnt.dll
0x00007ff84d920000 - 0x00007ff84da57000 	C:\WINDOWS\System32\ole32.dll
0x0000000018440000 - 0x00000000184e8000 	C:\Users\chan_\.Xilinx\SDK\2015.4\org.eclipse.osgi\bundles\303\1\.cp\swt-win32-4335.dll
0x00007ff84d5b0000 - 0x00007ff84d6aa000 	C:\WINDOWS\System32\comdlg32.dll
0x00007ff84c660000 - 0x00007ff84c829000 	C:\WINDOWS\System32\CRYPT32.dll
0x00007ff84b9e0000 - 0x00007ff84b9f0000 	C:\WINDOWS\System32\MSASN1.dll
0x00007ff844f00000 - 0x00007ff844f19000 	C:\WINDOWS\SYSTEM32\USP10.dll
0x00007ff82f0c0000 - 0x00007ff82f145000 	C:\WINDOWS\SYSTEM32\WINSPOOL.DRV
0x00007ff83a6f0000 - 0x00007ff83a983000 	C:\WINDOWS\SYSTEM32\WININET.dll
0x00007ff849800000 - 0x00007ff849826000 	C:\WINDOWS\system32\dwmapi.dll
0x00007ff849830000 - 0x00007ff8499b5000 	C:\WINDOWS\SYSTEM32\propsys.dll
0x00000000184f0000 - 0x000000001850e000 	C:\Users\chan_\.Xilinx\SDK\2015.4\org.eclipse.osgi\bundles\303\1\.cp\swt-gdip-win32-4335.dll
0x00007ff837020000 - 0x00007ff8371ba000 	C:\WINDOWS\WinSxS\amd64_microsoft.windows.gdiplus_6595b64144ccf1df_1.1.14393.321_none_72fe05dd211a5fae\gdiplus.dll
0x00007ff849050000 - 0x00007ff8491f8000 	C:\WINDOWS\SYSTEM32\WindowsCodecs.dll
0x0000000180000000 - 0x0000000180012000 	C:\Users\chan_\.Xilinx\SDK\2015.4\org.eclipse.osgi\bundles\121\1\.cp\os\win32\x86_64\localfile_1_0_0.dll
0x00007ff844e10000 - 0x00007ff844e21000 	C:\Users\chan_\.Xilinx\SDK\2015.4\org.eclipse.osgi\bundles\124\1\.cp\jWinHttp-1.0.0.dll
0x00007ff83ad60000 - 0x00007ff83ae2d000 	C:\WINDOWS\SYSTEM32\WINHTTP.dll
0x00007ff84a340000 - 0x00007ff84a45c000 	C:\WINDOWS\system32\twinapi.appcore.dll
0x00007ff82e5c0000 - 0x00007ff82e63d000 	C:\WINDOWS\SYSTEM32\twinapi.dll
0x00007ff842a50000 - 0x00007ff842a5f000 	C:\Xilinx\SDK\2015.4\lib\win64.o\librdi_repo_manager.dll
0x00007ff843280000 - 0x00007ff8432aa000 	C:\Xilinx\SDK\2015.4\lib\win64.o\libisl_sysinfo.dll
0x00007ffff9160000 - 0x00007ffff9aed000 	C:\Xilinx\SDK\2015.4\lib\win64.o\librdi_common.dll
0x00007ff842da0000 - 0x00007ff842df4000 	C:\Xilinx\SDK\2015.4\lib\win64.o\librdi_commonxillic.dll
0x00007ff827520000 - 0x00007ff82770c000 	C:\Xilinx\SDK\2015.4\lib\win64.o\librdi_hsm.dll
0x00007ff81f150000 - 0x00007ff81f1f7000 	C:\WINDOWS\SYSTEM32\MSVCP110.dll
0x00007ff81f070000 - 0x00007ff81f144000 	C:\WINDOWS\SYSTEM32\MSVCR110.dll
0x00007ffff4280000 - 0x00007ffff45ee000 	C:\Xilinx\SDK\2015.4\lib\win64.o\libCOIN-all.dll
0x00007ff841550000 - 0x00007ff84176e000 	C:\Xilinx\SDK\2015.4\lib\win64.o\libXil_lmgr11.dll
0x00007ff84b9f0000 - 0x00007ff84ba45000 	C:\WINDOWS\System32\WINTRUST.dll
0x00007ff8499f0000 - 0x00007ff849a00000 	C:\Xilinx\SDK\2015.4\lib\win64.o\libboost_date_time.dll
0x00007ff8444b0000 - 0x00007ff8444d2000 	C:\Xilinx\SDK\2015.4\lib\win64.o\libboost_filesystem.dll
0x00007ff843300000 - 0x00007ff843374000 	C:\Xilinx\SDK\2015.4\lib\win64.o\libboost_program_options.dll
0x00007ff842c30000 - 0x00007ff842d2a000 	C:\Xilinx\SDK\2015.4\lib\win64.o\libboost_regex.dll
0x00007ff8432e0000 - 0x00007ff8432f3000 	C:\Xilinx\SDK\2015.4\lib\win64.o\libboost_signals.dll
0x00007ff848320000 - 0x00007ff848329000 	C:\Xilinx\SDK\2015.4\lib\win64.o\libboost_system.dll
0x00007ff8432c0000 - 0x00007ff8432dd000 	C:\Xilinx\SDK\2015.4\lib\win64.o\libboost_thread.dll
0x00007ff8432b0000 - 0x00007ff8432bb000 	C:\Xilinx\SDK\2015.4\lib\win64.o\libboost_xilinx.dll
0x00007ff842bb0000 - 0x00007ff842c30000 	C:\Xilinx\SDK\2015.4\lib\win64.o\libhdlpsolve.dll
0x00007ff842ec0000 - 0x00007ff842f5a000 	C:\Xilinx\SDK\2015.4\lib\win64.o\libhdxml.dll
0x00007ffff2580000 - 0x00007ffff29b4e00 	C:\Xilinx\SDK\2015.4\lib\win64.o\libisl_iostreams.dll
0x00007ff844550000 - 0x00007ff844565000 	C:\Xilinx\SDK\2015.4\lib\win64.o\pthreadVC2.dll
0x00007ff8305d0000 - 0x00007ff830700000 	C:\Xilinx\SDK\2015.4\lib\win64.o\librdi_curl.dll
0x00007ff842ea0000 - 0x00007ff842eb8000 	C:\Xilinx\SDK\2015.4\lib\win64.o\librdiconfig.dll
0x00007ff842e70000 - 0x00007ff842e93000 	C:\Xilinx\SDK\2015.4\lib\win64.o\librdizlib.dll
0x0000000057ec0000 - 0x0000000057fe7000 	C:\Xilinx\SDK\2015.4\lib\win64.o\tcl85t.dll
0x00007ff83a990000 - 0x00007ff83ab52000 	C:\WINDOWS\SYSTEM32\urlmon.dll
0x0000000022e10000 - 0x0000000023073000 	C:\Xilinx\SDK\2015.4\lib\win64.o\xerces-c_3_1.dll
0x00007ff81d0a0000 - 0x00007ff81d0c3000 	C:\WINDOWS\SYSTEM32\VCOMP110.DLL
0x00007ff842a60000 - 0x00007ff842aa3000 	C:\Xilinx\SDK\2015.4\lib\win64.o\librdi_hdf.dll
0x00007ff81eb70000 - 0x00007ff81edc5000 	C:\Xilinx\SDK\2015.4\lib\win64.o\librdi_ippcw.dll
0x00007ff837000000 - 0x00007ff837018000 	C:\WINDOWS\SYSTEM32\NETAPI32.dll
0x00007ff843270000 - 0x00007ff84327b000 	C:\Xilinx\SDK\2015.4\lib\win64.o\libboost_chrono.dll
0x00007ff83db90000 - 0x00007ff83de33000 	C:\WINDOWS\SYSTEM32\iertutil.dll
0x00007ff842b90000 - 0x00007ff842ba6000 	C:\Xilinx\SDK\2015.4\lib\win64.o\libboost_iostreams.dll
0x00007ff842b60000 - 0x00007ff842b83000 	C:\Xilinx\SDK\2015.4\lib\win64.o\libisl_iosutils.dll
0x00007ff842a40000 - 0x00007ff842a47000 	C:\WINDOWS\SYSTEM32\msimg32.dll
0x00007ff82ad30000 - 0x00007ff82ad72000 	C:\WINDOWS\SYSTEM32\edputil.dll
0x00007ffff1530000 - 0x00007ffff1d40000 	C:\Xilinx\SDK\2015.4\lib\win64.o\libXil_lmgr11FNP.dll
0x00007ff84cac0000 - 0x00007ff84cee9000 	C:\WINDOWS\System32\SETUPAPI.dll
0x00007ff82f020000 - 0x00007ff82f02c000 	C:\WINDOWS\SYSTEM32\snmpapi.dll
0x00007ff84b660000 - 0x00007ff84b68c000 	C:\WINDOWS\SYSTEM32\SspiCli.dll
0x00007ff84a610000 - 0x00007ff84a638000 	C:\WINDOWS\SYSTEM32\DEVOBJ.dll
0x00007ff84ad70000 - 0x00007ff84ada2000 	C:\WINDOWS\SYSTEM32\ntmarta.dll

VM Arguments:
jvm_args: -Dcom.xilinx.sdk.args.hwspec=C:/g/hdmi_out/proj/hdmi_out.sdk/hdmi_out_wrapper.hdf -Xms64m -Xmx512m & 
java_command: <unknown>
java_class_path (initial): C:\Xilinx\SDK\2015.4\eclipse\win64.o\\plugins/org.eclipse.equinox.launcher_1.3.0.v20130327-1440.jar
Launcher Type: generic

Environment Variables:
PATH=C:/Xilinx/SDK/2015.4/tps/win64/jre/bin/server;C:/Xilinx/SDK/2015.4/tps/win64/jre/bin;C:/Xilinx/SDK/2015.4/tps/win64/jre/lib/amd64;C:\Xilinx\SDK\2015.4\gnuwin\bin;C:\Xilinx\SDK\2015.4\gnu\microblaze\nt\bin;C:\Xilinx\SDK\2015.4\gnu\microblaze\linux_toolchain\nt64_le\bin;C:\Xilinx\SDK\2015.4\gnu\microblaze\linux_toolchain\nt64_be\bin;C:\Xilinx\SDK\2015.4\gnu\arm\nt\bin;C:\Xilinx\SDK\2015.4\gnu\aarch64\nt\aarch64-none\bin;C:\Xilinx\SDK\2015.4\gnu\aarch64\nt\aarch64-linux\bin;C:\Xilinx\SDK\2015.4\gnu\armr5\nt\gcc-arm-none-eabi\bin;C:\Xilinx\SDK\2015.4\gnu\aarch32\nt\gcc-arm-none-eabi\bin;C:\Xilinx\SDK\2015.4\gnu\aarch32\nt\gcc-arm-linux-gnueabi\bin;C:\Xilinx\SDK\2015.4\bin;C:\Xilinx\SDK\2015.4\lib\win64.o;C:\Xilinx\SDK\2015.4\tps\win64\jre\bin\server;C:\Xilinx\SDK\2015.4\tps\win64\jre\bin;C:\Xilinx\Vivado\2015.4\ids_lite\ISE\bin\nt64;C:\Xilinx\Vivado\2015.4\ids_lite\ISE\lib\nt64;C:\Xilinx\Vivado\2015.4\bin;C:\Xilinx\Vivado\2015.4\lib\win64.o;C:\Xilinx\Vivado\2015.4\tps\win64\jre\bin\server;C:\Xilinx\Vivado\2015.4\tps\win64\jre\bin;C:\Xilinx\Vivado_HLS\2015.4\bin;C:\WINDOWS\system32;C:\WINDOWS;C:\WINDOWS\System32\Wbem;C:\WINDOWS\System32\WindowsPowerShell\v1.0\;C:\Program Files\MATLAB\R2016b\runtime\win64;C:\Program Files\MATLAB\R2016b\bin;C:\Program Files\MiKTeX 2.9\miktex\bin\x64\;C:\Users\chan_\AppData\Local\Microsoft\WindowsApps;C:\GHDL\ghdl\bin;C:\GHDL\gtkwave\bin;c:\g\hdmi_out\proj;
USERNAME=chan_
OS=Windows_NT
PROCESSOR_IDENTIFIER=Intel64 Family 6 Model 78 Stepping 3, GenuineIntel



---------------  S Y S T E M  ---------------

OS: Windows 10.0 , 64 bit Build 14393 (10.0.14393.0)

CPU:total 4 (2 cores per cpu, 2 threads per core) family 6 model 78 stepping 3, cmov, cx8, fxsr, mmx, sse, sse2, sse3, ssse3, sse4.1, sse4.2, popcnt, avx, avx2, aes, clmul, erms, rtm, 3dnowpref, lzcnt, ht, tsc, tscinvbit, bmi1, bmi2, adx

Memory: 4k page, physical 4118636k(767296k free), swap 10681824k(2053956k free)

vm_info: Java HotSpot(TM) 64-Bit Server VM (25.45-b02) for windows-amd64 JRE (1.8.0_45-b15), built on Apr 30 2015 12:40:44 by "java_re" with MS VC++ 10.0 (VS2010)

time: Thu Mar 02 14:15:12 2017
elapsed time: 6985 seconds (0d 1h 56m 25s)

