#
# A fatal error has been detected by the Java Runtime Environment:
#
#  Internal Error (0xc000000d), pid=13188, tid=12612
#
# JRE version: Java(TM) SE Runtime Environment (8.0_45-b15) (build 1.8.0_45-b15)
# Java VM: Java HotSpot(TM) 64-Bit Server VM (25.45-b02 mixed mode windows-amd64 compressed oops)
# Problematic frame:
# C  [ntdll.dll+0xff44c]
#
# Failed to write core dump. Minidumps are not enabled by default on client versions of Windows
#
# If you would like to submit a bug report, please visit:
#   http://bugreport.java.com/bugreport/crash.jsp
#

---------------  T H R E A D  ---------------

Current thread (0x0000000013bc7000):  VMThread [stack: 0x0000000014c60000,0x0000000014d60000] [id=12612]

siginfo: ExceptionCode=0xc000000d

Registers:
RAX=0x0000000000000000, RBX=0xfffffffffffffffe, RCX=0x0000000000000000, RDX=0x0000000000000000
RSP=0x0000000014d5f470, RBP=0x00007ff81f077408, RSI=0x0000000000000000, RDI=0x0000000000000e48
R8 =0x0000000000000000, R9 =0x000000000014f7b0, R10=0x00007ff84f507c1f, R11=0x0000000000000000
R12=0x0000000023e9ded0, R13=0x0000000023da9c80, R14=0x0000000023e9dfd8, R15=0x0000000014d5f5e8
RIP=0x00007ff84f5ff44c, EFLAGS=0x0000000000000202

Top of Stack: (sp=0x0000000014d5f470)
0x0000000014d5f470:   0000000000000057 fffffffffffffffe
0x0000000014d5f480:   0000000000000000 0000000000000e48
0x0000000014d5f490:   00000000c000000d 0000000000000000
0x0000000014d5f4a0:   00007ff84f5ff44c 0000000000000000
0x0000000014d5f4b0:   0000000000000000 0000000000000000
0x0000000014d5f4c0:   0000000000000000 0000000000000000
0x0000000014d5f4d0:   0000000000000000 0000000000000000
0x0000000014d5f4e0:   0000000000000000 0000000000000000
0x0000000014d5f4f0:   0000000000000000 0000000000000000
0x0000000014d5f500:   0000000000000000 0000000000000000
0x0000000014d5f510:   0000000000000000 0000000000000000
0x0000000014d5f520:   0000000000000000 0000000000000000
0x0000000014d5f530:   0000e6dc36de4ca4 0000000000000000
0x0000000014d5f540:   0000000000000000 00007ff84f5c150d
0x0000000014d5f550:   0000000000000000 0000000000000000
0x0000000014d5f560:   0000000000000001 0000000000000000 

Instructions: (pc=0x00007ff84f5ff44c)
0x00007ff84f5ff42c:   d5 fa ff c7 44 24 20 0d 00 00 c0 b9 57 00 00 00
0x00007ff84f5ff43c:   e8 7f 13 f6 ff 90 48 8d 4c 24 20 e8 04 bf f4 ff
0x00007ff84f5ff44c:   eb 00 48 8b 8c 24 c0 00 00 00 48 33 cc e8 82 74
0x00007ff84f5ff45c:   f9 ff 48 81 c4 d8 00 00 00 c3 40 55 48 83 ec 20 


Register to memory mapping:

RAX=0x0000000000000000 is an unknown value
RBX=0xfffffffffffffffe is an unknown value
RCX=0x0000000000000000 is an unknown value
RDX=0x0000000000000000 is an unknown value
RSP=0x0000000014d5f470 is an unknown value
RBP=0x00007ff81f077408 is an unknown value
RSI=0x0000000000000000 is an unknown value
RDI=0x0000000000000e48 is an unknown value
R8 =0x0000000000000000 is an unknown value
R9 =0x000000000014f7b0 is pointing into the stack for thread: 0x000000000278e000
R10=0x00007ff84f507c1f is an unknown value
R11=0x0000000000000000 is an unknown value
R12=0x0000000023e9ded0 is an unknown value
R13=0x0000000023da9c80 is an unknown value
R14=0x0000000023e9dfd8 is an unknown value
R15=0x0000000014d5f5e8 is an unknown value


Stack: [0x0000000014c60000,0x0000000014d60000],  sp=0x0000000014d5f470,  free space=1021k
Native frames: (J=compiled Java code, j=interpreted, Vv=VM code, C=native code)
C  [ntdll.dll+0xff44c]
C  [ntdll.dll+0xc150d]
C  [KERNEL32.DLL+0x1fbba]
C  [MSVCR110.dll+0x752d]
C  [MSVCR110.dll+0x73c6]
C  [MSVCR110.dll+0x14cca]
C  [MSVCR110.dll+0x13edc]
C  [MSVCR110.dll+0x239e]
C  [MSVCR110.dll+0xaf9e]
C  [MSVCP110.dll+0x397b9]
C  [librdi_common.dll+0x14283e]
C  [librdi_common.dll+0x141449]
C  0x00007ff841df2400
C  0x00007ff841df2682
C  [ntdll.dll+0x2a35f]
C  [ntdll.dll+0x806b]
C  [ntdll.dll+0x7d94]
C  [KERNEL32.DLL+0x1ce6a]
C  [MSVCR100.dll+0x20ccd]
V  [jvm.dll+0x20f135]
V  [jvm.dll+0x247ef7]
V  [jvm.dll+0x247196]
V  [jvm.dll+0x247631]
V  [jvm.dll+0x24784e]
V  [jvm.dll+0x29853a]
C  [MSVCR100.dll+0x21d9f]
C  [MSVCR100.dll+0x21e3b]
C  [KERNEL32.DLL+0x8364]
C  [ntdll.dll+0x670d1]

VM_Operation (0x000000000014f500): Exit, mode: safepoint, requested by thread 0x000000000278e000


---------------  P R O C E S S  ---------------

Java Threads: ( => current thread )
  0x0000000019808000 JavaThread "Thread-16" daemon [_thread_blocked, id=3036, stack(0x00000000256a0000,0x00000000257a0000)]
  0x000000001570b800 JavaThread "TCF Locator DNS Lookup" daemon [_thread_blocked, id=7788, stack(0x0000000022380000,0x0000000022480000)]
  0x000000001570a800 JavaThread "TCF Locator Timer" daemon [_thread_blocked, id=12568, stack(0x0000000022280000,0x0000000022380000)]
  0x000000001570a000 JavaThread "TCF Locator Receiver" daemon [_thread_in_native, id=13196, stack(0x0000000022180000,0x0000000022280000)]
  0x0000000015708800 JavaThread "TCF Timer Dispatcher" daemon [_thread_blocked, id=1844, stack(0x0000000021f80000,0x0000000022080000)]
  0x0000000019462800 JavaThread "EMF Reference Cleaner" daemon [_thread_blocked, id=11928, stack(0x000000001ae00000,0x000000001af00000)]
  0x0000000015498800 JavaThread "Service Thread" daemon [_thread_blocked, id=13128, stack(0x0000000015860000,0x0000000015960000)]
  0x0000000013c06800 JavaThread "C1 CompilerThread2" daemon [_thread_blocked, id=5164, stack(0x0000000015360000,0x0000000015460000)]
  0x0000000013c02800 JavaThread "C2 CompilerThread1" daemon [_thread_blocked, id=5504, stack(0x0000000015260000,0x0000000015360000)]
  0x0000000013c00000 JavaThread "C2 CompilerThread0" daemon [_thread_blocked, id=7492, stack(0x0000000015160000,0x0000000015260000)]
  0x0000000013bff000 JavaThread "Attach Listener" daemon [_thread_blocked, id=11616, stack(0x0000000015060000,0x0000000015160000)]
  0x0000000013bfb800 JavaThread "Signal Dispatcher" daemon [_thread_blocked, id=13260, stack(0x0000000014f60000,0x0000000015060000)]
  0x0000000002887000 JavaThread "Finalizer" daemon [_thread_blocked, id=11252, stack(0x0000000014e60000,0x0000000014f60000)]
  0x000000000287e800 JavaThread "Reference Handler" daemon [_thread_blocked, id=12372, stack(0x0000000014d60000,0x0000000014e60000)]
  0x000000000278e000 JavaThread "main" [_thread_blocked, id=12856, stack(0x0000000000050000,0x0000000000150000)]

Other Threads:
=>0x0000000013bc7000 VMThread [stack: 0x0000000014c60000,0x0000000014d60000] [id=12612]

VM state:at safepoint (shutting down)

VM Mutex/Monitor currently owned by a thread:  ([mutex/lock_event])
[0x000000000278d5b0] Threads_lock - owner thread: 0x0000000013bc7000

Heap:
 PSYoungGen      total 126976K, used 36203K [0x00000000f5580000, 0x00000000fef00000, 0x0000000100000000)
  eden space 98304K, 36% used [0x00000000f5580000,0x00000000f78daf30,0x00000000fb580000)
  from space 28672K, 0% used [0x00000000fd200000,0x00000000fd200000,0x00000000fee00000)
  to   space 29184K, 0% used [0x00000000fb580000,0x00000000fb580000,0x00000000fd200000)
 ParOldGen       total 75264K, used 55495K [0x00000000e0000000, 0x00000000e4980000, 0x00000000f5580000)
  object space 75264K, 73% used [0x00000000e0000000,0x00000000e3631cd8,0x00000000e4980000)
 Metaspace       used 80545K, capacity 87072K, committed 87296K, reserved 1124352K
  class space    used 9950K, capacity 11940K, committed 12032K, reserved 1048576K

Card table byte_map: [0x0000000011c50000,0x0000000011d60000] byte_map_base: 0x0000000011550000

Marking Bits: (ParMarkBitMap*) 0x00000000576e4040
 Begin Bits: [0x0000000012160000, 0x0000000012960000)
 End Bits:   [0x0000000012960000, 0x0000000013160000)

Polling page: 0x0000000002190000

CodeCache: size=245760Kb used=31107Kb max_used=31207Kb free=214652Kb
 bounds [0x0000000002890000, 0x0000000004770000, 0x0000000011890000]
 total_blobs=9611 nmethods=8751 adapters=767
 compilation: enabled

Compilation events (10 events):
Event: 267.188 Thread 0x0000000013c00000 nmethod 10586 0x0000000004423390 code [0x00000000044237c0, 0x0000000004428310]
Event: 267.189 Thread 0x0000000013c00000 10603       4       java.io.File::<init> (113 bytes)
Event: 267.240 Thread 0x0000000013c02800 nmethod 10589 0x0000000004751050 code [0x0000000004751500, 0x00000000047575f8]
Event: 267.246 Thread 0x0000000013c06800 10604   !   3       org.eclipse.osgi.internal.baseadaptor.BaseStorage::compact (215 bytes)
Event: 267.248 Thread 0x0000000013c06800 nmethod 10604 0x0000000002de4d10 code [0x0000000002de5160, 0x0000000002de7628]
Event: 267.273 Thread 0x0000000013c00000 nmethod 10603 0x00000000044dc290 code [0x00000000044dc520, 0x00000000044e0780]
Event: 267.528 Thread 0x0000000013c02800 10605       4       java.io.File::isDirectory (43 bytes)
Event: 267.531 Thread 0x0000000013c02800 nmethod 10605 0x0000000003a57f50 code [0x0000000003a580a0, 0x0000000003a582a8]
Event: 267.535 Thread 0x0000000013c06800 10606       3       org.eclipse.osgi.framework.internal.core.AbstractBundle::close (52 bytes)
Event: 267.537 Thread 0x0000000013c06800 nmethod 10606 0x000000000374e190 code [0x000000000374e3c0, 0x000000000374f0c8]

GC Heap History (10 events):
Event: 82.415 GC heap before
{Heap before GC invocations=20 (full 4):
 PSYoungGen      total 124928K, used 20695K [0x00000000f5580000, 0x00000000fef00000, 0x0000000100000000)
  eden space 97280K, 0% used [0x00000000f5580000,0x00000000f5580000,0x00000000fb480000)
  from space 27648K, 74% used [0x00000000fd100000,0x00000000fe535c50,0x00000000fec00000)
  to   space 29184K, 0% used [0x00000000fb480000,0x00000000fb480000,0x00000000fd100000)
 ParOldGen       total 75264K, used 34425K [0x00000000e0000000, 0x00000000e4980000, 0x00000000f5580000)
  object space 75264K, 45% used [0x00000000e0000000,0x00000000e219e758,0x00000000e4980000)
 Metaspace       used 74615K, capacity 80386K, committed 80512K, reserved 1118208K
  class space    used 9210K, capacity 11123K, committed 11136K, reserved 1048576K
Event: 82.790 GC heap after
Heap after GC invocations=20 (full 4):
 PSYoungGen      total 124928K, used 0K [0x00000000f5580000, 0x00000000fef00000, 0x0000000100000000)
  eden space 97280K, 0% used [0x00000000f5580000,0x00000000f5580000,0x00000000fb480000)
  from space 27648K, 0% used [0x00000000fd100000,0x00000000fd100000,0x00000000fec00000)
  to   space 29184K, 0% used [0x00000000fb480000,0x00000000fb480000,0x00000000fd100000)
 ParOldGen       total 75264K, used 52345K [0x00000000e0000000, 0x00000000e4980000, 0x00000000f5580000)
  object space 75264K, 69% used [0x00000000e0000000,0x00000000e331e488,0x00000000e4980000)
 Metaspace       used 74615K, capacity 80386K, committed 80512K, reserved 1118208K
  class space    used 9210K, capacity 11123K, committed 11136K, reserved 1048576K
}
Event: 167.356 GC heap before
{Heap before GC invocations=21 (full 4):
 PSYoungGen      total 124928K, used 80042K [0x00000000f5580000, 0x00000000fef00000, 0x0000000100000000)
  eden space 97280K, 82% used [0x00000000f5580000,0x00000000fa3aa9b0,0x00000000fb480000)
  from space 27648K, 0% used [0x00000000fd100000,0x00000000fd100000,0x00000000fec00000)
  to   space 29184K, 0% used [0x00000000fb480000,0x00000000fb480000,0x00000000fd100000)
 ParOldGen       total 75264K, used 52345K [0x00000000e0000000, 0x00000000e4980000, 0x00000000f5580000)
  object space 75264K, 69% used [0x00000000e0000000,0x00000000e331e488,0x00000000e4980000)
 Metaspace       used 79308K, capacity 85420K, committed 85504K, reserved 1122304K
  class space    used 9822K, capacity 11775K, committed 11776K, reserved 1048576K
Event: 167.380 GC heap after
Heap after GC invocations=21 (full 4):
 PSYoungGen      total 126464K, used 8489K [0x00000000f5580000, 0x00000000fee00000, 0x0000000100000000)
  eden space 97280K, 0% used [0x00000000f5580000,0x00000000f5580000,0x00000000fb480000)
  from space 29184K, 29% used [0x00000000fb480000,0x00000000fbcca4f0,0x00000000fd100000)
  to   space 28672K, 0% used [0x00000000fd200000,0x00000000fd200000,0x00000000fee00000)
 ParOldGen       total 75264K, used 52353K [0x00000000e0000000, 0x00000000e4980000, 0x00000000f5580000)
  object space 75264K, 69% used [0x00000000e0000000,0x00000000e3320488,0x00000000e4980000)
 Metaspace       used 79308K, capacity 85420K, committed 85504K, reserved 1122304K
  class space    used 9822K, capacity 11775K, committed 11776K, reserved 1048576K
}
Event: 167.380 GC heap before
{Heap before GC invocations=22 (full 5):
 PSYoungGen      total 126464K, used 8489K [0x00000000f5580000, 0x00000000fee00000, 0x0000000100000000)
  eden space 97280K, 0% used [0x00000000f5580000,0x00000000f5580000,0x00000000fb480000)
  from space 29184K, 29% used [0x00000000fb480000,0x00000000fbcca4f0,0x00000000fd100000)
  to   space 28672K, 0% used [0x00000000fd200000,0x00000000fd200000,0x00000000fee00000)
 ParOldGen       total 75264K, used 52353K [0x00000000e0000000, 0x00000000e4980000, 0x00000000f5580000)
  object space 75264K, 69% used [0x00000000e0000000,0x00000000e3320488,0x00000000e4980000)
 Metaspace       used 79308K, capacity 85420K, committed 85504K, reserved 1122304K
  class space    used 9822K, capacity 11775K, committed 11776K, reserved 1048576K
Event: 167.829 GC heap after
Heap after GC invocations=22 (full 5):
 PSYoungGen      total 126464K, used 0K [0x00000000f5580000, 0x00000000fee00000, 0x0000000100000000)
  eden space 97280K, 0% used [0x00000000f5580000,0x00000000f5580000,0x00000000fb480000)
  from space 29184K, 0% used [0x00000000fb480000,0x00000000fb480000,0x00000000fd100000)
  to   space 28672K, 0% used [0x00000000fd200000,0x00000000fd200000,0x00000000fee00000)
 ParOldGen       total 75264K, used 59407K [0x00000000e0000000, 0x00000000e4980000, 0x00000000f5580000)
  object space 75264K, 78% used [0x00000000e0000000,0x00000000e3a03d00,0x00000000e4980000)
 Metaspace       used 79308K, capacity 85420K, committed 85504K, reserved 1122304K
  class space    used 9822K, capacity 11775K, committed 11776K, reserved 1048576K
}
Event: 227.357 GC heap before
{Heap before GC invocations=23 (full 5):
 PSYoungGen      total 126464K, used 4728K [0x00000000f5580000, 0x00000000fee00000, 0x0000000100000000)
  eden space 97280K, 4% used [0x00000000f5580000,0x00000000f5a1e3c8,0x00000000fb480000)
  from space 29184K, 0% used [0x00000000fb480000,0x00000000fb480000,0x00000000fd100000)
  to   space 28672K, 0% used [0x00000000fd200000,0x00000000fd200000,0x00000000fee00000)
 ParOldGen       total 75264K, used 59407K [0x00000000e0000000, 0x00000000e4980000, 0x00000000f5580000)
  object space 75264K, 78% used [0x00000000e0000000,0x00000000e3a03d00,0x00000000e4980000)
 Metaspace       used 79318K, capacity 85420K, committed 85504K, reserved 1122304K
  class space    used 9823K, capacity 11775K, committed 11776K, reserved 1048576K
Event: 227.362 GC heap after
Heap after GC invocations=23 (full 5):
 PSYoungGen      total 126976K, used 160K [0x00000000f5580000, 0x00000000fef00000, 0x0000000100000000)
  eden space 98304K, 0% used [0x00000000f5580000,0x00000000f5580000,0x00000000fb580000)
  from space 28672K, 0% used [0x00000000fd200000,0x00000000fd228000,0x00000000fee00000)
  to   space 29184K, 0% used [0x00000000fb580000,0x00000000fb580000,0x00000000fd200000)
 ParOldGen       total 75264K, used 59415K [0x00000000e0000000, 0x00000000e4980000, 0x00000000f5580000)
  object space 75264K, 78% used [0x00000000e0000000,0x00000000e3a05d00,0x00000000e4980000)
 Metaspace       used 79318K, capacity 85420K, committed 85504K, reserved 1122304K
  class space    used 9823K, capacity 11775K, committed 11776K, reserved 1048576K
}
Event: 227.362 GC heap before
{Heap before GC invocations=24 (full 6):
 PSYoungGen      total 126976K, used 160K [0x00000000f5580000, 0x00000000fef00000, 0x0000000100000000)
  eden space 98304K, 0% used [0x00000000f5580000,0x00000000f5580000,0x00000000fb580000)
  from space 28672K, 0% used [0x00000000fd200000,0x00000000fd228000,0x00000000fee00000)
  to   space 29184K, 0% used [0x00000000fb580000,0x00000000fb580000,0x00000000fd200000)
 ParOldGen       total 75264K, used 59415K [0x00000000e0000000, 0x00000000e4980000, 0x00000000f5580000)
  object space 75264K, 78% used [0x00000000e0000000,0x00000000e3a05d00,0x00000000e4980000)
 Metaspace       used 79318K, capacity 85420K, committed 85504K, reserved 1122304K
  class space    used 9823K, capacity 11775K, committed 11776K, reserved 1048576K
Event: 227.728 GC heap after
Heap after GC invocations=24 (full 6):
 PSYoungGen      total 126976K, used 0K [0x00000000f5580000, 0x00000000fef00000, 0x0000000100000000)
  eden space 98304K, 0% used [0x00000000f5580000,0x00000000f5580000,0x00000000fb580000)
  from space 28672K, 0% used [0x00000000fd200000,0x00000000fd200000,0x00000000fee00000)
  to   space 29184K, 0% used [0x00000000fb580000,0x00000000fb580000,0x00000000fd200000)
 ParOldGen       total 75264K, used 55495K [0x00000000e0000000, 0x00000000e4980000, 0x00000000f5580000)
  object space 75264K, 73% used [0x00000000e0000000,0x00000000e3631cd8,0x00000000e4980000)
 Metaspace       used 79318K, capacity 85420K, committed 85504K, reserved 1122304K
  class space    used 9823K, capacity 11775K, committed 11776K, reserved 1048576K
}

Deoptimization events (10 events):
Event: 266.243 Thread 0x000000001f6b5800 Uncommon trap: reason=unstable_if action=reinterpret pc=0x00000000034c0544 method=org.eclipse.swt.widgets.Display.getSystemFont()Lorg/eclipse/swt/graphics/Font; @ 8
Event: 266.284 Thread 0x000000000278e000 Uncommon trap: reason=unstable_if action=reinterpret pc=0x00000000046a2814 method=org.eclipse.equinox.internal.event.EventHandlerTracker.getHandlers(Ljava/lang/String;)Ljava/util/Set; @ 28
Event: 266.285 Thread 0x000000000278e000 Uncommon trap: reason=class_check action=maybe_recompile pc=0x0000000004693784 method=org.eclipse.e4.core.internal.contexts.TrackableComputationExt.update(Lorg/eclipse/e4/core/internal/contexts/ContextChangeEvent;)Z @ 62
Event: 266.285 Thread 0x000000000278e000 Uncommon trap: reason=class_check action=maybe_recompile pc=0x0000000004693784 method=org.eclipse.e4.core.internal.contexts.TrackableComputationExt.update(Lorg/eclipse/e4/core/internal/contexts/ContextChangeEvent;)Z @ 62
Event: 266.285 Thread 0x000000000278e000 Uncommon trap: reason=class_check action=maybe_recompile pc=0x0000000004693784 method=org.eclipse.e4.core.internal.contexts.TrackableComputationExt.update(Lorg/eclipse/e4/core/internal/contexts/ContextChangeEvent;)Z @ 62
Event: 266.371 Thread 0x0000000019806000 Uncommon trap: reason=unstable_if action=reinterpret pc=0x0000000002a03364 method=sun.nio.cs.SingleByte$Encoder.encode(C)I @ 13
Event: 266.384 Thread 0x000000000278e000 Uncommon trap: reason=unstable_if action=reinterpret pc=0x00000000032fdb48 method=org.eclipse.swt.graphics.Resource.dispose()V @ 15
Event: 266.973 Thread 0x000000000278e000 Uncommon trap: reason=null_check action=make_not_entrant pc=0x000000000323e050 method=org.eclipse.core.runtime.internal.adaptor.EclipseLazyStarter.shouldActivateFor(Ljava/lang/String;Lorg/eclipse/osgi/baseadaptor/BaseData;Lorg/eclipse/core/runtime/internal)’aí¶¯p@
Event: 266.982 Thread 0x0000000015fcc800 Uncommon trap: reason=unstable_if action=reinterpret pc=0x000000000304b4c0 method=org.eclipse.osgi.framework.internal.core.BundleContextImpl.dispatchEvent(Ljava/lang/Object;Ljava/lang/Object;ILjava/lang/Object;)V @ 16
Event: 267.536 Thread 0x000000000278e000 Uncommon trap: reason=unstable_if action=reinterpret pc=0x000000000319ff18 method=sun.reflect.UnsafeStaticObjectFieldAccessorImpl.set(Ljava/lang/Object;Ljava/lang/Object;)V @ 13

Internal exceptions (10 events):
Event: 265.213 Thread 0x000000000278e000 Implicit null exception at 0x0000000003ca12cc to 0x0000000003ca1329
Event: 265.671 Thread 0x000000000278e000 Implicit null exception at 0x0000000003cb6385 to 0x0000000003cb6655
Event: 265.756 Thread 0x000000000278e000 Implicit null exception at 0x0000000003228730 to 0x0000000003228789
Event: 266.368 Thread 0x0000000019807000 Exception <a 'java/lang/InterruptedException'> (0x00000000f7217450) thrown at [C:\re\workspace\8-2-build-windows-amd64-cygwin\jdk8u45\3627\hotspot\src\share\vm\runtime\objectMonitor.cpp, line 1683]
Event: 266.973 Thread 0x000000000278e000 Implicit null exception at 0x000000000323cc57 to 0x000000000323e02d
Event: 267.044 Thread 0x0000000015fd5000 Exception <a 'java/lang/InterruptedException': sleep interrupted> (0x00000000f75b58c0) thrown at [C:\re\workspace\8-2-build-windows-amd64-cygwin\jdk8u45\3627\hotspot\src\share\vm\prims\jvm.cpp, line 3211]
Event: 267.047 Thread 0x000000001f0e8000 Exception <a 'java/lang/InterruptedException'> (0x00000000f76ab498) thrown at [C:\re\workspace\8-2-build-windows-amd64-cygwin\jdk8u45\3627\hotspot\src\share\vm\runtime\objectMonitor.cpp, line 1683]
Event: 267.048 Thread 0x0000000015cab000 Exception <a 'java/lang/InterruptedException'> (0x00000000f76d33a8) thrown at [C:\re\workspace\8-2-build-windows-amd64-cygwin\jdk8u45\3627\hotspot\src\share\vm\runtime\objectMonitor.cpp, line 1683]
Event: 267.535 Thread 0x0000000015fcc800 Exception <a 'java/lang/InterruptedException'> (0x00000000f7509390) thrown at [C:\re\workspace\8-2-build-windows-amd64-cygwin\jdk8u45\3627\hotspot\src\share\vm\runtime\objectMonitor.cpp, line 1683]
Event: 267.536 Thread 0x000000000278e000 Implicit null exception at 0x000000000319fb13 to 0x000000000319ff05

Events (10 events):
Event: 267.536 loading class java/util/IdentityHashMap$IdentityHashMapIterator
Event: 267.536 loading class java/util/IdentityHashMap$IdentityHashMapIterator done
Event: 267.536 loading class java/util/IdentityHashMap$KeyIterator done
Event: 267.536 Thread 0x0000000018073800 Thread added: 0x0000000018073800
Event: 267.536 Executing VM operation: RevokeBias
Event: 267.537 Executing VM operation: RevokeBias done
Event: 267.537 Executing VM operation: RevokeBias
Event: 267.537 Executing VM operation: RevokeBias done
Event: 267.537 Thread 0x0000000018073800 Thread exited: 0x0000000018073800
Event: 267.538 Executing VM operation: Exit


Dynamic libraries:
0x0000000000400000 - 0x000000000044f000 	C:\Xilinx\SDK\2015.4\eclipse\win64.o\eclipse.exe
0x00007ff84f500000 - 0x00007ff84f6d1000 	C:\WINDOWS\SYSTEM32\ntdll.dll
0x00007ff84dde0000 - 0x00007ff84de8b000 	C:\WINDOWS\System32\KERNEL32.DLL
0x00007ff84c350000 - 0x00007ff84c56d000 	C:\WINDOWS\System32\KERNELBASE.dll
0x00007ff84d270000 - 0x00007ff84d3d5000 	C:\WINDOWS\System32\USER32.dll
0x00007ff84c830000 - 0x00007ff84c84e000 	C:\WINDOWS\System32\win32u.dll
0x00007ff84f4c0000 - 0x00007ff84f4f4000 	C:\WINDOWS\System32\GDI32.dll
0x00007ff84c900000 - 0x00007ff84ca82000 	C:\WINDOWS\System32\gdi32full.dll
0x00007ff84da60000 - 0x00007ff84dafe000 	C:\WINDOWS\System32\msvcrt.dll
0x00007ff839280000 - 0x00007ff8394f9000 	C:\WINDOWS\WinSxS\amd64_microsoft.windows.common-controls_6595b64144ccf1df_6.0.14393.447_none_42191651c6827bb3\COMCTL32.dll
0x00007ff84cef0000 - 0x00007ff84d1b8000 	C:\WINDOWS\System32\combase.dll
0x00007ff84bb70000 - 0x00007ff84bc65000 	C:\WINDOWS\System32\ucrtbase.dll
0x00007ff84db00000 - 0x00007ff84dc21000 	C:\WINDOWS\System32\RPCRT4.dll
0x00007ff84bb00000 - 0x00007ff84bb6a000 	C:\WINDOWS\System32\bcryptPrimitives.dll
0x00007ff84dcf0000 - 0x00007ff84dd1e000 	C:\WINDOWS\System32\IMM32.DLL
0x0000000072000000 - 0x0000000072012000 	C:\Xilinx\SDK\2015.4\eclipse\win64.o\plugins\org.eclipse.equinox.launcher.win32.win32.x86_64_1.1.200.v20140116-2212\eclipse_1503.dll
0x00007ff84d1c0000 - 0x00007ff84d262000 	C:\WINDOWS\System32\ADVAPI32.dll
0x00007ff84d6b0000 - 0x00007ff84d709000 	C:\WINDOWS\System32\sechost.dll
0x00007ff8439d0000 - 0x00007ff8439da000 	C:\WINDOWS\SYSTEM32\VERSION.dll
0x00007ff84a020000 - 0x00007ff84a0b5000 	C:\WINDOWS\system32\uxtheme.dll
0x00007ff84d440000 - 0x00007ff84d59b000 	C:\WINDOWS\System32\MSCTF.dll
0x00007ff84dc30000 - 0x00007ff84dcef000 	C:\WINDOWS\System32\OLEAUT32.dll
0x00007ff84c570000 - 0x00007ff84c60c000 	C:\WINDOWS\System32\msvcp_win.dll
0x00007ff82e2d0000 - 0x00007ff82e368000 	C:\Program Files\Common Files\microsoft shared\ink\tiptsf.dll
0x0000000056ee0000 - 0x0000000057763000 	C:\Xilinx\SDK\2015.4\tps\win64\jre\bin\server\jvm.dll
0x00007ff84cab0000 - 0x00007ff84cab8000 	C:\WINDOWS\System32\PSAPI.DLL
0x00007ff849cc0000 - 0x00007ff849ce3000 	C:\WINDOWS\SYSTEM32\WINMM.dll
0x00007ff82d1b0000 - 0x00007ff82d1b9000 	C:\WINDOWS\SYSTEM32\WSOCK32.dll
0x0000000057d30000 - 0x0000000057e02000 	C:\Xilinx\SDK\2015.4\tps\win64\jre\bin\MSVCR100.dll
0x00007ff84df30000 - 0x00007ff84df9a000 	C:\WINDOWS\System32\WS2_32.dll
0x00007ff849c60000 - 0x00007ff849c8b000 	C:\WINDOWS\SYSTEM32\WINMMBASE.dll
0x00007ff84c610000 - 0x00007ff84c652000 	C:\WINDOWS\System32\cfgmgr32.dll
0x0000000057d20000 - 0x0000000057d2f000 	C:\Xilinx\SDK\2015.4\tps\win64\jre\bin\verify.dll
0x0000000057cf0000 - 0x0000000057d19000 	C:\Xilinx\SDK\2015.4\tps\win64\jre\bin\java.dll
0x0000000057cd0000 - 0x0000000057ce6000 	C:\Xilinx\SDK\2015.4\tps\win64\jre\bin\zip.dll
0x00007ff84dfa0000 - 0x00007ff84f4a9000 	C:\WINDOWS\System32\SHELL32.dll
0x00007ff84bc70000 - 0x00007ff84c34a000 	C:\WINDOWS\System32\windows.storage.dll
0x00007ff84b990000 - 0x00007ff84b9dc000 	C:\WINDOWS\System32\powrprof.dll
0x00007ff84dd80000 - 0x00007ff84ddd2000 	C:\WINDOWS\System32\shlwapi.dll
0x00007ff84b960000 - 0x00007ff84b96f000 	C:\WINDOWS\System32\kernel.appcore.dll
0x00007ff84c850000 - 0x00007ff84c8f9000 	C:\WINDOWS\System32\shcore.dll
0x00007ff84b970000 - 0x00007ff84b984000 	C:\WINDOWS\System32\profapi.dll
0x00007ff84b430000 - 0x00007ff84b447000 	C:\WINDOWS\SYSTEM32\CRYPTSP.dll
0x00007ff84aea0000 - 0x00007ff84aed3000 	C:\WINDOWS\system32\rsaenh.dll
0x00007ff84b540000 - 0x00007ff84b56b000 	C:\WINDOWS\SYSTEM32\bcrypt.dll
0x00007ff84b110000 - 0x00007ff84b12f000 	C:\WINDOWS\SYSTEM32\USERENV.dll
0x00007ff84b450000 - 0x00007ff84b45b000 	C:\WINDOWS\SYSTEM32\CRYPTBASE.dll
0x0000000057cb0000 - 0x0000000057cca000 	C:\Xilinx\SDK\2015.4\tps\win64\jre\bin\net.dll
0x00007ff84b290000 - 0x00007ff84b2ec000 	C:\WINDOWS\system32\mswsock.dll
0x00007ff84b020000 - 0x00007ff84b058000 	C:\WINDOWS\SYSTEM32\IPHLPAPI.DLL
0x00007ff84f4b0000 - 0x00007ff84f4b8000 	C:\WINDOWS\System32\NSI.dll
0x00007ff83c200000 - 0x00007ff83c216000 	C:\WINDOWS\SYSTEM32\dhcpcsvc6.DLL
0x00007ff83c1e0000 - 0x00007ff83c1fa000 	C:\WINDOWS\SYSTEM32\dhcpcsvc.DLL
0x0000000057c90000 - 0x0000000057ca1000 	C:\Xilinx\SDK\2015.4\tps\win64\jre\bin\nio.dll
0x00007ff84de90000 - 0x00007ff84df2f000 	C:\WINDOWS\System32\clbcatq.dll
0x00007ff82e410000 - 0x00007ff82e5ba000 	C:\Windows\System32\uiautomationcore.dll
0x00007ff84b830000 - 0x00007ff84b8c8000 	C:\WINDOWS\SYSTEM32\sxs.dll
0x00007ff82dcd0000 - 0x00007ff82dd35000 	C:\Windows\System32\OLEACC.dll
0x00007ff834e60000 - 0x00007ff834e76000 	C:\WINDOWS\system32\napinsp.dll
0x00007ff834ec0000 - 0x00007ff834eda000 	C:\WINDOWS\system32\pnrpnsp.dll
0x00007ff848dd0000 - 0x00007ff848de8000 	C:\WINDOWS\system32\NLAapi.dll
0x00007ff84b060000 - 0x00007ff84b100000 	C:\WINDOWS\SYSTEM32\DNSAPI.dll
0x00007ff834ee0000 - 0x00007ff834eee000 	C:\WINDOWS\System32\winrnr.dll
0x00007ff844110000 - 0x00007ff844125000 	C:\WINDOWS\System32\wshbth.dll
0x00007ff83a640000 - 0x00007ff83a64a000 	C:\Windows\System32\rasadhlp.dll
0x00007ff83b950000 - 0x00007ff83b9ba000 	C:\WINDOWS\System32\fwpuclnt.dll
0x00007ff84d920000 - 0x00007ff84da57000 	C:\WINDOWS\System32\ole32.dll
0x0000000018430000 - 0x00000000184d8000 	C:\Users\chan_\.Xilinx\SDK\2015.4\org.eclipse.osgi\bundles\303\1\.cp\swt-win32-4335.dll
0x00007ff84d5b0000 - 0x00007ff84d6aa000 	C:\WINDOWS\System32\comdlg32.dll
0x00007ff84c660000 - 0x00007ff84c829000 	C:\WINDOWS\System32\CRYPT32.dll
0x00007ff84b9e0000 - 0x00007ff84b9f0000 	C:\WINDOWS\System32\MSASN1.dll
0x00007ff82f0c0000 - 0x00007ff82f145000 	C:\WINDOWS\SYSTEM32\WINSPOOL.DRV
0x00007ff83a6f0000 - 0x00007ff83a983000 	C:\WINDOWS\SYSTEM32\WININET.dll
0x00007ff844550000 - 0x00007ff844569000 	C:\WINDOWS\SYSTEM32\USP10.dll
0x00007ff849800000 - 0x00007ff849826000 	C:\WINDOWS\system32\dwmapi.dll
0x00007ff849830000 - 0x00007ff8499b5000 	C:\WINDOWS\SYSTEM32\propsys.dll
0x0000000018500000 - 0x000000001851e000 	C:\Users\chan_\.Xilinx\SDK\2015.4\org.eclipse.osgi\bundles\303\1\.cp\swt-gdip-win32-4335.dll
0x00007ff837020000 - 0x00007ff8371ba000 	C:\WINDOWS\WinSxS\amd64_microsoft.windows.gdiplus_6595b64144ccf1df_1.1.14393.321_none_72fe05dd211a5fae\gdiplus.dll
0x00007ff849050000 - 0x00007ff8491f8000 	C:\WINDOWS\SYSTEM32\WindowsCodecs.dll
0x0000000180000000 - 0x0000000180012000 	C:\Users\chan_\.Xilinx\SDK\2015.4\org.eclipse.osgi\bundles\121\1\.cp\os\win32\x86_64\localfile_1_0_0.dll
0x00007ff8444d0000 - 0x00007ff8444e1000 	C:\Users\chan_\.Xilinx\SDK\2015.4\org.eclipse.osgi\bundles\124\1\.cp\jWinHttp-1.0.0.dll
0x00007ff83ad60000 - 0x00007ff83ae2d000 	C:\WINDOWS\SYSTEM32\WINHTTP.dll
0x00007ff84a340000 - 0x00007ff84a45c000 	C:\WINDOWS\system32\twinapi.appcore.dll
0x00007ff848320000 - 0x00007ff84832f000 	C:\Xilinx\SDK\2015.4\lib\win64.o\librdi_repo_manager.dll
0x00007ffff93c0000 - 0x00007ffff9d4d000 	C:\Xilinx\SDK\2015.4\lib\win64.o\librdi_common.dll
0x00007ff842dd0000 - 0x00007ff842dfa000 	C:\Xilinx\SDK\2015.4\lib\win64.o\libisl_sysinfo.dll
0x00007ff81c930000 - 0x00007ff81cb1c000 	C:\Xilinx\SDK\2015.4\lib\win64.o\librdi_hsm.dll
0x00007ff81f150000 - 0x00007ff81f1f7000 	C:\WINDOWS\SYSTEM32\MSVCP110.dll
0x00007ff8429c0000 - 0x00007ff842a14000 	C:\Xilinx\SDK\2015.4\lib\win64.o\librdi_commonxillic.dll
0x00007ff81f070000 - 0x00007ff81f144000 	C:\WINDOWS\SYSTEM32\MSVCR110.dll
0x00007ffff9050000 - 0x00007ffff93be000 	C:\Xilinx\SDK\2015.4\lib\win64.o\libCOIN-all.dll
0x00007ff81ebb0000 - 0x00007ff81edce000 	C:\Xilinx\SDK\2015.4\lib\win64.o\libXil_lmgr11.dll
0x00007ff8444c0000 - 0x00007ff8444d0000 	C:\Xilinx\SDK\2015.4\lib\win64.o\libboost_date_time.dll
0x00007ff84b9f0000 - 0x00007ff84ba45000 	C:\WINDOWS\System32\WINTRUST.dll
0x00007ff842c10000 - 0x00007ff842c32000 	C:\Xilinx\SDK\2015.4\lib\win64.o\libboost_filesystem.dll
0x00007ff841860000 - 0x00007ff8418d4000 	C:\Xilinx\SDK\2015.4\lib\win64.o\libboost_program_options.dll
0x00007ff841500000 - 0x00007ff8415fa000 	C:\Xilinx\SDK\2015.4\lib\win64.o\libboost_regex.dll
0x00007ff843230000 - 0x00007ff843243000 	C:\Xilinx\SDK\2015.4\lib\win64.o\libboost_signals.dll
0x00007ff8444b0000 - 0x00007ff8444b9000 	C:\Xilinx\SDK\2015.4\lib\win64.o\libboost_system.dll
0x00007ff8429a0000 - 0x00007ff8429bd000 	C:\Xilinx\SDK\2015.4\lib\win64.o\libboost_thread.dll
0x00007ff843910000 - 0x00007ff84391b000 	C:\Xilinx\SDK\2015.4\lib\win64.o\libboost_xilinx.dll
0x00007ff8408c0000 - 0x00007ff84095a000 	C:\Xilinx\SDK\2015.4\lib\win64.o\libhdxml.dll
0x00007ff83fdd0000 - 0x00007ff83fe50000 	C:\Xilinx\SDK\2015.4\lib\win64.o\libhdlpsolve.dll
0x00007ffff41b0000 - 0x00007ffff45e4e00 	C:\Xilinx\SDK\2015.4\lib\win64.o\libisl_iostreams.dll
0x00007ff830370000 - 0x00007ff8304a0000 	C:\Xilinx\SDK\2015.4\lib\win64.o\librdi_curl.dll
0x00007ff842520000 - 0x00007ff842535000 	C:\Xilinx\SDK\2015.4\lib\win64.o\pthreadVC2.dll
0x00007ff8424a0000 - 0x00007ff8424b8000 	C:\Xilinx\SDK\2015.4\lib\win64.o\librdiconfig.dll
0x00007ff8422e0000 - 0x00007ff842303000 	C:\Xilinx\SDK\2015.4\lib\win64.o\librdizlib.dll
0x0000000057e10000 - 0x0000000057f37000 	C:\Xilinx\SDK\2015.4\lib\win64.o\tcl85t.dll
0x00007ff83a990000 - 0x00007ff83ab52000 	C:\WINDOWS\SYSTEM32\urlmon.dll
0x0000000022480000 - 0x00000000226e3000 	C:\Xilinx\SDK\2015.4\lib\win64.o\xerces-c_3_1.dll
0x00007ff81d0a0000 - 0x00007ff81d0c3000 	C:\WINDOWS\SYSTEM32\VCOMP110.DLL
0x00007ff837000000 - 0x00007ff837018000 	C:\WINDOWS\SYSTEM32\NETAPI32.dll
0x00007ff842dc0000 - 0x00007ff842dcb000 	C:\Xilinx\SDK\2015.4\lib\win64.o\libboost_chrono.dll
0x00007ff841840000 - 0x00007ff841856000 	C:\Xilinx\SDK\2015.4\lib\win64.o\libboost_iostreams.dll
0x00007ff8414d0000 - 0x00007ff8414f3000 	C:\Xilinx\SDK\2015.4\lib\win64.o\libisl_iosutils.dll
0x00007ff83db90000 - 0x00007ff83de33000 	C:\WINDOWS\SYSTEM32\iertutil.dll
0x00007ff800060000 - 0x00007ff8002b5000 	C:\Xilinx\SDK\2015.4\lib\win64.o\librdi_ippcw.dll
0x00007ff840ba0000 - 0x00007ff840be3000 	C:\Xilinx\SDK\2015.4\lib\win64.o\librdi_hdf.dll
0x00007ff82e5c0000 - 0x00007ff82e63d000 	C:\WINDOWS\SYSTEM32\twinapi.dll
0x00007ff842490000 - 0x00007ff842497000 	C:\WINDOWS\SYSTEM32\msimg32.dll
0x00007ffff0f80000 - 0x00007ffff1790000 	C:\Xilinx\SDK\2015.4\lib\win64.o\libXil_lmgr11FNP.dll
0x00007ff84cac0000 - 0x00007ff84cee9000 	C:\WINDOWS\System32\SETUPAPI.dll
0x00007ff82f020000 - 0x00007ff82f02c000 	C:\WINDOWS\SYSTEM32\snmpapi.dll
0x00007ff84b660000 - 0x00007ff84b68c000 	C:\WINDOWS\SYSTEM32\SspiCli.dll
0x00007ff84a610000 - 0x00007ff84a638000 	C:\WINDOWS\SYSTEM32\DEVOBJ.dll
0x00007ff82ad30000 - 0x00007ff82ad72000 	C:\WINDOWS\SYSTEM32\edputil.dll
0x00007ff84ad70000 - 0x00007ff84ada2000 	C:\WINDOWS\SYSTEM32\ntmarta.dll

VM Arguments:
jvm_args: -Dcom.xilinx.sdk.args.hwspec=C:/g/hdmi_out/proj/hdmi_out.sdk/hdmi_out_wrapper.hdf -Xms64m -Xmx512m & 
java_command: <unknown>
java_class_path (initial): C:\Xilinx\SDK\2015.4\eclipse\win64.o\\plugins/org.eclipse.equinox.launcher_1.3.0.v20130327-1440.jar
Launcher Type: generic

Environment Variables:
PATH=C:/Xilinx/SDK/2015.4/tps/win64/jre/bin/server;C:/Xilinx/SDK/2015.4/tps/win64/jre/bin;C:/Xilinx/SDK/2015.4/tps/win64/jre/lib/amd64;C:\Xilinx\SDK\2015.4\gnuwin\bin;C:\Xilinx\SDK\2015.4\gnu\microblaze\nt\bin;C:\Xilinx\SDK\2015.4\gnu\microblaze\linux_toolchain\nt64_le\bin;C:\Xilinx\SDK\2015.4\gnu\microblaze\linux_toolchain\nt64_be\bin;C:\Xilinx\SDK\2015.4\gnu\arm\nt\bin;C:\Xilinx\SDK\2015.4\gnu\aarch64\nt\aarch64-none\bin;C:\Xilinx\SDK\2015.4\gnu\aarch64\nt\aarch64-linux\bin;C:\Xilinx\SDK\2015.4\gnu\armr5\nt\gcc-arm-none-eabi\bin;C:\Xilinx\SDK\2015.4\gnu\aarch32\nt\gcc-arm-none-eabi\bin;C:\Xilinx\SDK\2015.4\gnu\aarch32\nt\gcc-arm-linux-gnueabi\bin;C:\Xilinx\SDK\2015.4\bin;C:\Xilinx\SDK\2015.4\lib\win64.o;C:\Xilinx\SDK\2015.4\tps\win64\jre\bin\server;C:\Xilinx\SDK\2015.4\tps\win64\jre\bin;C:\Xilinx\Vivado\2015.4\ids_lite\ISE\bin\nt64;C:\Xilinx\Vivado\2015.4\ids_lite\ISE\lib\nt64;C:\Xilinx\Vivado\2015.4\bin;C:\Xilinx\Vivado\2015.4\lib\win64.o;C:\Xilinx\Vivado\2015.4\tps\win64\jre\bin\server;C:\Xilinx\Vivado\2015.4\tps\win64\jre\bin;C:\Xilinx\Vivado_HLS\2015.4\bin;C:\WINDOWS\system32;C:\WINDOWS;C:\WINDOWS\System32\Wbem;C:\WINDOWS\System32\WindowsPowerShell\v1.0\;C:\Program Files\MATLAB\R2016b\runtime\win64;C:\Program Files\MATLAB\R2016b\bin;C:\Program Files\MiKTeX 2.9\miktex\bin\x64\;C:\Users\chan_\AppData\Local\Microsoft\WindowsApps;C:\GHDL\ghdl\bin;C:\GHDL\gtkwave\bin;c:\g\hdmi_out\proj;
USERNAME=chan_
OS=Windows_NT
PROCESSOR_IDENTIFIER=Intel64 Family 6 Model 78 Stepping 3, GenuineIntel



---------------  S Y S T E M  ---------------

OS: Windows 10.0 , 64 bit Build 14393 (10.0.14393.0)

CPU:total 4 (2 cores per cpu, 2 threads per core) family 6 model 78 stepping 3, cmov, cx8, fxsr, mmx, sse, sse2, sse3, ssse3, sse4.1, sse4.2, popcnt, avx, avx2, aes, clmul, erms, rtm, 3dnowpref, lzcnt, ht, tsc, tscinvbit, bmi1, bmi2, adx

Memory: 4k page, physical 4118636k(915872k free), swap 10120608k(1300572k free)

vm_info: Java HotSpot(TM) 64-Bit Server VM (25.45-b02) for windows-amd64 JRE (1.8.0_45-b15), built on Apr 30 2015 12:40:44 by "java_re" with MS VC++ 10.0 (VS2010)

time: Fri Mar 03 00:30:42 2017
elapsed time: 268 seconds (0d 0h 4m 28s)

