#
# A fatal error has been detected by the Java Runtime Environment:
#
#  Internal Error (0xc000000d), pid=8372, tid=10220
#
# JRE version: Java(TM) SE Runtime Environment (8.0_45-b15) (build 1.8.0_45-b15)
# Java VM: Java HotSpot(TM) 64-Bit Server VM (25.45-b02 mixed mode windows-amd64 compressed oops)
# Problematic frame:
# C  [ntdll.dll+0xff44c]
#
# Failed to write core dump. Minidumps are not enabled by default on client versions of Windows
#
# If you would like to submit a bug report, please visit:
#   http://bugreport.java.com/bugreport/crash.jsp
#

---------------  T H R E A D  ---------------

Current thread (0x0000000013b27000):  VMThread [stack: 0x0000000014bd0000,0x0000000014cd0000] [id=10220]

siginfo: ExceptionCode=0xc000000d

Registers:
RAX=0x0000008e0000008c, RBX=0xfffffffffffffffe, RCX=0x0000000013ba57c0, RDX=0x00000011000000cc
RSP=0x0000000014ccf470, RBP=0x00007ff81f077408, RSI=0x0000000000000000, RDI=0x0000000000000140
R8 =0x0000000024bfafd0, R9 =0x000000000014f7b0, R10=0x00007ff84f507c1f, R11=0x000000000000803b
R12=0x00000000007288d0, R13=0x000000001b666690, R14=0x00000000007289d8, R15=0x0000000014ccf5e8
RIP=0x00007ff84f5ff44c, EFLAGS=0x0000000000000206

Top of Stack: (sp=0x0000000014ccf470)
0x0000000014ccf470:   0000000000000057 fffffffffffffffe
0x0000000014ccf480:   0000000000000000 0000000000000140
0x0000000014ccf490:   00000000c000000d 0000000000000000
0x0000000014ccf4a0:   00007ff84f5ff44c 0000000000000000
0x0000000014ccf4b0:   0000000000000000 0000000000000000
0x0000000014ccf4c0:   0000000000000000 0000000000000000
0x0000000014ccf4d0:   0000000000000000 0000000000000000
0x0000000014ccf4e0:   0000000000000000 0000000000000000
0x0000000014ccf4f0:   0000000000000000 0000000000000000
0x0000000014ccf500:   0000000000000000 0000000000000000
0x0000000014ccf510:   0000000000000000 0000000000000000
0x0000000014ccf520:   0000000000000000 0000000000000000
0x0000000014ccf530:   0000cad5f294e844 0000000000000000
0x0000000014ccf540:   0000000000000000 00007ff84f5c150d
0x0000000014ccf550:   0000000000000000 0000000000000000
0x0000000014ccf560:   0000000000000001 0000000000000000 

Instructions: (pc=0x00007ff84f5ff44c)
0x00007ff84f5ff42c:   d5 fa ff c7 44 24 20 0d 00 00 c0 b9 57 00 00 00
0x00007ff84f5ff43c:   e8 7f 13 f6 ff 90 48 8d 4c 24 20 e8 04 bf f4 ff
0x00007ff84f5ff44c:   eb 00 48 8b 8c 24 c0 00 00 00 48 33 cc e8 82 74
0x00007ff84f5ff45c:   f9 ff 48 81 c4 d8 00 00 00 c3 40 55 48 83 ec 20 


Register to memory mapping:

RAX=0x0000008e0000008c is an unknown value
RBX=0xfffffffffffffffe is an unknown value
RCX=0x0000000013ba57c0 is an unknown value
RDX=0x00000011000000cc is an unknown value
RSP=0x0000000014ccf470 is an unknown value
RBP=0x00007ff81f077408 is an unknown value
RSI=0x0000000000000000 is an unknown value
RDI=0x0000000000000140 is an unknown value
R8 =0x0000000024bfafd0 is an unknown value
R9 =0x000000000014f7b0 is pointing into the stack for thread: 0x00000000027ee000
R10=0x00007ff84f507c1f is an unknown value
R11=0x000000000000803b is an unknown value
R12=0x00000000007288d0 is an unknown value
R13=0x000000001b666690 is an unknown value
R14=0x00000000007289d8 is an unknown value
R15=0x0000000014ccf5e8 is an unknown value


Stack: [0x0000000014bd0000,0x0000000014cd0000],  sp=0x0000000014ccf470,  free space=1021k
Native frames: (J=compiled Java code, j=interpreted, Vv=VM code, C=native code)
C  [ntdll.dll+0xff44c]
C  [ntdll.dll+0xc150d]
C  [KERNEL32.DLL+0x1fbba]
C  [MSVCR110.dll+0x752d]
C  [MSVCR110.dll+0x73c6]
C  [MSVCR110.dll+0x14cca]
C  [MSVCR110.dll+0x13edc]
C  [MSVCR110.dll+0x239e]
C  [MSVCR110.dll+0xaf9e]
C  [MSVCP110.dll+0x397b9]
C  [librdi_common.dll+0x14283e]
C  [librdi_common.dll+0x141449]
C  0x00007ff841da2400
C  0x00007ff841da2682
C  [ntdll.dll+0x2a35f]
C  [ntdll.dll+0x806b]
C  [ntdll.dll+0x7d94]
C  [KERNEL32.DLL+0x1ce6a]
C  [MSVCR100.dll+0x20ccd]
V  [jvm.dll+0x20f135]
V  [jvm.dll+0x247ef7]
V  [jvm.dll+0x247196]
V  [jvm.dll+0x247631]
V  [jvm.dll+0x24784e]
V  [jvm.dll+0x29853a]
C  [MSVCR100.dll+0x21d9f]
C  [MSVCR100.dll+0x21e3b]
C  [KERNEL32.DLL+0x8364]
C  [ntdll.dll+0x670d1]

VM_Operation (0x000000000014f500): Exit, mode: safepoint, requested by thread 0x00000000027ee000


---------------  P R O C E S S  ---------------

Java Threads: ( => current thread )
  0x0000000017d4b800 JavaThread "Thread-18" daemon [_thread_blocked, id=864, stack(0x0000000025f50000,0x0000000026050000)]
  0x0000000017d41800 JavaThread "TCF Locator DNS Lookup" daemon [_thread_blocked, id=12868, stack(0x0000000020190000,0x0000000020290000)]
  0x0000000017d3f800 JavaThread "TCF Locator Timer" daemon [_thread_blocked, id=2312, stack(0x0000000020090000,0x0000000020190000)]
  0x0000000017d45800 JavaThread "TCF Locator Receiver" daemon [_thread_in_native, id=9888, stack(0x000000001ff90000,0x0000000020090000)]
  0x000000001a95f800 JavaThread "TCF Timer Dispatcher" daemon [_thread_blocked, id=9892, stack(0x000000001fd90000,0x000000001fe90000)]
  0x0000000018e41000 JavaThread "EMF Reference Cleaner" daemon [_thread_blocked, id=12792, stack(0x000000001b1d0000,0x000000001b2d0000)]
  0x0000000015400800 JavaThread "Service Thread" daemon [_thread_blocked, id=12372, stack(0x00000000157d0000,0x00000000158d0000)]
  0x0000000013b66800 JavaThread "C1 CompilerThread2" daemon [_thread_blocked, id=5548, stack(0x00000000152d0000,0x00000000153d0000)]
  0x0000000013b62800 JavaThread "C2 CompilerThread1" daemon [_thread_blocked, id=8144, stack(0x00000000151d0000,0x00000000152d0000)]
  0x0000000013b60000 JavaThread "C2 CompilerThread0" daemon [_thread_blocked, id=9012, stack(0x00000000150d0000,0x00000000151d0000)]
  0x0000000013b5f000 JavaThread "Attach Listener" daemon [_thread_blocked, id=10460, stack(0x0000000014fd0000,0x00000000150d0000)]
  0x0000000013b5b800 JavaThread "Signal Dispatcher" daemon [_thread_blocked, id=1600, stack(0x0000000014ed0000,0x0000000014fd0000)]
  0x00000000027c7000 JavaThread "Finalizer" daemon [_thread_blocked, id=10616, stack(0x0000000014dd0000,0x0000000014ed0000)]
  0x00000000027be800 JavaThread "Reference Handler" daemon [_thread_blocked, id=3252, stack(0x0000000014cd0000,0x0000000014dd0000)]
  0x00000000027ee000 JavaThread "main" [_thread_blocked, id=10368, stack(0x0000000000050000,0x0000000000150000)]

Other Threads:
=>0x0000000013b27000 VMThread [stack: 0x0000000014bd0000,0x0000000014cd0000] [id=10220]

VM state:at safepoint (shutting down)

VM Mutex/Monitor currently owned by a thread:  ([mutex/lock_event])
[0x00000000027ece30] Threads_lock - owner thread: 0x0000000013b27000

Heap:
 PSYoungGen      total 118784K, used 32232K [0x00000000f5580000, 0x00000000fdd00000, 0x0000000100000000)
  eden space 99840K, 32% used [0x00000000f5580000,0x00000000f74fa2f8,0x00000000fb700000)
  from space 18944K, 0% used [0x00000000fca80000,0x00000000fca80000,0x00000000fdd00000)
  to   space 19456K, 0% used [0x00000000fb700000,0x00000000fb700000,0x00000000fca00000)
 ParOldGen       total 80384K, used 54837K [0x00000000e0000000, 0x00000000e4e80000, 0x00000000f5580000)
  object space 80384K, 68% used [0x00000000e0000000,0x00000000e358d7d0,0x00000000e4e80000)
 Metaspace       used 79767K, capacity 86188K, committed 86400K, reserved 1124352K
  class space    used 9864K, capacity 11897K, committed 11904K, reserved 1048576K

Card table byte_map: [0x0000000011bb0000,0x0000000011cc0000] byte_map_base: 0x00000000114b0000

Marking Bits: (ParMarkBitMap*) 0x00000000576e4040
 Begin Bits: [0x00000000120c0000, 0x00000000128c0000)
 End Bits:   [0x00000000128c0000, 0x00000000130c0000)

Polling page: 0x0000000002190000

CodeCache: size=245760Kb used=29503Kb max_used=29644Kb free=216256Kb
 bounds [0x00000000027f0000, 0x0000000004520000, 0x00000000117f0000]
 total_blobs=9256 nmethods=8400 adapters=764
 compilation: enabled

Compilation events (10 events):
Event: 168.776 Thread 0x0000000013b66800 10184       3       org.eclipse.osgi.framework.internal.core.BundleHost::stopHook (1 bytes)
Event: 168.776 Thread 0x0000000013b66800 nmethod 10184 0x0000000003167750 code [0x00000000031678a0, 0x00000000031679f0]
Event: 168.780 Thread 0x0000000013b66800 10190       3       java.io.File::list (33 bytes)
Event: 168.781 Thread 0x0000000013b66800 nmethod 10190 0x00000000038c5d50 code [0x00000000038c5f20, 0x00000000038c6668]
Event: 168.994 Thread 0x0000000013b66800 10191   !   3       org.eclipse.osgi.internal.baseadaptor.BaseStorage::compact (215 bytes)
Event: 168.996 Thread 0x0000000013b66800 nmethod 10191 0x0000000003881290 code [0x00000000038816e0, 0x0000000003883ba8]
Event: 169.282 Thread 0x0000000013b60000 10192       4       java.io.File::isDirectory (43 bytes)
Event: 169.284 Thread 0x0000000013b66800 10193       3       org.eclipse.osgi.framework.internal.core.AbstractBundle::close (52 bytes)
Event: 169.285 Thread 0x0000000013b66800 nmethod 10193 0x0000000002f54b10 code [0x0000000002f54d40, 0x0000000002f55a48]
Event: 169.286 Thread 0x0000000013b60000 nmethod 10192 0x0000000002fff8d0 code [0x0000000002fffa20, 0x0000000002fffc28]

GC Heap History (10 events):
Event: 77.830 GC heap before
{Heap before GC invocations=17 (full 3):
 PSYoungGen      total 99328K, used 91394K [0x00000000f5580000, 0x00000000fe280000, 0x0000000100000000)
  eden space 78848K, 100% used [0x00000000f5580000,0x00000000fa280000,0x00000000fa280000)
  from space 20480K, 61% used [0x00000000fa280000,0x00000000faec0bf8,0x00000000fb680000)
  to   space 20480K, 0% used [0x00000000fce80000,0x00000000fce80000,0x00000000fe280000)
 ParOldGen       total 80384K, used 36700K [0x00000000e0000000, 0x00000000e4e80000, 0x00000000f5580000)
  object space 80384K, 45% used [0x00000000e0000000,0x00000000e23d7228,0x00000000e4e80000)
 Metaspace       used 73421K, capacity 79106K, committed 79360K, reserved 1118208K
  class space    used 9098K, capacity 10923K, committed 11008K, reserved 1048576K
Event: 77.848 GC heap after
Heap after GC invocations=17 (full 3):
 PSYoungGen      total 116736K, used 6408K [0x00000000f5580000, 0x00000000fdf00000, 0x0000000100000000)
  eden space 99840K, 0% used [0x00000000f5580000,0x00000000f5580000,0x00000000fb700000)
  from space 16896K, 37% used [0x00000000fce80000,0x00000000fd4c22e0,0x00000000fdf00000)
  to   space 20480K, 0% used [0x00000000fb700000,0x00000000fb700000,0x00000000fcb00000)
 ParOldGen       total 80384K, used 44582K [0x00000000e0000000, 0x00000000e4e80000, 0x00000000f5580000)
  object space 80384K, 55% used [0x00000000e0000000,0x00000000e2b898c8,0x00000000e4e80000)
 Metaspace       used 73421K, capacity 79106K, committed 79360K, reserved 1118208K
  class space    used 9098K, capacity 10923K, committed 11008K, reserved 1048576K
}
Event: 86.467 GC heap before
{Heap before GC invocations=18 (full 3):
 PSYoungGen      total 116736K, used 57369K [0x00000000f5580000, 0x00000000fdf00000, 0x0000000100000000)
  eden space 99840K, 51% used [0x00000000f5580000,0x00000000f8744358,0x00000000fb700000)
  from space 16896K, 37% used [0x00000000fce80000,0x00000000fd4c22e0,0x00000000fdf00000)
  to   space 20480K, 0% used [0x00000000fb700000,0x00000000fb700000,0x00000000fcb00000)
 ParOldGen       total 80384K, used 44582K [0x00000000e0000000, 0x00000000e4e80000, 0x00000000f5580000)
  object space 80384K, 55% used [0x00000000e0000000,0x00000000e2b898c8,0x00000000e4e80000)
 Metaspace       used 74188K, capacity 79874K, committed 80128K, reserved 1118208K
  class space    used 9149K, capacity 10987K, committed 11008K, reserved 1048576K
Event: 86.473 GC heap after
Heap after GC invocations=18 (full 3):
 PSYoungGen      total 104960K, used 5060K [0x00000000f5580000, 0x00000000fde00000, 0x0000000100000000)
  eden space 99840K, 0% used [0x00000000f5580000,0x00000000f5580000,0x00000000fb700000)
  from space 5120K, 98% used [0x00000000fb700000,0x00000000fbbf10f0,0x00000000fbc00000)
  to   space 19968K, 0% used [0x00000000fca80000,0x00000000fca80000,0x00000000fde00000)
 ParOldGen       total 80384K, used 44590K [0x00000000e0000000, 0x00000000e4e80000, 0x00000000f5580000)
  object space 80384K, 55% used [0x00000000e0000000,0x00000000e2b8b8c8,0x00000000e4e80000)
 Metaspace       used 74188K, capacity 79874K, committed 80128K, reserved 1118208K
  class space    used 9149K, capacity 10987K, committed 11008K, reserved 1048576K
}
Event: 86.473 GC heap before
{Heap before GC invocations=19 (full 4):
 PSYoungGen      total 104960K, used 5060K [0x00000000f5580000, 0x00000000fde00000, 0x0000000100000000)
  eden space 99840K, 0% used [0x00000000f5580000,0x00000000f5580000,0x00000000fb700000)
  from space 5120K, 98% used [0x00000000fb700000,0x00000000fbbf10f0,0x00000000fbc00000)
  to   space 19968K, 0% used [0x00000000fca80000,0x00000000fca80000,0x00000000fde00000)
 ParOldGen       total 80384K, used 44590K [0x00000000e0000000, 0x00000000e4e80000, 0x00000000f5580000)
  object space 80384K, 55% used [0x00000000e0000000,0x00000000e2b8b8c8,0x00000000e4e80000)
 Metaspace       used 74188K, capacity 79874K, committed 80128K, reserved 1118208K
  class space    used 9149K, capacity 10987K, committed 11008K, reserved 1048576K
Event: 86.941 GC heap after
Heap after GC invocations=19 (full 4):
 PSYoungGen      total 104960K, used 0K [0x00000000f5580000, 0x00000000fde00000, 0x0000000100000000)
  eden space 99840K, 0% used [0x00000000f5580000,0x00000000f5580000,0x00000000fb700000)
  from space 5120K, 0% used [0x00000000fb700000,0x00000000fb700000,0x00000000fbc00000)
  to   space 19968K, 0% used [0x00000000fca80000,0x00000000fca80000,0x00000000fde00000)
 ParOldGen       total 80384K, used 48401K [0x00000000e0000000, 0x00000000e4e80000, 0x00000000f5580000)
  object space 80384K, 60% used [0x00000000e0000000,0x00000000e2f44670,0x00000000e4e80000)
 Metaspace       used 74188K, capacity 79874K, committed 80128K, reserved 1118208K
  class space    used 9149K, capacity 10987K, committed 11008K, reserved 1048576K
}
Event: 146.467 GC heap before
{Heap before GC invocations=20 (full 4):
 PSYoungGen      total 104960K, used 70058K [0x00000000f5580000, 0x00000000fde00000, 0x0000000100000000)
  eden space 99840K, 70% used [0x00000000f5580000,0x00000000f99eabe0,0x00000000fb700000)
  from space 5120K, 0% used [0x00000000fb700000,0x00000000fb700000,0x00000000fbc00000)
  to   space 19968K, 0% used [0x00000000fca80000,0x00000000fca80000,0x00000000fde00000)
 ParOldGen       total 80384K, used 48401K [0x00000000e0000000, 0x00000000e4e80000, 0x00000000f5580000)
  object space 80384K, 60% used [0x00000000e0000000,0x00000000e2f44670,0x00000000e4e80000)
 Metaspace       used 78538K, capacity 84714K, committed 84992K, reserved 1122304K
  class space    used 9732K, capacity 11703K, committed 11776K, reserved 1048576K
Event: 146.475 GC heap after
Heap after GC invocations=20 (full 4):
 PSYoungGen      total 118784K, used 7995K [0x00000000f5580000, 0x00000000fdd00000, 0x0000000100000000)
  eden space 99840K, 0% used [0x00000000f5580000,0x00000000f5580000,0x00000000fb700000)
  from space 18944K, 42% used [0x00000000fca80000,0x00000000fd24efc8,0x00000000fdd00000)
  to   space 19456K, 0% used [0x00000000fb700000,0x00000000fb700000,0x00000000fca00000)
 ParOldGen       total 80384K, used 48409K [0x00000000e0000000, 0x00000000e4e80000, 0x00000000f5580000)
  object space 80384K, 60% used [0x00000000e0000000,0x00000000e2f46670,0x00000000e4e80000)
 Metaspace       used 78538K, capacity 84714K, committed 84992K, reserved 1122304K
  class space    used 9732K, capacity 11703K, committed 11776K, reserved 1048576K
}
Event: 146.475 GC heap before
{Heap before GC invocations=21 (full 5):
 PSYoungGen      total 118784K, used 7995K [0x00000000f5580000, 0x00000000fdd00000, 0x0000000100000000)
  eden space 99840K, 0% used [0x00000000f5580000,0x00000000f5580000,0x00000000fb700000)
  from space 18944K, 42% used [0x00000000fca80000,0x00000000fd24efc8,0x00000000fdd00000)
  to   space 19456K, 0% used [0x00000000fb700000,0x00000000fb700000,0x00000000fca00000)
 ParOldGen       total 80384K, used 48409K [0x00000000e0000000, 0x00000000e4e80000, 0x00000000f5580000)
  object space 80384K, 60% used [0x00000000e0000000,0x00000000e2f46670,0x00000000e4e80000)
 Metaspace       used 78538K, capacity 84714K, committed 84992K, reserved 1122304K
  class space    used 9732K, capacity 11703K, committed 11776K, reserved 1048576K
Event: 146.908 GC heap after
Heap after GC invocations=21 (full 5):
 PSYoungGen      total 118784K, used 0K [0x00000000f5580000, 0x00000000fdd00000, 0x0000000100000000)
  eden space 99840K, 0% used [0x00000000f5580000,0x00000000f5580000,0x00000000fb700000)
  from space 18944K, 0% used [0x00000000fca80000,0x00000000fca80000,0x00000000fdd00000)
  to   space 19456K, 0% used [0x00000000fb700000,0x00000000fb700000,0x00000000fca00000)
 ParOldGen       total 80384K, used 54837K [0x00000000e0000000, 0x00000000e4e80000, 0x00000000f5580000)
  object space 80384K, 68% used [0x00000000e0000000,0x00000000e358d7d0,0x00000000e4e80000)
 Metaspace       used 78538K, capacity 84714K, committed 84992K, reserved 1122304K
  class space    used 9732K, capacity 11703K, committed 11776K, reserved 1048576K
}

Deoptimization events (10 events):
Event: 167.816 Thread 0x00000000027ee000 Uncommon trap: reason=unstable_if action=reinterpret pc=0x0000000002b24c44 method=java.util.ArrayList.toArray([Ljava/lang/Object;)[Ljava/lang/Object; @ 48
Event: 167.878 Thread 0x00000000027ee000 Uncommon trap: reason=unstable_if action=reinterpret pc=0x000000000442a270 method=org.eclipse.e4.ui.model.application.ui.menu.impl.ItemImpl.eIsSet(I)Z @ 164
Event: 167.939 Thread 0x00000000027ee000 Uncommon trap: reason=bimorphic action=maybe_recompile pc=0x0000000003ed4de4 method=org.eclipse.emf.ecore.impl.ETypedElementImpl.getEType()Lorg/eclipse/emf/ecore/EClassifier; @ 18
Event: 167.939 Thread 0x00000000027ee000 Uncommon trap: reason=bimorphic action=maybe_recompile pc=0x0000000003ed4de4 method=org.eclipse.emf.ecore.impl.ETypedElementImpl.getEType()Lorg/eclipse/emf/ecore/EClassifier; @ 18
Event: 168.007 Thread 0x00000000027ee000 Uncommon trap: reason=class_check action=maybe_recompile pc=0x000000000445f570 method=org.eclipse.e4.core.internal.contexts.TrackableComputationExt.update(Lorg/eclipse/e4/core/internal/contexts/ContextChangeEvent;)Z @ 62
Event: 168.007 Thread 0x00000000027ee000 Uncommon trap: reason=class_check action=maybe_recompile pc=0x000000000445f570 method=org.eclipse.e4.core.internal.contexts.TrackableComputationExt.update(Lorg/eclipse/e4/core/internal/contexts/ContextChangeEvent;)Z @ 62
Event: 168.007 Thread 0x00000000027ee000 Uncommon trap: reason=class_check action=maybe_recompile pc=0x000000000445f570 method=org.eclipse.e4.core.internal.contexts.TrackableComputationExt.update(Lorg/eclipse/e4/core/internal/contexts/ContextChangeEvent;)Z @ 62
Event: 168.081 Thread 0x0000000017d47800 Uncommon trap: reason=unstable_if action=reinterpret pc=0x00000000029613a4 method=sun.nio.cs.SingleByte$Encoder.encode(C)I @ 13
Event: 168.710 Thread 0x00000000027ee000 Uncommon trap: reason=unstable_if action=reinterpret pc=0x0000000003234904 method=org.eclipse.core.runtime.internal.adaptor.EclipseLazyStarter.shouldActivateFor(Ljava/lang/String;Lorg/eclipse/osgi/baseadaptor/BaseData;Lorg/eclipse/core/runtime/internal/adaaþÏÚe@
Event: 168.754 Thread 0x0000000015fed800 Uncommon trap: reason=unstable_if action=reinterpret pc=0x00000000032669c4 method=org.eclipse.osgi.framework.internal.core.BundleContextImpl.dispatchEvent(Ljava/lang/Object;Ljava/lang/Object;ILjava/lang/Object;)V @ 16

Internal exceptions (10 events):
Event: 166.949 Thread 0x0000000017d46000 Exception <a 'java/net/SocketException': Connection reset by peer: socket write error> (0x00000000f59e3e30) thrown at [C:\re\workspace\8-2-build-windows-amd64-cygwin\jdk8u45\3627\hotspot\src\share\vm\prims\jni.cpp, line 735]
Event: 166.950 Thread 0x0000000017649800 Exception <a 'java/net/SocketException': Socket closed> (0x00000000f5a07888) thrown at [C:\re\workspace\8-2-build-windows-amd64-cygwin\jdk8u45\3627\hotspot\src\share\vm\prims\jni.cpp, line 735]
Event: 166.950 Thread 0x0000000017d41000 Exception <a 'java/lang/InterruptedException'> (0x00000000f5a64f70) thrown at [C:\re\workspace\8-2-build-windows-amd64-cygwin\jdk8u45\3627\hotspot\src\share\vm\runtime\objectMonitor.cpp, line 1683]
Event: 167.203 Thread 0x00000000027ee000 Implicit null exception at 0x000000000318a68c to 0x000000000318a6e9
Event: 167.461 Thread 0x00000000027ee000 Implicit null exception at 0x0000000003c99345 to 0x0000000003c99615
Event: 168.077 Thread 0x0000000017d49000 Exception <a 'java/lang/InterruptedException'> (0x00000000f6e99100) thrown at [C:\re\workspace\8-2-build-windows-amd64-cygwin\jdk8u45\3627\hotspot\src\share\vm\runtime\objectMonitor.cpp, line 1683]
Event: 168.771 Thread 0x00000000160ee000 Exception <a 'java/lang/InterruptedException': sleep interrupted> (0x00000000f71aecb8) thrown at [C:\re\workspace\8-2-build-windows-amd64-cygwin\jdk8u45\3627\hotspot\src\share\vm\prims\jvm.cpp, line 3211]
Event: 168.773 Thread 0x000000001ad4b800 Exception <a 'java/lang/InterruptedException'> (0x00000000f72a8600) thrown at [C:\re\workspace\8-2-build-windows-amd64-cygwin\jdk8u45\3627\hotspot\src\share\vm\runtime\objectMonitor.cpp, line 1683]
Event: 168.773 Thread 0x0000000016482000 Exception <a 'java/lang/InterruptedException'> (0x00000000f72c2be8) thrown at [C:\re\workspace\8-2-build-windows-amd64-cygwin\jdk8u45\3627\hotspot\src\share\vm\runtime\objectMonitor.cpp, line 1683]
Event: 169.284 Thread 0x0000000015fed800 Exception <a 'java/lang/InterruptedException'> (0x00000000f71acf90) thrown at [C:\re\workspace\8-2-build-windows-amd64-cygwin\jdk8u45\3627\hotspot\src\share\vm\runtime\objectMonitor.cpp, line 1683]

Events (10 events):
Event: 169.285 loading class java/util/IdentityHashMap$IdentityHashMapIterator done
Event: 169.285 loading class java/util/IdentityHashMap$KeyIterator done
Event: 169.285 Thread 0x0000000016358800 Thread exited: 0x0000000016358800
Event: 169.285 Thread 0x0000000017649800 Thread added: 0x0000000017649800
Event: 169.285 Executing VM operation: RevokeBias
Event: 169.285 Executing VM operation: RevokeBias done
Event: 169.285 Executing VM operation: RevokeBias
Event: 169.285 Executing VM operation: RevokeBias done
Event: 169.285 Thread 0x0000000017649800 Thread exited: 0x0000000017649800
Event: 169.286 Executing VM operation: Exit


Dynamic libraries:
0x0000000000400000 - 0x000000000044f000 	C:\Xilinx\SDK\2015.4\eclipse\win64.o\eclipse.exe
0x00007ff84f500000 - 0x00007ff84f6d1000 	C:\WINDOWS\SYSTEM32\ntdll.dll
0x00007ff84dde0000 - 0x00007ff84de8b000 	C:\WINDOWS\System32\KERNEL32.DLL
0x00007ff84c350000 - 0x00007ff84c56d000 	C:\WINDOWS\System32\KERNELBASE.dll
0x00007ff84d270000 - 0x00007ff84d3d5000 	C:\WINDOWS\System32\USER32.dll
0x00007ff84c830000 - 0x00007ff84c84e000 	C:\WINDOWS\System32\win32u.dll
0x00007ff84f4c0000 - 0x00007ff84f4f4000 	C:\WINDOWS\System32\GDI32.dll
0x00007ff84c900000 - 0x00007ff84ca82000 	C:\WINDOWS\System32\gdi32full.dll
0x00007ff84da60000 - 0x00007ff84dafe000 	C:\WINDOWS\System32\msvcrt.dll
0x00007ff839280000 - 0x00007ff8394f9000 	C:\WINDOWS\WinSxS\amd64_microsoft.windows.common-controls_6595b64144ccf1df_6.0.14393.447_none_42191651c6827bb3\COMCTL32.dll
0x00007ff84cef0000 - 0x00007ff84d1b8000 	C:\WINDOWS\System32\combase.dll
0x00007ff84bb70000 - 0x00007ff84bc65000 	C:\WINDOWS\System32\ucrtbase.dll
0x00007ff84db00000 - 0x00007ff84dc21000 	C:\WINDOWS\System32\RPCRT4.dll
0x00007ff84bb00000 - 0x00007ff84bb6a000 	C:\WINDOWS\System32\bcryptPrimitives.dll
0x00007ff84dcf0000 - 0x00007ff84dd1e000 	C:\WINDOWS\System32\IMM32.DLL
0x0000000072000000 - 0x0000000072012000 	C:\Xilinx\SDK\2015.4\eclipse\win64.o\plugins\org.eclipse.equinox.launcher.win32.win32.x86_64_1.1.200.v20140116-2212\eclipse_1503.dll
0x00007ff84d1c0000 - 0x00007ff84d262000 	C:\WINDOWS\System32\ADVAPI32.dll
0x00007ff84d6b0000 - 0x00007ff84d709000 	C:\WINDOWS\System32\sechost.dll
0x00007ff8439d0000 - 0x00007ff8439da000 	C:\WINDOWS\SYSTEM32\VERSION.dll
0x00007ff84a020000 - 0x00007ff84a0b5000 	C:\WINDOWS\system32\uxtheme.dll
0x00007ff84d440000 - 0x00007ff84d59b000 	C:\WINDOWS\System32\MSCTF.dll
0x00007ff84dc30000 - 0x00007ff84dcef000 	C:\WINDOWS\System32\OLEAUT32.dll
0x00007ff84c570000 - 0x00007ff84c60c000 	C:\WINDOWS\System32\msvcp_win.dll
0x00007ff82e2d0000 - 0x00007ff82e368000 	C:\Program Files\Common Files\microsoft shared\ink\tiptsf.dll
0x0000000056ee0000 - 0x0000000057763000 	C:\Xilinx\SDK\2015.4\tps\win64\jre\bin\server\jvm.dll
0x00007ff84cab0000 - 0x00007ff84cab8000 	C:\WINDOWS\System32\PSAPI.DLL
0x00007ff849cc0000 - 0x00007ff849ce3000 	C:\WINDOWS\SYSTEM32\WINMM.dll
0x00007ff82d1b0000 - 0x00007ff82d1b9000 	C:\WINDOWS\SYSTEM32\WSOCK32.dll
0x00007ff84df30000 - 0x00007ff84df9a000 	C:\WINDOWS\System32\WS2_32.dll
0x0000000057d30000 - 0x0000000057e02000 	C:\Xilinx\SDK\2015.4\tps\win64\jre\bin\MSVCR100.dll
0x00007ff849c60000 - 0x00007ff849c8b000 	C:\WINDOWS\SYSTEM32\WINMMBASE.dll
0x00007ff84c610000 - 0x00007ff84c652000 	C:\WINDOWS\System32\cfgmgr32.dll
0x0000000057d20000 - 0x0000000057d2f000 	C:\Xilinx\SDK\2015.4\tps\win64\jre\bin\verify.dll
0x0000000057cf0000 - 0x0000000057d19000 	C:\Xilinx\SDK\2015.4\tps\win64\jre\bin\java.dll
0x0000000057cd0000 - 0x0000000057ce6000 	C:\Xilinx\SDK\2015.4\tps\win64\jre\bin\zip.dll
0x00007ff84dfa0000 - 0x00007ff84f4a9000 	C:\WINDOWS\System32\SHELL32.dll
0x00007ff84bc70000 - 0x00007ff84c34a000 	C:\WINDOWS\System32\windows.storage.dll
0x00007ff84b990000 - 0x00007ff84b9dc000 	C:\WINDOWS\System32\powrprof.dll
0x00007ff84dd80000 - 0x00007ff84ddd2000 	C:\WINDOWS\System32\shlwapi.dll
0x00007ff84b960000 - 0x00007ff84b96f000 	C:\WINDOWS\System32\kernel.appcore.dll
0x00007ff84c850000 - 0x00007ff84c8f9000 	C:\WINDOWS\System32\shcore.dll
0x00007ff84b970000 - 0x00007ff84b984000 	C:\WINDOWS\System32\profapi.dll
0x00007ff84b430000 - 0x00007ff84b447000 	C:\WINDOWS\SYSTEM32\CRYPTSP.dll
0x00007ff84aea0000 - 0x00007ff84aed3000 	C:\WINDOWS\system32\rsaenh.dll
0x00007ff84b540000 - 0x00007ff84b56b000 	C:\WINDOWS\SYSTEM32\bcrypt.dll
0x00007ff84b110000 - 0x00007ff84b12f000 	C:\WINDOWS\SYSTEM32\USERENV.dll
0x00007ff84b450000 - 0x00007ff84b45b000 	C:\WINDOWS\SYSTEM32\CRYPTBASE.dll
0x0000000057cb0000 - 0x0000000057cca000 	C:\Xilinx\SDK\2015.4\tps\win64\jre\bin\net.dll
0x00007ff84b290000 - 0x00007ff84b2ec000 	C:\WINDOWS\system32\mswsock.dll
0x00007ff84b020000 - 0x00007ff84b058000 	C:\WINDOWS\SYSTEM32\IPHLPAPI.DLL
0x00007ff84f4b0000 - 0x00007ff84f4b8000 	C:\WINDOWS\System32\NSI.dll
0x00007ff83c200000 - 0x00007ff83c216000 	C:\WINDOWS\SYSTEM32\dhcpcsvc6.DLL
0x00007ff83c1e0000 - 0x00007ff83c1fa000 	C:\WINDOWS\SYSTEM32\dhcpcsvc.DLL
0x0000000057c90000 - 0x0000000057ca1000 	C:\Xilinx\SDK\2015.4\tps\win64\jre\bin\nio.dll
0x00007ff84de90000 - 0x00007ff84df2f000 	C:\WINDOWS\System32\clbcatq.dll
0x00007ff82e410000 - 0x00007ff82e5ba000 	C:\Windows\System32\uiautomationcore.dll
0x00007ff84b830000 - 0x00007ff84b8c8000 	C:\WINDOWS\SYSTEM32\sxs.dll
0x00007ff82dcd0000 - 0x00007ff82dd35000 	C:\Windows\System32\OLEACC.dll
0x00007ff834e60000 - 0x00007ff834e76000 	C:\WINDOWS\system32\napinsp.dll
0x00007ff834ec0000 - 0x00007ff834eda000 	C:\WINDOWS\system32\pnrpnsp.dll
0x00007ff848dd0000 - 0x00007ff848de8000 	C:\WINDOWS\system32\NLAapi.dll
0x00007ff84b060000 - 0x00007ff84b100000 	C:\WINDOWS\SYSTEM32\DNSAPI.dll
0x00007ff834ee0000 - 0x00007ff834eee000 	C:\WINDOWS\System32\winrnr.dll
0x00007ff844110000 - 0x00007ff844125000 	C:\WINDOWS\System32\wshbth.dll
0x00007ff83a640000 - 0x00007ff83a64a000 	C:\Windows\System32\rasadhlp.dll
0x00007ff83b950000 - 0x00007ff83b9ba000 	C:\WINDOWS\System32\fwpuclnt.dll
0x00007ff84d920000 - 0x00007ff84da57000 	C:\WINDOWS\System32\ole32.dll
0x00000000193d0000 - 0x0000000019478000 	C:\Users\chan_\.Xilinx\SDK\2015.4\org.eclipse.osgi\bundles\303\1\.cp\swt-win32-4335.dll
0x00007ff84d5b0000 - 0x00007ff84d6aa000 	C:\WINDOWS\System32\comdlg32.dll
0x00007ff84c660000 - 0x00007ff84c829000 	C:\WINDOWS\System32\CRYPT32.dll
0x00007ff84b9e0000 - 0x00007ff84b9f0000 	C:\WINDOWS\System32\MSASN1.dll
0x00007ff82f0c0000 - 0x00007ff82f145000 	C:\WINDOWS\SYSTEM32\WINSPOOL.DRV
0x00007ff844550000 - 0x00007ff844569000 	C:\WINDOWS\SYSTEM32\USP10.dll
0x00007ff83a6f0000 - 0x00007ff83a983000 	C:\WINDOWS\SYSTEM32\WININET.dll
0x00007ff849800000 - 0x00007ff849826000 	C:\WINDOWS\system32\dwmapi.dll
0x00007ff849830000 - 0x00007ff8499b5000 	C:\WINDOWS\SYSTEM32\propsys.dll
0x00000000194d0000 - 0x00000000194ee000 	C:\Users\chan_\.Xilinx\SDK\2015.4\org.eclipse.osgi\bundles\303\1\.cp\swt-gdip-win32-4335.dll
0x00007ff837020000 - 0x00007ff8371ba000 	C:\WINDOWS\WinSxS\amd64_microsoft.windows.gdiplus_6595b64144ccf1df_1.1.14393.321_none_72fe05dd211a5fae\gdiplus.dll
0x00007ff849050000 - 0x00007ff8491f8000 	C:\WINDOWS\SYSTEM32\WindowsCodecs.dll
0x0000000180000000 - 0x0000000180012000 	C:\Users\chan_\.Xilinx\SDK\2015.4\org.eclipse.osgi\bundles\121\1\.cp\os\win32\x86_64\localfile_1_0_0.dll
0x00007ff8444e0000 - 0x00007ff8444f1000 	C:\Users\chan_\.Xilinx\SDK\2015.4\org.eclipse.osgi\bundles\124\1\.cp\jWinHttp-1.0.0.dll
0x00007ff83ad60000 - 0x00007ff83ae2d000 	C:\WINDOWS\SYSTEM32\WINHTTP.dll
0x00007ff842c00000 - 0x00007ff842c0f000 	C:\Xilinx\SDK\2015.4\lib\win64.o\librdi_repo_manager.dll
0x00007ff842490000 - 0x00007ff8424ba000 	C:\Xilinx\SDK\2015.4\lib\win64.o\libisl_sysinfo.dll
0x00007ffff93c0000 - 0x00007ffff9d4d000 	C:\Xilinx\SDK\2015.4\lib\win64.o\librdi_common.dll
0x00007ff840b90000 - 0x00007ff840be4000 	C:\Xilinx\SDK\2015.4\lib\win64.o\librdi_commonxillic.dll
0x00007ff827520000 - 0x00007ff82770c000 	C:\Xilinx\SDK\2015.4\lib\win64.o\librdi_hsm.dll
0x00007ff81f150000 - 0x00007ff81f1f7000 	C:\WINDOWS\SYSTEM32\MSVCP110.dll
0x00007ff81f070000 - 0x00007ff81f144000 	C:\WINDOWS\SYSTEM32\MSVCR110.dll
0x00007ffff9050000 - 0x00007ffff93be000 	C:\Xilinx\SDK\2015.4\lib\win64.o\libCOIN-all.dll
0x00007ff841520000 - 0x00007ff84173e000 	C:\Xilinx\SDK\2015.4\lib\win64.o\libXil_lmgr11.dll
0x00007ff84b9f0000 - 0x00007ff84ba45000 	C:\WINDOWS\System32\WINTRUST.dll
0x00007ff848960000 - 0x00007ff848970000 	C:\Xilinx\SDK\2015.4\lib\win64.o\libboost_date_time.dll
0x00007ff842c10000 - 0x00007ff842c32000 	C:\Xilinx\SDK\2015.4\lib\win64.o\libboost_filesystem.dll
0x00007ff8429a0000 - 0x00007ff842a14000 	C:\Xilinx\SDK\2015.4\lib\win64.o\libboost_program_options.dll
0x00007ff8397d0000 - 0x00007ff8398ca000 	C:\Xilinx\SDK\2015.4\lib\win64.o\libboost_regex.dll
0x00007ff843230000 - 0x00007ff843243000 	C:\Xilinx\SDK\2015.4\lib\win64.o\libboost_signals.dll
0x00007ff848320000 - 0x00007ff848329000 	C:\Xilinx\SDK\2015.4\lib\win64.o\libboost_system.dll
0x00007ff842520000 - 0x00007ff84253d000 	C:\Xilinx\SDK\2015.4\lib\win64.o\libboost_thread.dll
0x00007ff8444b0000 - 0x00007ff8444bb000 	C:\Xilinx\SDK\2015.4\lib\win64.o\libboost_xilinx.dll
0x00007ff8408e0000 - 0x00007ff840960000 	C:\Xilinx\SDK\2015.4\lib\win64.o\libhdlpsolve.dll
0x00007ff841840000 - 0x00007ff8418da000 	C:\Xilinx\SDK\2015.4\lib\win64.o\libhdxml.dll
0x00007ffff41b0000 - 0x00007ffff45e4e00 	C:\Xilinx\SDK\2015.4\lib\win64.o\libisl_iostreams.dll
0x00007ff8303c0000 - 0x00007ff8304f0000 	C:\Xilinx\SDK\2015.4\lib\win64.o\librdi_curl.dll
0x00007ff8422f0000 - 0x00007ff842308000 	C:\Xilinx\SDK\2015.4\lib\win64.o\librdiconfig.dll
0x00007ff8414f0000 - 0x00007ff841513000 	C:\Xilinx\SDK\2015.4\lib\win64.o\librdizlib.dll
0x0000000057e10000 - 0x0000000057f37000 	C:\Xilinx\SDK\2015.4\lib\win64.o\tcl85t.dll
0x0000000020fe0000 - 0x0000000021243000 	C:\Xilinx\SDK\2015.4\lib\win64.o\xerces-c_3_1.dll
0x00007ff83a990000 - 0x00007ff83ab52000 	C:\WINDOWS\SYSTEM32\urlmon.dll
0x00007ff81d0a0000 - 0x00007ff81d0c3000 	C:\WINDOWS\SYSTEM32\VCOMP110.DLL
0x00007ff8444c0000 - 0x00007ff8444d5000 	C:\Xilinx\SDK\2015.4\lib\win64.o\pthreadVC2.dll
0x00007ff840a20000 - 0x00007ff840a63000 	C:\Xilinx\SDK\2015.4\lib\win64.o\librdi_hdf.dll
0x00007ff81c8c0000 - 0x00007ff81cb15000 	C:\Xilinx\SDK\2015.4\lib\win64.o\librdi_ippcw.dll
0x00007ff837000000 - 0x00007ff837018000 	C:\WINDOWS\SYSTEM32\NETAPI32.dll
0x00007ff843910000 - 0x00007ff84391b000 	C:\Xilinx\SDK\2015.4\lib\win64.o\libboost_chrono.dll
0x00007ff840ed0000 - 0x00007ff840ef3000 	C:\Xilinx\SDK\2015.4\lib\win64.o\libisl_iosutils.dll
0x00007ff83db90000 - 0x00007ff83de33000 	C:\WINDOWS\SYSTEM32\iertutil.dll
0x00007ff8422d0000 - 0x00007ff8422e6000 	C:\Xilinx\SDK\2015.4\lib\win64.o\libboost_iostreams.dll
0x00007ff842b60000 - 0x00007ff842b67000 	C:\WINDOWS\SYSTEM32\msimg32.dll
0x00007ff82ad30000 - 0x00007ff82ad72000 	C:\WINDOWS\SYSTEM32\edputil.dll
0x00007ffff0f80000 - 0x00007ffff1790000 	C:\Xilinx\SDK\2015.4\lib\win64.o\libXil_lmgr11FNP.dll
0x00007ff84cac0000 - 0x00007ff84cee9000 	C:\WINDOWS\System32\SETUPAPI.dll
0x00007ff82f020000 - 0x00007ff82f02c000 	C:\WINDOWS\SYSTEM32\snmpapi.dll
0x00007ff84b660000 - 0x00007ff84b68c000 	C:\WINDOWS\SYSTEM32\SspiCli.dll
0x00007ff84a610000 - 0x00007ff84a638000 	C:\WINDOWS\SYSTEM32\DEVOBJ.dll
0x00007ff84ad70000 - 0x00007ff84ada2000 	C:\WINDOWS\SYSTEM32\ntmarta.dll
0x00007ff841df0000 - 0x00007ff841dfa000 	C:\Xilinx\SDK\2015.4\lib\win64.o\librdi_jtag_settings.dll
0x00007ff840630000 - 0x00007ff840659000 	C:\Xilinx\SDK\2015.4\lib\win64.o\librdi_debug_dialog.dll

VM Arguments:
jvm_args: -Dcom.xilinx.sdk.args.hwspec=C:/g/hdmi_out/proj/hdmi_out.sdk/hdmi_out_wrapper.hdf -Xms64m -Xmx512m & 
java_command: <unknown>
java_class_path (initial): C:\Xilinx\SDK\2015.4\eclipse\win64.o\\plugins/org.eclipse.equinox.launcher_1.3.0.v20130327-1440.jar
Launcher Type: generic

Environment Variables:
PATH=C:/Xilinx/SDK/2015.4/tps/win64/jre/bin/server;C:/Xilinx/SDK/2015.4/tps/win64/jre/bin;C:/Xilinx/SDK/2015.4/tps/win64/jre/lib/amd64;C:\Xilinx\SDK\2015.4\gnuwin\bin;C:\Xilinx\SDK\2015.4\gnu\microblaze\nt\bin;C:\Xilinx\SDK\2015.4\gnu\microblaze\linux_toolchain\nt64_le\bin;C:\Xilinx\SDK\2015.4\gnu\microblaze\linux_toolchain\nt64_be\bin;C:\Xilinx\SDK\2015.4\gnu\arm\nt\bin;C:\Xilinx\SDK\2015.4\gnu\aarch64\nt\aarch64-none\bin;C:\Xilinx\SDK\2015.4\gnu\aarch64\nt\aarch64-linux\bin;C:\Xilinx\SDK\2015.4\gnu\armr5\nt\gcc-arm-none-eabi\bin;C:\Xilinx\SDK\2015.4\gnu\aarch32\nt\gcc-arm-none-eabi\bin;C:\Xilinx\SDK\2015.4\gnu\aarch32\nt\gcc-arm-linux-gnueabi\bin;C:\Xilinx\SDK\2015.4\bin;C:\Xilinx\SDK\2015.4\lib\win64.o;C:\Xilinx\SDK\2015.4\tps\win64\jre\bin\server;C:\Xilinx\SDK\2015.4\tps\win64\jre\bin;C:\Xilinx\Vivado\2015.4\ids_lite\ISE\bin\nt64;C:\Xilinx\Vivado\2015.4\ids_lite\ISE\lib\nt64;C:\Xilinx\Vivado\2015.4\bin;C:\Xilinx\Vivado\2015.4\lib\win64.o;C:\Xilinx\Vivado\2015.4\tps\win64\jre\bin\server;C:\Xilinx\Vivado\2015.4\tps\win64\jre\bin;C:\Xilinx\Vivado_HLS\2015.4\bin;C:\WINDOWS\system32;C:\WINDOWS;C:\WINDOWS\System32\Wbem;C:\WINDOWS\System32\WindowsPowerShell\v1.0\;C:\Program Files\MATLAB\R2016b\runtime\win64;C:\Program Files\MATLAB\R2016b\bin;C:\Program Files\MiKTeX 2.9\miktex\bin\x64\;C:\Users\chan_\AppData\Local\Microsoft\WindowsApps;C:\GHDL\ghdl\bin;C:\GHDL\gtkwave\bin;c:\g\hdmi_out\proj;
USERNAME=chan_
OS=Windows_NT
PROCESSOR_IDENTIFIER=Intel64 Family 6 Model 78 Stepping 3, GenuineIntel



---------------  S Y S T E M  ---------------

OS: Windows 10.0 , 64 bit Build 14393 (10.0.14393.0)

CPU:total 4 (2 cores per cpu, 2 threads per core) family 6 model 78 stepping 3, cmov, cx8, fxsr, mmx, sse, sse2, sse3, ssse3, sse4.1, sse4.2, popcnt, avx, avx2, aes, clmul, erms, rtm, 3dnowpref, lzcnt, ht, tsc, tscinvbit, bmi1, bmi2, adx

Memory: 4k page, physical 4118636k(743280k free), swap 10242008k(1262612k free)

vm_info: Java HotSpot(TM) 64-Bit Server VM (25.45-b02) for windows-amd64 JRE (1.8.0_45-b15), built on Apr 30 2015 12:40:44 by "java_re" with MS VC++ 10.0 (VS2010)

time: Fri Mar 03 01:45:50 2017
elapsed time: 170 seconds (0d 0h 2m 50s)

