#-----------------------------------------------------------
# Vivado v2015.4 (64-bit)
# SW Build 1412921 on Wed Nov 18 09:43:45 MST 2015
# IP Build 1412160 on Tue Nov 17 13:47:24 MST 2015
# Start of session at: Mon Apr 10 08:29:35 2017
# Process ID: 2008
# Current directory: C:/axis_tut/ip_repo/inverse_color_new_1.0
# Command line: vivado.exe -gui_launcher_event rodinguilauncherevent4368 C:\axis_tut\ip_repo\inverse_color_new_1.0\tmp_edit_project.xpr
# Log file: C:/axis_tut/ip_repo/inverse_color_new_1.0/vivado.log
# Journal file: C:/axis_tut/ip_repo/inverse_color_new_1.0\vivado.jou
#-----------------------------------------------------------
start_gui
open_project C:/axis_tut/ip_repo/inverse_color_new_1.0/tmp_edit_project.xpr
Scanning sources...
Finished scanning sources
WARNING: [filemgmt 56-3] IP Repository Path: Could not find the directory 'C:/axis_tut/ip_repo/inverse_color_1.0'.
WARNING: [filemgmt 56-3] IP Repository Path: Could not find the directory 'C:/axis_tut/ip_repo/inverse_color_1.0'.
WARNING: [filemgmt 56-3] IP Repository Path: Could not find the directory 'C:/axis_tut/ip_repo/inverse_color_1.0'.
WARNING: [filemgmt 56-3] IPUserFilesDir: Could not find the directory 'C:/axis_tut/ip_repo/inverse_color_new_1.0/tmp_edit_project.ip_user_files'.
WARNING: [filemgmt 56-3] IPStaticSourceDir: Could not find the directory 'C:/axis_tut/ip_repo/inverse_color_new_1.0/tmp_edit_project.ip_user_files/ipstatic'.
INFO: [IP_Flow 19-234] Refreshing IP repositories
WARNING: [IP_Flow 19-2248] Failed to load user IP repository 'c:/axis_tut/ip_repo/inverse_color_1.0'; Can't find the specified path.
If this directory should no longer be in your list of user repositories, go to the IP Settings dialog and remove it.
INFO: [IP_Flow 19-1700] Loaded user IP repository 'c:/axis_tut/ip_repo/inverse_color_new_1.0'.
WARNING: [IP_Flow 19-2207] Repository 'c:/axis_tut/ip_repo/inverse_color_1.0' already exists; ignoring attempt to add it again.
WARNING: [IP_Flow 19-2248] Failed to load user IP repository 'c:/axis_tut/ip_repo/inverse_color_1.0'; Can't find the specified path.
If this directory should no longer be in your list of user repositories, go to the IP Settings dialog and remove it.
WARNING: [IP_Flow 19-2207] Repository 'c:/axis_tut/ip_repo/inverse_color_1.0' already exists; ignoring attempt to add it again.
WARNING: [IP_Flow 19-2248] Failed to load user IP repository 'c:/axis_tut/ip_repo/inverse_color_1.0'; Can't find the specified path.
If this directory should no longer be in your list of user repositories, go to the IP Settings dialog and remove it.
INFO: [IP_Flow 19-2313] Loaded Vivado IP repository 'C:/Xilinx/Vivado/2015.4/data/ip'.
open_project: Time (s): cpu = 00:00:14 ; elapsed = 00:00:08 . Memory (MB): peak = 793.965 ; gain = 206.559
update_compile_order -fileset sources_1
update_compile_order -fileset sources_1
ipx::package_project -root_dir C:/axis_tut/ip_repo/inverse_color_new_1.0 -vendor xilinx.com -library user -taxonomy /UserIP -force
INFO: [IP_Flow 19-2228] Inferred bus interface "m00_axis" of definition type "xilinx.com:interface:axis:1.0".
INFO: [IP_Flow 19-2228] Inferred bus interface "s00_axis" of definition type "xilinx.com:interface:axis:1.0".
INFO: [IP_Flow 19-2228] Inferred bus interface "aresetn" of definition type "xilinx.com:signal:reset:1.0".
INFO: [IP_Flow 19-2228] Inferred bus interface "aclk" of definition type "xilinx.com:signal:clock:1.0".
INFO: [IP_Flow 19-2228] Inferred bus interface "aresetn" of definition type "xilinx.com:signal:reset:1.0".
INFO: [IP_Flow 19-2228] Inferred bus interface "aclk" of definition type "xilinx.com:signal:clock:1.0".
set_property core_revision 2 [ipx::current_core]
ipx::create_xgui_files [ipx::current_core]
ipx::update_checksums [ipx::current_core]
ipx::save_core [ipx::current_core]
update_ip_catalog -rebuild -repo_path c:/axis_tut/ip_repo/inverse_color_new_1.0
INFO: [IP_Flow 19-725] Reloaded user IP repository 'c:/axis_tut/ip_repo/inverse_color_new_1.0'
open_project C:/axis_tut/tpg/proj/hdmi_out.xpr
Scanning sources...
Finished scanning sources
WARNING: [filemgmt 56-3] Board Part Repository Path: Could not find the directory '../repo/board_files'.
INFO: [IP_Flow 19-234] Refreshing IP repositories
INFO: [IP_Flow 19-1700] Loaded user IP repository 'c:/axis_tut/ip_repo'.
INFO: [IP_Flow 19-1700] Loaded user IP repository 'c:/axis_tut/tpg/repo'.
INFO: [IP_Flow 19-2313] Loaded Vivado IP repository 'C:/Xilinx/Vivado/2015.4/data/ip'.
WARNING: [BD 41-1661] One or more IPs have been locked in the design 'hdmi_out.bd'. Please run report_ip_status for more details and recommendations on how to fix this issue.
List of locked IPs:
hdmi_out_inverse_color_new_v1_0_0_0

open_project: Time (s): cpu = 00:00:18 ; elapsed = 00:00:16 . Memory (MB): peak = 879.707 ; gain = 72.164
current_project tmp_edit_project
ipx::package_project -root_dir C:/axis_tut/ip_repo/inverse_color_new_1.0 -vendor xilinx.com -library user -taxonomy /UserIP -force
INFO: [IP_Flow 19-2228] Inferred bus interface "m00_axis" of definition type "xilinx.com:interface:axis:1.0".
INFO: [IP_Flow 19-2228] Inferred bus interface "s00_axis" of definition type "xilinx.com:interface:axis:1.0".
INFO: [IP_Flow 19-2228] Inferred bus interface "aresetn" of definition type "xilinx.com:signal:reset:1.0".
INFO: [IP_Flow 19-2228] Inferred bus interface "aclk" of definition type "xilinx.com:signal:clock:1.0".
INFO: [IP_Flow 19-2228] Inferred bus interface "aresetn" of definition type "xilinx.com:signal:reset:1.0".
INFO: [IP_Flow 19-2228] Inferred bus interface "aclk" of definition type "xilinx.com:signal:clock:1.0".
set_property core_revision 2 [ipx::current_core]
ipx::create_xgui_files [ipx::current_core]
ipx::update_checksums [ipx::current_core]
ipx::save_core [ipx::current_core]
update_ip_catalog -rebuild -repo_path c:/axis_tut/ip_repo/inverse_color_new_1.0
INFO: [IP_Flow 19-725] Reloaded user IP repository 'c:/axis_tut/ip_repo/inverse_color_new_1.0'
current_project hdmi_out
open_bd_design {C:/axis_tut/tpg/proj/hdmi_out.srcs/sources_1/bd/hdmi_out/hdmi_out.bd}
Adding component instance block -- digilentinc.com:ip:axi_dynclk:1.0 - axi_dynclk_0
Adding component instance block -- digilentinc.com:ip:rgb2dvi:1.2 - rgb2dvi_0
Adding component instance block -- xilinx.com:ip:v_axi4s_vid_out:4.0 - v_axi4s_vid_out_0
Adding component instance block -- xilinx.com:ip:v_tc:6.1 - v_tc_0
Adding component instance block -- xilinx.com:ip:xlconstant:1.1 - xlconstant_0
Adding component instance block -- xilinx.com:ip:xlconstant:1.1 - xlconstant_1
Adding component instance block -- xilinx.com:ip:axi_gpio:2.0 - axi_gpio_hdmi
Adding component instance block -- xilinx.com:ip:proc_sys_reset:5.0 - proc_sys_reset_0
Adding component instance block -- xilinx.com:ip:processing_system7:5.5 - processing_system7_0
Adding component instance block -- xilinx.com:user:test_pattern_generator_v1_0:1.0 - test_pattern_generator_v1_0_0
Adding component instance block -- xilinx.com:user:inverse_color_new_v1_0:1.0 - inverse_color_new_v1_0_0
Adding component instance block -- xilinx.com:ip:axi_crossbar:2.1 - xbar
Adding component instance block -- xilinx.com:ip:axi_protocol_converter:2.1 - auto_pc
Successfully read diagram <hdmi_out> from BD file <C:/axis_tut/tpg/proj/hdmi_out.srcs/sources_1/bd/hdmi_out/hdmi_out.bd>
open_bd_design: Time (s): cpu = 00:00:15 ; elapsed = 00:00:13 . Memory (MB): peak = 1020.281 ; gain = 119.707
set_property core_revision 3 [ipx::current_core]
ipx::create_xgui_files [ipx::current_core]
ipx::update_checksums [ipx::current_core]
ipx::save_core [ipx::current_core]
current_project tmp_edit_project
update_ip_catalog -rebuild -repo_path c:/axis_tut/ip_repo/inverse_color_new_1.0
INFO: [IP_Flow 19-725] Reloaded user IP repository 'c:/axis_tut/ip_repo/inverse_color_new_1.0'
close_project
****** Webtalk v2015.4 (64-bit)
  **** SW Build 1412921 on Wed Nov 18 09:43:45 MST 2015
  **** IP Build 1412160 on Tue Nov 17 13:47:24 MST 2015
    ** Copyright 1986-2015 Xilinx, Inc. All Rights Reserved.

source C:/axis_tut/ip_repo/inverse_color_new_1.0/tmp_edit_project.hw/webtalk/labtool_webtalk.tcl -notrace
INFO: [Common 17-206] Exiting Webtalk at Mon Apr 10 16:20:49 2017...
exit
INFO: [Common 17-206] Exiting Vivado at Mon Apr 10 16:20:57 2017...
