Copyright 1986-2015 Xilinx, Inc. All Rights Reserved.
---------------------------------------------------------------------------------------------------------------------------
| Tool Version : Vivado v.2015.4 (win64) Build 1412921 Wed Nov 18 09:43:45 MST 2015
| Date         : Mon Apr 10 17:42:17 2017
| Host         : DESKTOP-AO4G6AL running 64-bit major release  (build 9200)
| Command      : report_utilization -file hdmi_out_wrapper_utilization_synth.rpt -pb hdmi_out_wrapper_utilization_synth.pb
| Design       : hdmi_out_wrapper
| Device       : 7z010clg400-1
| Design State : Synthesized
---------------------------------------------------------------------------------------------------------------------------

Utilization Design Information

Table of Contents
-----------------
1. Slice Logic
1.1 Summary of Registers by Type
2. Memory
3. DSP
4. IO and GT Specific
5. Clocking
6. Specific Feature
7. Primitives
8. Black Boxes
9. Instantiated Netlists

1. Slice Logic
--------------

+----------------------------+------+-------+-----------+-------+
|          Site Type         | Used | Fixed | Available | Util% |
+----------------------------+------+-------+-----------+-------+
| Slice LUTs*                | 4560 |     0 |     17600 | 25.91 |
|   LUT as Logic             | 4482 |     0 |     17600 | 25.47 |
|   LUT as Memory            |   78 |     0 |      6000 |  1.30 |
|     LUT as Distributed RAM |    0 |     0 |           |       |
|     LUT as Shift Register  |   78 |     0 |           |       |
| Slice Registers            | 5461 |     0 |     35200 | 15.51 |
|   Register as Flip Flop    | 5461 |     0 |     35200 | 15.51 |
|   Register as Latch        |    0 |     0 |     35200 |  0.00 |
| F7 Muxes                   |  200 |     0 |      8800 |  2.27 |
| F8 Muxes                   |    0 |     0 |      4400 |  0.00 |
+----------------------------+------+-------+-----------+-------+
* Warning! The Final LUT count, after physical optimizations and full implementation, is typically lower. Run opt_design after synthesis, if not already completed, for a more realistic count.


1.1 Summary of Registers by Type
--------------------------------

+-------+--------------+-------------+--------------+
| Total | Clock Enable | Synchronous | Asynchronous |
+-------+--------------+-------------+--------------+
| 0     |            _ |           - |            - |
| 0     |            _ |           - |          Set |
| 0     |            _ |           - |        Reset |
| 0     |            _ |         Set |            - |
| 0     |            _ |       Reset |            - |
| 0     |          Yes |           - |            - |
| 31    |          Yes |           - |          Set |
| 182   |          Yes |           - |        Reset |
| 282   |          Yes |         Set |            - |
| 4966  |          Yes |       Reset |            - |
+-------+--------------+-------------+--------------+


2. Memory
---------

+-------------------+------+-------+-----------+-------+
|     Site Type     | Used | Fixed | Available | Util% |
+-------------------+------+-------+-----------+-------+
| Block RAM Tile    |    3 |     0 |        60 |  5.00 |
|   RAMB36/FIFO*    |    3 |     0 |        60 |  5.00 |
|     RAMB36E1 only |    3 |       |           |       |
|   RAMB18          |    0 |     0 |       120 |  0.00 |
+-------------------+------+-------+-----------+-------+
* Note: Each Block RAM Tile only has one FIFO logic available and therefore can accommodate only one FIFO36E1 or one FIFO18E1. However, if a FIFO18E1 occupies a Block RAM Tile, that tile can still accommodate a RAMB18E1


3. DSP
------

+-----------+------+-------+-----------+-------+
| Site Type | Used | Fixed | Available | Util% |
+-----------+------+-------+-----------+-------+
| DSPs      |    0 |     0 |        80 |  0.00 |
+-----------+------+-------+-----------+-------+


4. IO and GT Specific
---------------------

+-----------------------------+------+-------+-----------+--------+
|          Site Type          | Used | Fixed | Available |  Util% |
+-----------------------------+------+-------+-----------+--------+
| Bonded IOB                  |   14 |     0 |       100 |  14.00 |
| Bonded IPADs                |    0 |     0 |         2 |   0.00 |
| Bonded IOPADs               |  130 |     0 |       130 | 100.00 |
| PHY_CONTROL                 |    0 |     0 |         2 |   0.00 |
| PHASER_REF                  |    0 |     0 |         2 |   0.00 |
| OUT_FIFO                    |    0 |     0 |         8 |   0.00 |
| IN_FIFO                     |    0 |     0 |         8 |   0.00 |
| IDELAYCTRL                  |    0 |     0 |         2 |   0.00 |
| IBUFGDS                     |    0 |     0 |        96 |   0.00 |
| PHASER_OUT/PHASER_OUT_PHY   |    0 |     0 |         8 |   0.00 |
| PHASER_IN/PHASER_IN_PHY     |    0 |     0 |         8 |   0.00 |
| IDELAYE2/IDELAYE2_FINEDELAY |    0 |     0 |       100 |   0.00 |
| ILOGIC                      |    0 |     0 |       100 |   0.00 |
| OLOGIC                      |    8 |     0 |       100 |   8.00 |
|   OSERDES                   |    8 |       |           |        |
+-----------------------------+------+-------+-----------+--------+


5. Clocking
-----------

+--------------+------+-------+-----------+-------+
|   Site Type  | Used | Fixed | Available | Util% |
+--------------+------+-------+-----------+-------+
| BUFGCTRL     |    2 |     0 |        32 |  6.25 |
| BUFIO        |    1 |     0 |         8 | 12.50 |
|   BUFIO only |    1 |     0 |           |       |
| MMCME2_ADV   |    1 |     0 |         2 | 50.00 |
| PLLE2_ADV    |    0 |     0 |         2 |  0.00 |
| BUFMRCE      |    0 |     0 |         4 |  0.00 |
| BUFHCE       |    0 |     0 |        48 |  0.00 |
| BUFR         |    1 |     0 |         8 | 12.50 |
+--------------+------+-------+-----------+-------+


6. Specific Feature
-------------------

+-------------+------+-------+-----------+-------+
|  Site Type  | Used | Fixed | Available | Util% |
+-------------+------+-------+-----------+-------+
| BSCANE2     |    0 |     0 |         4 |  0.00 |
| CAPTUREE2   |    0 |     0 |         1 |  0.00 |
| DNA_PORT    |    0 |     0 |         1 |  0.00 |
| EFUSE_USR   |    0 |     0 |         1 |  0.00 |
| FRAME_ECCE2 |    0 |     0 |         1 |  0.00 |
| ICAPE2      |    0 |     0 |         2 |  0.00 |
| STARTUPE2   |    0 |     0 |         1 |  0.00 |
| XADC        |    0 |     0 |         1 |  0.00 |
+-------------+------+-------+-----------+-------+


7. Primitives
-------------

+------------+------+----------------------+
|  Ref Name  | Used |  Functional Category |
+------------+------+----------------------+
| FDRE       | 4966 |         Flop & Latch |
| LUT6       | 1517 |                  LUT |
| LUT3       | 1481 |                  LUT |
| LUT5       | 1005 |                  LUT |
| LUT4       |  603 |                  LUT |
| LUT1       |  487 |                  LUT |
| LUT2       |  421 |                  LUT |
| FDSE       |  282 |         Flop & Latch |
| MUXF7      |  200 |                MuxFx |
| FDCE       |  182 |         Flop & Latch |
| CARRY4     |  164 |           CarryLogic |
| BIBUF      |  130 |                   IO |
| SRLC32E    |   47 |   Distributed Memory |
| SRL16E     |   31 |   Distributed Memory |
| FDPE       |   31 |         Flop & Latch |
| OSERDESE2  |    8 |                   IO |
| IBUF       |    5 |                   IO |
| OBUFT      |    4 |                   IO |
| OBUFDS     |    4 |                   IO |
| RAMB36E1   |    3 |         Block Memory |
| BUFG       |    2 |                Clock |
| PS7        |    1 | Specialized Resource |
| OBUF       |    1 |                   IO |
| MMCME2_ADV |    1 |                Clock |
| BUFR       |    1 |                Clock |
| BUFIO      |    1 |                Clock |
+------------+------+----------------------+


8. Black Boxes
--------------

+----------+------+
| Ref Name | Used |
+----------+------+


9. Instantiated Netlists
------------------------

+----------+------+
| Ref Name | Used |
+----------+------+


